2022-08-07 21:36:55,302 Number of positive ions:121.0
2022-08-07 21:36:55,302 Number of negative ions:121
2022-08-07 21:36:55,325 From /Library/Python/3.7/site-packages/tensorflow/python/ops/array_ops.py:1354: add_dispatch_support.<locals>.wrapper (from tensorflow.python.ops.array_ops) is deprecated and will be removed in a future version.
Instructions for updating:
Use tf.where in 2.0, which has the same broadcast rule as np.where
2022-08-07 21:36:55,443 Entity <function wrap_vectorize.<locals>.<lambda> at 0x13579f9d8> could not be transformed and will be executed as-is. Please report this to the AutgoGraph team. When filing the bug, set the verbosity to 10 (on Linux, `export AUTOGRAPH_VERBOSITY=10`) and attach the full output. Cause: converting <function wrap_vectorize.<locals>.<lambda> at 0x13579f9d8>: AttributeError: module 'gast' has no attribute 'Str'
2022-08-07 21:36:55,543 Entity <function wrap_vectorize.<locals>.<lambda> at 0x13579fa60> could not be transformed and will be executed as-is. Please report this to the AutgoGraph team. When filing the bug, set the verbosity to 10 (on Linux, `export AUTOGRAPH_VERBOSITY=10`) and attach the full output. Cause: converting <function wrap_vectorize.<locals>.<lambda> at 0x13579fa60>: AttributeError: module 'gast' has no attribute 'Str'
2022-08-07 21:36:55,587 Entity <function wrap_vectorize.<locals>.<lambda> at 0x13579fd08> could not be transformed and will be executed as-is. Please report this to the AutgoGraph team. When filing the bug, set the verbosity to 10 (on Linux, `export AUTOGRAPH_VERBOSITY=10`) and attach the full output. Cause: converting <function wrap_vectorize.<locals>.<lambda> at 0x13579fd08>: AttributeError: module 'gast' has no attribute 'Str'
2022-08-07 21:36:55,634 Entity <function wrap_vectorize.<locals>.<lambda> at 0x13579fbf8> could not be transformed and will be executed as-is. Please report this to the AutgoGraph team. When filing the bug, set the verbosity to 10 (on Linux, `export AUTOGRAPH_VERBOSITY=10`) and attach the full output. Cause: converting <function wrap_vectorize.<locals>.<lambda> at 0x13579fbf8>: AttributeError: module 'gast' has no attribute 'Str'
2022-08-07 21:36:55,694 Entity <function wrap_vectorize.<locals>.<lambda> at 0x135981ae8> could not be transformed and will be executed as-is. Please report this to the AutgoGraph team. When filing the bug, set the verbosity to 10 (on Linux, `export AUTOGRAPH_VERBOSITY=10`) and attach the full output. Cause: converting <function wrap_vectorize.<locals>.<lambda> at 0x135981ae8>: AttributeError: module 'gast' has no attribute 'Str'
2022-08-07 21:36:55,742 Entity <function wrap_vectorize.<locals>.<lambda> at 0x135981d08> could not be transformed and will be executed as-is. Please report this to the AutgoGraph team. When filing the bug, set the verbosity to 10 (on Linux, `export AUTOGRAPH_VERBOSITY=10`) and attach the full output. Cause: converting <function wrap_vectorize.<locals>.<lambda> at 0x135981d08>: AttributeError: module 'gast' has no attribute 'Str'
2022-08-07 21:36:55,828 Total_surface_charge:-0.0
charge_meshpoint:-0.0
2022-08-07 21:36:55,828 Charge density:-0.0
2022-08-07 21:36:55,828 Dielectric constant of water 80
2022-08-07 21:36:55,829 Unit length 0.55
2022-08-07 21:36:55,829 Unit of mass 3.8409999999999993e-23
2022-08-07 21:36:55,829 Unit of energy 4.114486e-14
2022-08-07 21:36:55,829 Unit time 5.314067280204312e-09
2022-08-07 21:36:55,829 Simulation box dimensions (in reduced units) x | y | z 27.27272727272727|27.27272727272727|5.454545454545454
2022-08-07 21:36:55,829 Box dimensions (in nanometers) x | y | z 15.0|15.0|3.0
2022-08-07 21:36:55,829 Permittivity inside and outside the confinement (channel) 80,80
2022-08-07 21:36:55,829 Dielectric contrast across interfaces 0.0
2022-08-07 21:36:55,829 Positive (+) ion valency 1.0
2022-08-07 21:36:55,829 Negative (-) ion valency -1.0
2022-08-07 21:36:55,829 Valency of counter ions is 1
2022-08-07 21:36:55,829 positive ion diameter (red. units) 1.0
2022-08-07 21:36:55,829 negative ion diameter (red. units) 1.0
2022-08-07 21:36:55,829 counter ion diameter (red units) 1.0
2022-08-07 21:36:55,829 In MD, charge density -0.0
2022-08-07 21:36:55,829 Ion (salt) concentration (c) inside 0.3 M
2022-08-07 21:36:55,829 Debye length 1.0096264057751894
2022-08-07 21:36:55,829 Mean separation between ions 2.555856561520452
2022-08-07 21:36:55,829 Temperature (in Kelvin) 298
2022-08-07 21:36:55,829 Binning width (uniform) 0.0500417014178482
2022-08-07 21:36:55,829 Number of bins111
2022-08-07 21:36:55,829 Number of points discretizing the left and right planar walls/interfaces/surfaces 1764 1764
2022-08-07 21:36:55,829 Number of ions 242.0
2022-08-07 21:36:55,829 Number of counter ions 0.0
2022-08-07 21:36:55,829 Time step in the simulation0.001
2022-08-07 21:36:55,837 Entity <function wrap_vectorize.<locals>.<lambda> at 0x135981ae8> could not be transformed and will be executed as-is. Please report this to the AutgoGraph team. When filing the bug, set the verbosity to 10 (on Linux, `export AUTOGRAPH_VERBOSITY=10`) and attach the full output. Cause: converting <function wrap_vectorize.<locals>.<lambda> at 0x135981ae8>: AttributeError: module 'gast' has no attribute 'Str'
2022-08-07 21:36:55,900 Entity <function wrap_vectorize.<locals>.<lambda> at 0x135a67048> could not be transformed and will be executed as-is. Please report this to the AutgoGraph team. When filing the bug, set the verbosity to 10 (on Linux, `export AUTOGRAPH_VERBOSITY=10`) and attach the full output. Cause: converting <function wrap_vectorize.<locals>.<lambda> at 0x135a67048>: AttributeError: module 'gast' has no attribute 'Str'
2022-08-07 21:36:55,938 Entity <function wrap_vectorize.<locals>.<lambda> at 0x135a676a8> could not be transformed and will be executed as-is. Please report this to the AutgoGraph team. When filing the bug, set the verbosity to 10 (on Linux, `export AUTOGRAPH_VERBOSITY=10`) and attach the full output. Cause: converting <function wrap_vectorize.<locals>.<lambda> at 0x135a676a8>: AttributeError: module 'gast' has no attribute 'Str'
2022-08-07 21:36:55,988 Entity <function wrap_vectorize.<locals>.<lambda> at 0x135a67d08> could not be transformed and will be executed as-is. Please report this to the AutgoGraph team. When filing the bug, set the verbosity to 10 (on Linux, `export AUTOGRAPH_VERBOSITY=10`) and attach the full output. Cause: converting <function wrap_vectorize.<locals>.<lambda> at 0x135a67d08>: AttributeError: module 'gast' has no attribute 'Str'
2022-08-07 21:36:56,032 Entity <function wrap_vectorize.<locals>.<lambda> at 0x135b5d6a8> could not be transformed and will be executed as-is. Please report this to the AutgoGraph team. When filing the bug, set the verbosity to 10 (on Linux, `export AUTOGRAPH_VERBOSITY=10`) and attach the full output. Cause: converting <function wrap_vectorize.<locals>.<lambda> at 0x135b5d6a8>: AttributeError: module 'gast' has no attribute 'Str'
2022-08-07 21:36:56,066 Entity <function wrap_vectorize.<locals>.<lambda> at 0x135b5d2f0> could not be transformed and will be executed as-is. Please report this to the AutgoGraph team. When filing the bug, set the verbosity to 10 (on Linux, `export AUTOGRAPH_VERBOSITY=10`) and attach the full output. Cause: converting <function wrap_vectorize.<locals>.<lambda> at 0x135b5d2f0>: AttributeError: module 'gast' has no attribute 'Str'
2022-08-07 21:36:56,343 initial KE:0.0
2022-08-07 21:36:56,399 Entity <function wrap_vectorize.<locals>.<lambda> at 0x135d171e0> could not be transformed and will be executed as-is. Please report this to the AutgoGraph team. When filing the bug, set the verbosity to 10 (on Linux, `export AUTOGRAPH_VERBOSITY=10`) and attach the full output. Cause: converting <function wrap_vectorize.<locals>.<lambda> at 0x135d171e0>: AttributeError: module 'gast' has no attribute 'Str'
2022-08-07 21:36:56,455 Entity <function wrap_vectorize.<locals>.<lambda> at 0x135d17b70> could not be transformed and will be executed as-is. Please report this to the AutgoGraph team. When filing the bug, set the verbosity to 10 (on Linux, `export AUTOGRAPH_VERBOSITY=10`) and attach the full output. Cause: converting <function wrap_vectorize.<locals>.<lambda> at 0x135d17b70>: AttributeError: module 'gast' has no attribute 'Str'
2022-08-07 21:36:56,484 Entity <function wrap_vectorize.<locals>.<lambda> at 0x135d17bf8> could not be transformed and will be executed as-is. Please report this to the AutgoGraph team. When filing the bug, set the verbosity to 10 (on Linux, `export AUTOGRAPH_VERBOSITY=10`) and attach the full output. Cause: converting <function wrap_vectorize.<locals>.<lambda> at 0x135d17bf8>: AttributeError: module 'gast' has no attribute 'Str'
2022-08-07 21:36:56,522 Entity <function wrap_vectorize.<locals>.<lambda> at 0x135e0f378> could not be transformed and will be executed as-is. Please report this to the AutgoGraph team. When filing the bug, set the verbosity to 10 (on Linux, `export AUTOGRAPH_VERBOSITY=10`) and attach the full output. Cause: converting <function wrap_vectorize.<locals>.<lambda> at 0x135e0f378>: AttributeError: module 'gast' has no attribute 'Str'
2022-08-07 21:36:56,561 Entity <function wrap_vectorize.<locals>.<lambda> at 0x135fd7400> could not be transformed and will be executed as-is. Please report this to the AutgoGraph team. When filing the bug, set the verbosity to 10 (on Linux, `export AUTOGRAPH_VERBOSITY=10`) and attach the full output. Cause: converting <function wrap_vectorize.<locals>.<lambda> at 0x135fd7400>: AttributeError: module 'gast' has no attribute 'Str'
2022-08-07 21:36:56,593 Entity <function wrap_vectorize.<locals>.<lambda> at 0x135fd7378> could not be transformed and will be executed as-is. Please report this to the AutgoGraph team. When filing the bug, set the verbosity to 10 (on Linux, `export AUTOGRAPH_VERBOSITY=10`) and attach the full output. Cause: converting <function wrap_vectorize.<locals>.<lambda> at 0x135fd7378>: AttributeError: module 'gast' has no attribute 'Str'
2022-08-07 21:36:56,776 Entity <function wrap_vectorize.<locals>.<lambda> at 0x1360c6f28> could not be transformed and will be executed as-is. Please report this to the AutgoGraph team. When filing the bug, set the verbosity to 10 (on Linux, `export AUTOGRAPH_VERBOSITY=10`) and attach the full output. Cause: converting <function wrap_vectorize.<locals>.<lambda> at 0x1360c6f28>: AttributeError: module 'gast' has no attribute 'Str'
2022-08-07 21:36:56,834 Entity <function wrap_vectorize.<locals>.<lambda> at 0x1360c6b70> could not be transformed and will be executed as-is. Please report this to the AutgoGraph team. When filing the bug, set the verbosity to 10 (on Linux, `export AUTOGRAPH_VERBOSITY=10`) and attach the full output. Cause: converting <function wrap_vectorize.<locals>.<lambda> at 0x1360c6b70>: AttributeError: module 'gast' has no attribute 'Str'
2022-08-07 21:36:56,867 Entity <function wrap_vectorize.<locals>.<lambda> at 0x1360c6378> could not be transformed and will be executed as-is. Please report this to the AutgoGraph team. When filing the bug, set the verbosity to 10 (on Linux, `export AUTOGRAPH_VERBOSITY=10`) and attach the full output. Cause: converting <function wrap_vectorize.<locals>.<lambda> at 0x1360c6378>: AttributeError: module 'gast' has no attribute 'Str'
2022-08-07 21:36:56,907 Entity <function wrap_vectorize.<locals>.<lambda> at 0x1360c6378> could not be transformed and will be executed as-is. Please report this to the AutgoGraph team. When filing the bug, set the verbosity to 10 (on Linux, `export AUTOGRAPH_VERBOSITY=10`) and attach the full output. Cause: converting <function wrap_vectorize.<locals>.<lambda> at 0x1360c6378>: AttributeError: module 'gast' has no attribute 'Str'
2022-08-07 21:36:56,947 Entity <function wrap_vectorize.<locals>.<lambda> at 0x13636f620> could not be transformed and will be executed as-is. Please report this to the AutgoGraph team. When filing the bug, set the verbosity to 10 (on Linux, `export AUTOGRAPH_VERBOSITY=10`) and attach the full output. Cause: converting <function wrap_vectorize.<locals>.<lambda> at 0x13636f620>: AttributeError: module 'gast' has no attribute 'Str'
2022-08-07 21:36:56,979 Entity <function wrap_vectorize.<locals>.<lambda> at 0x13636f620> could not be transformed and will be executed as-is. Please report this to the AutgoGraph team. When filing the bug, set the verbosity to 10 (on Linux, `export AUTOGRAPH_VERBOSITY=10`) and attach the full output. Cause: converting <function wrap_vectorize.<locals>.<lambda> at 0x13636f620>: AttributeError: module 'gast' has no attribute 'Str'
2022-08-07 21:36:57,202 Entity <function wrap_vectorize.<locals>.<lambda> at 0x1364269d8> could not be transformed and will be executed as-is. Please report this to the AutgoGraph team. When filing the bug, set the verbosity to 10 (on Linux, `export AUTOGRAPH_VERBOSITY=10`) and attach the full output. Cause: converting <function wrap_vectorize.<locals>.<lambda> at 0x1364269d8>: AttributeError: module 'gast' has no attribute 'Str'
2022-08-07 21:36:57,258 Entity <function wrap_vectorize.<locals>.<lambda> at 0x136426620> could not be transformed and will be executed as-is. Please report this to the AutgoGraph team. When filing the bug, set the verbosity to 10 (on Linux, `export AUTOGRAPH_VERBOSITY=10`) and attach the full output. Cause: converting <function wrap_vectorize.<locals>.<lambda> at 0x136426620>: AttributeError: module 'gast' has no attribute 'Str'
2022-08-07 21:36:57,288 Entity <function wrap_vectorize.<locals>.<lambda> at 0x1364260d0> could not be transformed and will be executed as-is. Please report this to the AutgoGraph team. When filing the bug, set the verbosity to 10 (on Linux, `export AUTOGRAPH_VERBOSITY=10`) and attach the full output. Cause: converting <function wrap_vectorize.<locals>.<lambda> at 0x1364260d0>: AttributeError: module 'gast' has no attribute 'Str'
2022-08-07 21:36:57,326 Entity <function wrap_vectorize.<locals>.<lambda> at 0x1364260d0> could not be transformed and will be executed as-is. Please report this to the AutgoGraph team. When filing the bug, set the verbosity to 10 (on Linux, `export AUTOGRAPH_VERBOSITY=10`) and attach the full output. Cause: converting <function wrap_vectorize.<locals>.<lambda> at 0x1364260d0>: AttributeError: module 'gast' has no attribute 'Str'
2022-08-07 21:36:57,376 Entity <function wrap_vectorize.<locals>.<lambda> at 0x1366c7510> could not be transformed and will be executed as-is. Please report this to the AutgoGraph team. When filing the bug, set the verbosity to 10 (on Linux, `export AUTOGRAPH_VERBOSITY=10`) and attach the full output. Cause: converting <function wrap_vectorize.<locals>.<lambda> at 0x1366c7510>: AttributeError: module 'gast' has no attribute 'Str'
2022-08-07 21:36:57,417 Entity <function wrap_vectorize.<locals>.<lambda> at 0x1366c7510> could not be transformed and will be executed as-is. Please report this to the AutgoGraph team. When filing the bug, set the verbosity to 10 (on Linux, `export AUTOGRAPH_VERBOSITY=10`) and attach the full output. Cause: converting <function wrap_vectorize.<locals>.<lambda> at 0x1366c7510>: AttributeError: module 'gast' has no attribute 'Str'
2022-08-07 21:36:57,618 Entity <function wrap_vectorize.<locals>.<lambda> at 0x136774d90> could not be transformed and will be executed as-is. Please report this to the AutgoGraph team. When filing the bug, set the verbosity to 10 (on Linux, `export AUTOGRAPH_VERBOSITY=10`) and attach the full output. Cause: converting <function wrap_vectorize.<locals>.<lambda> at 0x136774d90>: AttributeError: module 'gast' has no attribute 'Str'
2022-08-07 21:36:57,690 Entity <function wrap_vectorize.<locals>.<lambda> at 0x136774950> could not be transformed and will be executed as-is. Please report this to the AutgoGraph team. When filing the bug, set the verbosity to 10 (on Linux, `export AUTOGRAPH_VERBOSITY=10`) and attach the full output. Cause: converting <function wrap_vectorize.<locals>.<lambda> at 0x136774950>: AttributeError: module 'gast' has no attribute 'Str'
2022-08-07 21:36:57,729 Entity <function wrap_vectorize.<locals>.<lambda> at 0x136774400> could not be transformed and will be executed as-is. Please report this to the AutgoGraph team. When filing the bug, set the verbosity to 10 (on Linux, `export AUTOGRAPH_VERBOSITY=10`) and attach the full output. Cause: converting <function wrap_vectorize.<locals>.<lambda> at 0x136774400>: AttributeError: module 'gast' has no attribute 'Str'
2022-08-07 21:36:57,783 Entity <function wrap_vectorize.<locals>.<lambda> at 0x136774400> could not be transformed and will be executed as-is. Please report this to the AutgoGraph team. When filing the bug, set the verbosity to 10 (on Linux, `export AUTOGRAPH_VERBOSITY=10`) and attach the full output. Cause: converting <function wrap_vectorize.<locals>.<lambda> at 0x136774400>: AttributeError: module 'gast' has no attribute 'Str'
2022-08-07 21:36:57,830 Entity <function wrap_vectorize.<locals>.<lambda> at 0x136a38400> could not be transformed and will be executed as-is. Please report this to the AutgoGraph team. When filing the bug, set the verbosity to 10 (on Linux, `export AUTOGRAPH_VERBOSITY=10`) and attach the full output. Cause: converting <function wrap_vectorize.<locals>.<lambda> at 0x136a38400>: AttributeError: module 'gast' has no attribute 'Str'
2022-08-07 21:36:57,879 Entity <function wrap_vectorize.<locals>.<lambda> at 0x136a38400> could not be transformed and will be executed as-is. Please report this to the AutgoGraph team. When filing the bug, set the verbosity to 10 (on Linux, `export AUTOGRAPH_VERBOSITY=10`) and attach the full output. Cause: converting <function wrap_vectorize.<locals>.<lambda> at 0x136a38400>: AttributeError: module 'gast' has no attribute 'Str'
2022-08-07 21:36:58,092 Entity <function wrap_vectorize.<locals>.<lambda> at 0x136ad4c80> could not be transformed and will be executed as-is. Please report this to the AutgoGraph team. When filing the bug, set the verbosity to 10 (on Linux, `export AUTOGRAPH_VERBOSITY=10`) and attach the full output. Cause: converting <function wrap_vectorize.<locals>.<lambda> at 0x136ad4c80>: AttributeError: module 'gast' has no attribute 'Str'
2022-08-07 21:36:58,180 Entity <function wrap_vectorize.<locals>.<lambda> at 0x136ad4f28> could not be transformed and will be executed as-is. Please report this to the AutgoGraph team. When filing the bug, set the verbosity to 10 (on Linux, `export AUTOGRAPH_VERBOSITY=10`) and attach the full output. Cause: converting <function wrap_vectorize.<locals>.<lambda> at 0x136ad4f28>: AttributeError: module 'gast' has no attribute 'Str'
2022-08-07 21:36:58,224 Entity <function wrap_vectorize.<locals>.<lambda> at 0x136ad4400> could not be transformed and will be executed as-is. Please report this to the AutgoGraph team. When filing the bug, set the verbosity to 10 (on Linux, `export AUTOGRAPH_VERBOSITY=10`) and attach the full output. Cause: converting <function wrap_vectorize.<locals>.<lambda> at 0x136ad4400>: AttributeError: module 'gast' has no attribute 'Str'
2022-08-07 21:36:58,283 Entity <function wrap_vectorize.<locals>.<lambda> at 0x136ad4400> could not be transformed and will be executed as-is. Please report this to the AutgoGraph team. When filing the bug, set the verbosity to 10 (on Linux, `export AUTOGRAPH_VERBOSITY=10`) and attach the full output. Cause: converting <function wrap_vectorize.<locals>.<lambda> at 0x136ad4400>: AttributeError: module 'gast' has no attribute 'Str'
2022-08-07 21:36:58,338 Entity <function wrap_vectorize.<locals>.<lambda> at 0x136db0488> could not be transformed and will be executed as-is. Please report this to the AutgoGraph team. When filing the bug, set the verbosity to 10 (on Linux, `export AUTOGRAPH_VERBOSITY=10`) and attach the full output. Cause: converting <function wrap_vectorize.<locals>.<lambda> at 0x136db0488>: AttributeError: module 'gast' has no attribute 'Str'
2022-08-07 21:36:58,393 Entity <function wrap_vectorize.<locals>.<lambda> at 0x136db0488> could not be transformed and will be executed as-is. Please report this to the AutgoGraph team. When filing the bug, set the verbosity to 10 (on Linux, `export AUTOGRAPH_VERBOSITY=10`) and attach the full output. Cause: converting <function wrap_vectorize.<locals>.<lambda> at 0x136db0488>: AttributeError: module 'gast' has no attribute 'Str'
2022-08-07 21:36:58,660 Entity <function wrap_vectorize.<locals>.<lambda> at 0x136e33840> could not be transformed and will be executed as-is. Please report this to the AutgoGraph team. When filing the bug, set the verbosity to 10 (on Linux, `export AUTOGRAPH_VERBOSITY=10`) and attach the full output. Cause: converting <function wrap_vectorize.<locals>.<lambda> at 0x136e33840>: AttributeError: module 'gast' has no attribute 'Str'
2022-08-07 21:36:58,727 Entity <function wrap_vectorize.<locals>.<lambda> at 0x136e33f28> could not be transformed and will be executed as-is. Please report this to the AutgoGraph team. When filing the bug, set the verbosity to 10 (on Linux, `export AUTOGRAPH_VERBOSITY=10`) and attach the full output. Cause: converting <function wrap_vectorize.<locals>.<lambda> at 0x136e33f28>: AttributeError: module 'gast' has no attribute 'Str'
2022-08-07 21:36:58,757 Entity <function wrap_vectorize.<locals>.<lambda> at 0x136e33e18> could not be transformed and will be executed as-is. Please report this to the AutgoGraph team. When filing the bug, set the verbosity to 10 (on Linux, `export AUTOGRAPH_VERBOSITY=10`) and attach the full output. Cause: converting <function wrap_vectorize.<locals>.<lambda> at 0x136e33e18>: AttributeError: module 'gast' has no attribute 'Str'
2022-08-07 21:36:58,796 Entity <function wrap_vectorize.<locals>.<lambda> at 0x136e33e18> could not be transformed and will be executed as-is. Please report this to the AutgoGraph team. When filing the bug, set the verbosity to 10 (on Linux, `export AUTOGRAPH_VERBOSITY=10`) and attach the full output. Cause: converting <function wrap_vectorize.<locals>.<lambda> at 0x136e33e18>: AttributeError: module 'gast' has no attribute 'Str'
2022-08-07 21:36:58,840 Entity <function wrap_vectorize.<locals>.<lambda> at 0x137119378> could not be transformed and will be executed as-is. Please report this to the AutgoGraph team. When filing the bug, set the verbosity to 10 (on Linux, `export AUTOGRAPH_VERBOSITY=10`) and attach the full output. Cause: converting <function wrap_vectorize.<locals>.<lambda> at 0x137119378>: AttributeError: module 'gast' has no attribute 'Str'
2022-08-07 21:36:58,891 Entity <function wrap_vectorize.<locals>.<lambda> at 0x137119378> could not be transformed and will be executed as-is. Please report this to the AutgoGraph team. When filing the bug, set the verbosity to 10 (on Linux, `export AUTOGRAPH_VERBOSITY=10`) and attach the full output. Cause: converting <function wrap_vectorize.<locals>.<lambda> at 0x137119378>: AttributeError: module 'gast' has no attribute 'Str'
2022-08-07 21:36:59,093 Entity <function wrap_vectorize.<locals>.<lambda> at 0x13718e730> could not be transformed and will be executed as-is. Please report this to the AutgoGraph team. When filing the bug, set the verbosity to 10 (on Linux, `export AUTOGRAPH_VERBOSITY=10`) and attach the full output. Cause: converting <function wrap_vectorize.<locals>.<lambda> at 0x13718e730>: AttributeError: module 'gast' has no attribute 'Str'
2022-08-07 21:36:59,161 Entity <function wrap_vectorize.<locals>.<lambda> at 0x13718eea0> could not be transformed and will be executed as-is. Please report this to the AutgoGraph team. When filing the bug, set the verbosity to 10 (on Linux, `export AUTOGRAPH_VERBOSITY=10`) and attach the full output. Cause: converting <function wrap_vectorize.<locals>.<lambda> at 0x13718eea0>: AttributeError: module 'gast' has no attribute 'Str'
2022-08-07 21:36:59,192 Entity <function wrap_vectorize.<locals>.<lambda> at 0x13718e7b8> could not be transformed and will be executed as-is. Please report this to the AutgoGraph team. When filing the bug, set the verbosity to 10 (on Linux, `export AUTOGRAPH_VERBOSITY=10`) and attach the full output. Cause: converting <function wrap_vectorize.<locals>.<lambda> at 0x13718e7b8>: AttributeError: module 'gast' has no attribute 'Str'
2022-08-07 21:36:59,231 Entity <function wrap_vectorize.<locals>.<lambda> at 0x13718e7b8> could not be transformed and will be executed as-is. Please report this to the AutgoGraph team. When filing the bug, set the verbosity to 10 (on Linux, `export AUTOGRAPH_VERBOSITY=10`) and attach the full output. Cause: converting <function wrap_vectorize.<locals>.<lambda> at 0x13718e7b8>: AttributeError: module 'gast' has no attribute 'Str'
2022-08-07 21:36:59,272 Entity <function wrap_vectorize.<locals>.<lambda> at 0x13748d268> could not be transformed and will be executed as-is. Please report this to the AutgoGraph team. When filing the bug, set the verbosity to 10 (on Linux, `export AUTOGRAPH_VERBOSITY=10`) and attach the full output. Cause: converting <function wrap_vectorize.<locals>.<lambda> at 0x13748d268>: AttributeError: module 'gast' has no attribute 'Str'
2022-08-07 21:36:59,305 Entity <function wrap_vectorize.<locals>.<lambda> at 0x13748d268> could not be transformed and will be executed as-is. Please report this to the AutgoGraph team. When filing the bug, set the verbosity to 10 (on Linux, `export AUTOGRAPH_VERBOSITY=10`) and attach the full output. Cause: converting <function wrap_vectorize.<locals>.<lambda> at 0x13748d268>: AttributeError: module 'gast' has no attribute 'Str'
2022-08-07 21:36:59,465 Entity <function wrap_vectorize.<locals>.<lambda> at 0x13748da60> could not be transformed and will be executed as-is. Please report this to the AutgoGraph team. When filing the bug, set the verbosity to 10 (on Linux, `export AUTOGRAPH_VERBOSITY=10`) and attach the full output. Cause: converting <function wrap_vectorize.<locals>.<lambda> at 0x13748da60>: AttributeError: module 'gast' has no attribute 'Str'
2022-08-07 21:36:59,522 Entity <function wrap_vectorize.<locals>.<lambda> at 0x1374ecd90> could not be transformed and will be executed as-is. Please report this to the AutgoGraph team. When filing the bug, set the verbosity to 10 (on Linux, `export AUTOGRAPH_VERBOSITY=10`) and attach the full output. Cause: converting <function wrap_vectorize.<locals>.<lambda> at 0x1374ecd90>: AttributeError: module 'gast' has no attribute 'Str'
2022-08-07 21:36:59,551 Entity <function wrap_vectorize.<locals>.<lambda> at 0x1374ec6a8> could not be transformed and will be executed as-is. Please report this to the AutgoGraph team. When filing the bug, set the verbosity to 10 (on Linux, `export AUTOGRAPH_VERBOSITY=10`) and attach the full output. Cause: converting <function wrap_vectorize.<locals>.<lambda> at 0x1374ec6a8>: AttributeError: module 'gast' has no attribute 'Str'
2022-08-07 21:36:59,591 Entity <function wrap_vectorize.<locals>.<lambda> at 0x1374ec6a8> could not be transformed and will be executed as-is. Please report this to the AutgoGraph team. When filing the bug, set the verbosity to 10 (on Linux, `export AUTOGRAPH_VERBOSITY=10`) and attach the full output. Cause: converting <function wrap_vectorize.<locals>.<lambda> at 0x1374ec6a8>: AttributeError: module 'gast' has no attribute 'Str'
2022-08-07 21:36:59,631 Entity <function wrap_vectorize.<locals>.<lambda> at 0x1377eb158> could not be transformed and will be executed as-is. Please report this to the AutgoGraph team. When filing the bug, set the verbosity to 10 (on Linux, `export AUTOGRAPH_VERBOSITY=10`) and attach the full output. Cause: converting <function wrap_vectorize.<locals>.<lambda> at 0x1377eb158>: AttributeError: module 'gast' has no attribute 'Str'
2022-08-07 21:36:59,664 Entity <function wrap_vectorize.<locals>.<lambda> at 0x1377eb158> could not be transformed and will be executed as-is. Please report this to the AutgoGraph team. When filing the bug, set the verbosity to 10 (on Linux, `export AUTOGRAPH_VERBOSITY=10`) and attach the full output. Cause: converting <function wrap_vectorize.<locals>.<lambda> at 0x1377eb158>: AttributeError: module 'gast' has no attribute 'Str'
2022-08-07 21:36:59,821 Entity <function wrap_vectorize.<locals>.<lambda> at 0x1377eb9d8> could not be transformed and will be executed as-is. Please report this to the AutgoGraph team. When filing the bug, set the verbosity to 10 (on Linux, `export AUTOGRAPH_VERBOSITY=10`) and attach the full output. Cause: converting <function wrap_vectorize.<locals>.<lambda> at 0x1377eb9d8>: AttributeError: module 'gast' has no attribute 'Str'
2022-08-07 21:36:59,881 Entity <function wrap_vectorize.<locals>.<lambda> at 0x137856c80> could not be transformed and will be executed as-is. Please report this to the AutgoGraph team. When filing the bug, set the verbosity to 10 (on Linux, `export AUTOGRAPH_VERBOSITY=10`) and attach the full output. Cause: converting <function wrap_vectorize.<locals>.<lambda> at 0x137856c80>: AttributeError: module 'gast' has no attribute 'Str'
2022-08-07 21:36:59,912 Entity <function wrap_vectorize.<locals>.<lambda> at 0x137856ea0> could not be transformed and will be executed as-is. Please report this to the AutgoGraph team. When filing the bug, set the verbosity to 10 (on Linux, `export AUTOGRAPH_VERBOSITY=10`) and attach the full output. Cause: converting <function wrap_vectorize.<locals>.<lambda> at 0x137856ea0>: AttributeError: module 'gast' has no attribute 'Str'
2022-08-07 21:37:00,015 Entity <function wrap_vectorize.<locals>.<lambda> at 0x137856ea0> could not be transformed and will be executed as-is. Please report this to the AutgoGraph team. When filing the bug, set the verbosity to 10 (on Linux, `export AUTOGRAPH_VERBOSITY=10`) and attach the full output. Cause: converting <function wrap_vectorize.<locals>.<lambda> at 0x137856ea0>: AttributeError: module 'gast' has no attribute 'Str'
2022-08-07 21:37:00,066 Entity <function wrap_vectorize.<locals>.<lambda> at 0x137b4f158> could not be transformed and will be executed as-is. Please report this to the AutgoGraph team. When filing the bug, set the verbosity to 10 (on Linux, `export AUTOGRAPH_VERBOSITY=10`) and attach the full output. Cause: converting <function wrap_vectorize.<locals>.<lambda> at 0x137b4f158>: AttributeError: module 'gast' has no attribute 'Str'
2022-08-07 21:37:00,110 Entity <function wrap_vectorize.<locals>.<lambda> at 0x137b4f158> could not be transformed and will be executed as-is. Please report this to the AutgoGraph team. When filing the bug, set the verbosity to 10 (on Linux, `export AUTOGRAPH_VERBOSITY=10`) and attach the full output. Cause: converting <function wrap_vectorize.<locals>.<lambda> at 0x137b4f158>: AttributeError: module 'gast' has no attribute 'Str'
2022-08-07 21:37:00,292 Entity <function wrap_vectorize.<locals>.<lambda> at 0x137b4f840> could not be transformed and will be executed as-is. Please report this to the AutgoGraph team. When filing the bug, set the verbosity to 10 (on Linux, `export AUTOGRAPH_VERBOSITY=10`) and attach the full output. Cause: converting <function wrap_vectorize.<locals>.<lambda> at 0x137b4f840>: AttributeError: module 'gast' has no attribute 'Str'
2022-08-07 21:37:00,357 Entity <function wrap_vectorize.<locals>.<lambda> at 0x137bc1b70> could not be transformed and will be executed as-is. Please report this to the AutgoGraph team. When filing the bug, set the verbosity to 10 (on Linux, `export AUTOGRAPH_VERBOSITY=10`) and attach the full output. Cause: converting <function wrap_vectorize.<locals>.<lambda> at 0x137bc1b70>: AttributeError: module 'gast' has no attribute 'Str'
2022-08-07 21:37:00,393 Entity <function wrap_vectorize.<locals>.<lambda> at 0x137bc1d90> could not be transformed and will be executed as-is. Please report this to the AutgoGraph team. When filing the bug, set the verbosity to 10 (on Linux, `export AUTOGRAPH_VERBOSITY=10`) and attach the full output. Cause: converting <function wrap_vectorize.<locals>.<lambda> at 0x137bc1d90>: AttributeError: module 'gast' has no attribute 'Str'
2022-08-07 21:37:00,434 Entity <function wrap_vectorize.<locals>.<lambda> at 0x137bc1d90> could not be transformed and will be executed as-is. Please report this to the AutgoGraph team. When filing the bug, set the verbosity to 10 (on Linux, `export AUTOGRAPH_VERBOSITY=10`) and attach the full output. Cause: converting <function wrap_vectorize.<locals>.<lambda> at 0x137bc1d90>: AttributeError: module 'gast' has no attribute 'Str'
2022-08-07 21:37:00,475 Entity <function wrap_vectorize.<locals>.<lambda> at 0x137ebb048> could not be transformed and will be executed as-is. Please report this to the AutgoGraph team. When filing the bug, set the verbosity to 10 (on Linux, `export AUTOGRAPH_VERBOSITY=10`) and attach the full output. Cause: converting <function wrap_vectorize.<locals>.<lambda> at 0x137ebb048>: AttributeError: module 'gast' has no attribute 'Str'
2022-08-07 21:37:00,510 Entity <function wrap_vectorize.<locals>.<lambda> at 0x137ebb378> could not be transformed and will be executed as-is. Please report this to the AutgoGraph team. When filing the bug, set the verbosity to 10 (on Linux, `export AUTOGRAPH_VERBOSITY=10`) and attach the full output. Cause: converting <function wrap_vectorize.<locals>.<lambda> at 0x137ebb378>: AttributeError: module 'gast' has no attribute 'Str'
2022-08-07 21:37:00,684 Entity <function wrap_vectorize.<locals>.<lambda> at 0x137f41488> could not be transformed and will be executed as-is. Please report this to the AutgoGraph team. When filing the bug, set the verbosity to 10 (on Linux, `export AUTOGRAPH_VERBOSITY=10`) and attach the full output. Cause: converting <function wrap_vectorize.<locals>.<lambda> at 0x137f41488>: AttributeError: module 'gast' has no attribute 'Str'
2022-08-07 21:37:00,714 Entity <function wrap_vectorize.<locals>.<lambda> at 0x137f41598> could not be transformed and will be executed as-is. Please report this to the AutgoGraph team. When filing the bug, set the verbosity to 10 (on Linux, `export AUTOGRAPH_VERBOSITY=10`) and attach the full output. Cause: converting <function wrap_vectorize.<locals>.<lambda> at 0x137f41598>: AttributeError: module 'gast' has no attribute 'Str'
2022-08-07 21:37:00,803 Entity <function wrap_vectorize.<locals>.<lambda> at 0x1381fb2f0> could not be transformed and will be executed as-is. Please report this to the AutgoGraph team. When filing the bug, set the verbosity to 10 (on Linux, `export AUTOGRAPH_VERBOSITY=10`) and attach the full output. Cause: converting <function wrap_vectorize.<locals>.<lambda> at 0x1381fb2f0>: AttributeError: module 'gast' has no attribute 'Str'
2022-08-07 21:37:00,851 Entity <function wrap_vectorize.<locals>.<lambda> at 0x1381fb268> could not be transformed and will be executed as-is. Please report this to the AutgoGraph team. When filing the bug, set the verbosity to 10 (on Linux, `export AUTOGRAPH_VERBOSITY=10`) and attach the full output. Cause: converting <function wrap_vectorize.<locals>.<lambda> at 0x1381fb268>: AttributeError: module 'gast' has no attribute 'Str'
2022-08-07 21:37:00,885 Entity <function wrap_vectorize.<locals>.<lambda> at 0x1381fb598> could not be transformed and will be executed as-is. Please report this to the AutgoGraph team. When filing the bug, set the verbosity to 10 (on Linux, `export AUTOGRAPH_VERBOSITY=10`) and attach the full output. Cause: converting <function wrap_vectorize.<locals>.<lambda> at 0x1381fb598>: AttributeError: module 'gast' has no attribute 'Str'
2022-08-07 21:37:00,927 Entity <function wrap_vectorize.<locals>.<lambda> at 0x1381fbc80> could not be transformed and will be executed as-is. Please report this to the AutgoGraph team. When filing the bug, set the verbosity to 10 (on Linux, `export AUTOGRAPH_VERBOSITY=10`) and attach the full output. Cause: converting <function wrap_vectorize.<locals>.<lambda> at 0x1381fbc80>: AttributeError: module 'gast' has no attribute 'Str'
2022-08-07 21:37:01,726 
 Running MD Simulation for 100 steps
2022-08-07 21:37:09,086 Number of density samples used:9
2022-08-07 21:37:09,160 Number of positive ions:216.0
2022-08-07 21:37:09,160 Number of negative ions:216
2022-08-07 21:37:09,259 Entity <function wrap_vectorize.<locals>.<lambda> at 0x13579f8c8> could not be transformed and will be executed as-is. Please report this to the AutgoGraph team. When filing the bug, set the verbosity to 10 (on Linux, `export AUTOGRAPH_VERBOSITY=10`) and attach the full output. Cause: converting <function wrap_vectorize.<locals>.<lambda> at 0x13579f8c8>: AttributeError: module 'gast' has no attribute 'Str'
2022-08-07 21:37:09,317 Entity <function wrap_vectorize.<locals>.<lambda> at 0x13870ee18> could not be transformed and will be executed as-is. Please report this to the AutgoGraph team. When filing the bug, set the verbosity to 10 (on Linux, `export AUTOGRAPH_VERBOSITY=10`) and attach the full output. Cause: converting <function wrap_vectorize.<locals>.<lambda> at 0x13870ee18>: AttributeError: module 'gast' has no attribute 'Str'
2022-08-07 21:37:09,352 Entity <function wrap_vectorize.<locals>.<lambda> at 0x13870eea0> could not be transformed and will be executed as-is. Please report this to the AutgoGraph team. When filing the bug, set the verbosity to 10 (on Linux, `export AUTOGRAPH_VERBOSITY=10`) and attach the full output. Cause: converting <function wrap_vectorize.<locals>.<lambda> at 0x13870eea0>: AttributeError: module 'gast' has no attribute 'Str'
2022-08-07 21:37:09,392 Entity <function wrap_vectorize.<locals>.<lambda> at 0x13870e8c8> could not be transformed and will be executed as-is. Please report this to the AutgoGraph team. When filing the bug, set the verbosity to 10 (on Linux, `export AUTOGRAPH_VERBOSITY=10`) and attach the full output. Cause: converting <function wrap_vectorize.<locals>.<lambda> at 0x13870e8c8>: AttributeError: module 'gast' has no attribute 'Str'
2022-08-07 21:37:09,438 Entity <function wrap_vectorize.<locals>.<lambda> at 0x13884e6a8> could not be transformed and will be executed as-is. Please report this to the AutgoGraph team. When filing the bug, set the verbosity to 10 (on Linux, `export AUTOGRAPH_VERBOSITY=10`) and attach the full output. Cause: converting <function wrap_vectorize.<locals>.<lambda> at 0x13884e6a8>: AttributeError: module 'gast' has no attribute 'Str'
2022-08-07 21:37:09,473 Entity <function wrap_vectorize.<locals>.<lambda> at 0x13884ec80> could not be transformed and will be executed as-is. Please report this to the AutgoGraph team. When filing the bug, set the verbosity to 10 (on Linux, `export AUTOGRAPH_VERBOSITY=10`) and attach the full output. Cause: converting <function wrap_vectorize.<locals>.<lambda> at 0x13884ec80>: AttributeError: module 'gast' has no attribute 'Str'
2022-08-07 21:37:09,546 Total_surface_charge:-0.0
charge_meshpoint:-0.0
2022-08-07 21:37:09,546 Charge density:-0.0
2022-08-07 21:37:09,546 Dielectric constant of water 80
2022-08-07 21:37:09,546 Unit length 0.55
2022-08-07 21:37:09,546 Unit of mass 3.8409999999999993e-23
2022-08-07 21:37:09,546 Unit of energy 4.114486e-14
2022-08-07 21:37:09,546 Unit time 5.314067280204312e-09
2022-08-07 21:37:09,546 Simulation box dimensions (in reduced units) x | y | z 27.27272727272727|27.27272727272727|7.2727272727272725
2022-08-07 21:37:09,546 Box dimensions (in nanometers) x | y | z 15.0|15.0|4.0
2022-08-07 21:37:09,546 Permittivity inside and outside the confinement (channel) 80,80
2022-08-07 21:37:09,546 Dielectric contrast across interfaces 0.0
2022-08-07 21:37:09,546 Positive (+) ion valency 1.0
2022-08-07 21:37:09,546 Negative (-) ion valency -1.0
2022-08-07 21:37:09,546 Valency of counter ions is 1
2022-08-07 21:37:09,546 positive ion diameter (red. units) 1.0
2022-08-07 21:37:09,546 negative ion diameter (red. units) 1.0
2022-08-07 21:37:09,546 counter ion diameter (red units) 1.0
2022-08-07 21:37:09,546 In MD, charge density -0.0
2022-08-07 21:37:09,546 Ion (salt) concentration (c) inside 0.4 M
2022-08-07 21:37:09,546 Debye length 0.8743621157328897
2022-08-07 21:37:09,546 Mean separation between ions 2.322149795131979
2022-08-07 21:37:09,547 Temperature (in Kelvin) 298
2022-08-07 21:37:09,547 Binning width (uniform) 0.050156739811912224
2022-08-07 21:37:09,547 Number of bins147
2022-08-07 21:37:09,547 Number of points discretizing the left and right planar walls/interfaces/surfaces 1764 1764
2022-08-07 21:37:09,547 Number of ions 432.0
2022-08-07 21:37:09,547 Number of counter ions 0.0
2022-08-07 21:37:09,547 Time step in the simulation0.001
2022-08-07 21:37:09,554 Entity <function wrap_vectorize.<locals>.<lambda> at 0x13884ec80> could not be transformed and will be executed as-is. Please report this to the AutgoGraph team. When filing the bug, set the verbosity to 10 (on Linux, `export AUTOGRAPH_VERBOSITY=10`) and attach the full output. Cause: converting <function wrap_vectorize.<locals>.<lambda> at 0x13884ec80>: AttributeError: module 'gast' has no attribute 'Str'
2022-08-07 21:37:09,614 Entity <function wrap_vectorize.<locals>.<lambda> at 0x13884ec80> could not be transformed and will be executed as-is. Please report this to the AutgoGraph team. When filing the bug, set the verbosity to 10 (on Linux, `export AUTOGRAPH_VERBOSITY=10`) and attach the full output. Cause: converting <function wrap_vectorize.<locals>.<lambda> at 0x13884ec80>: AttributeError: module 'gast' has no attribute 'Str'
2022-08-07 21:37:09,645 Entity <function wrap_vectorize.<locals>.<lambda> at 0x13884e8c8> could not be transformed and will be executed as-is. Please report this to the AutgoGraph team. When filing the bug, set the verbosity to 10 (on Linux, `export AUTOGRAPH_VERBOSITY=10`) and attach the full output. Cause: converting <function wrap_vectorize.<locals>.<lambda> at 0x13884e8c8>: AttributeError: module 'gast' has no attribute 'Str'
2022-08-07 21:37:09,684 Entity <function wrap_vectorize.<locals>.<lambda> at 0x138c44d08> could not be transformed and will be executed as-is. Please report this to the AutgoGraph team. When filing the bug, set the verbosity to 10 (on Linux, `export AUTOGRAPH_VERBOSITY=10`) and attach the full output. Cause: converting <function wrap_vectorize.<locals>.<lambda> at 0x138c44d08>: AttributeError: module 'gast' has no attribute 'Str'
2022-08-07 21:37:09,725 Entity <function wrap_vectorize.<locals>.<lambda> at 0x138c44bf8> could not be transformed and will be executed as-is. Please report this to the AutgoGraph team. When filing the bug, set the verbosity to 10 (on Linux, `export AUTOGRAPH_VERBOSITY=10`) and attach the full output. Cause: converting <function wrap_vectorize.<locals>.<lambda> at 0x138c44bf8>: AttributeError: module 'gast' has no attribute 'Str'
2022-08-07 21:37:09,763 Entity <function wrap_vectorize.<locals>.<lambda> at 0x138c80730> could not be transformed and will be executed as-is. Please report this to the AutgoGraph team. When filing the bug, set the verbosity to 10 (on Linux, `export AUTOGRAPH_VERBOSITY=10`) and attach the full output. Cause: converting <function wrap_vectorize.<locals>.<lambda> at 0x138c80730>: AttributeError: module 'gast' has no attribute 'Str'
2022-08-07 21:37:10,940 initial KE:0.0
2022-08-07 21:37:10,994 Entity <function wrap_vectorize.<locals>.<lambda> at 0x138c80bf8> could not be transformed and will be executed as-is. Please report this to the AutgoGraph team. When filing the bug, set the verbosity to 10 (on Linux, `export AUTOGRAPH_VERBOSITY=10`) and attach the full output. Cause: converting <function wrap_vectorize.<locals>.<lambda> at 0x138c80bf8>: AttributeError: module 'gast' has no attribute 'Str'
2022-08-07 21:37:11,051 Entity <function wrap_vectorize.<locals>.<lambda> at 0x1389508c8> could not be transformed and will be executed as-is. Please report this to the AutgoGraph team. When filing the bug, set the verbosity to 10 (on Linux, `export AUTOGRAPH_VERBOSITY=10`) and attach the full output. Cause: converting <function wrap_vectorize.<locals>.<lambda> at 0x1389508c8>: AttributeError: module 'gast' has no attribute 'Str'
2022-08-07 21:37:11,081 Entity <function wrap_vectorize.<locals>.<lambda> at 0x138950840> could not be transformed and will be executed as-is. Please report this to the AutgoGraph team. When filing the bug, set the verbosity to 10 (on Linux, `export AUTOGRAPH_VERBOSITY=10`) and attach the full output. Cause: converting <function wrap_vectorize.<locals>.<lambda> at 0x138950840>: AttributeError: module 'gast' has no attribute 'Str'
2022-08-07 21:37:11,120 Entity <function wrap_vectorize.<locals>.<lambda> at 0x138950840> could not be transformed and will be executed as-is. Please report this to the AutgoGraph team. When filing the bug, set the verbosity to 10 (on Linux, `export AUTOGRAPH_VERBOSITY=10`) and attach the full output. Cause: converting <function wrap_vectorize.<locals>.<lambda> at 0x138950840>: AttributeError: module 'gast' has no attribute 'Str'
2022-08-07 21:37:11,161 Entity <function wrap_vectorize.<locals>.<lambda> at 0x138df3400> could not be transformed and will be executed as-is. Please report this to the AutgoGraph team. When filing the bug, set the verbosity to 10 (on Linux, `export AUTOGRAPH_VERBOSITY=10`) and attach the full output. Cause: converting <function wrap_vectorize.<locals>.<lambda> at 0x138df3400>: AttributeError: module 'gast' has no attribute 'Str'
2022-08-07 21:37:11,194 Entity <function wrap_vectorize.<locals>.<lambda> at 0x138df3400> could not be transformed and will be executed as-is. Please report this to the AutgoGraph team. When filing the bug, set the verbosity to 10 (on Linux, `export AUTOGRAPH_VERBOSITY=10`) and attach the full output. Cause: converting <function wrap_vectorize.<locals>.<lambda> at 0x138df3400>: AttributeError: module 'gast' has no attribute 'Str'
2022-08-07 21:37:11,354 Entity <function wrap_vectorize.<locals>.<lambda> at 0x138ef4620> could not be transformed and will be executed as-is. Please report this to the AutgoGraph team. When filing the bug, set the verbosity to 10 (on Linux, `export AUTOGRAPH_VERBOSITY=10`) and attach the full output. Cause: converting <function wrap_vectorize.<locals>.<lambda> at 0x138ef4620>: AttributeError: module 'gast' has no attribute 'Str'
2022-08-07 21:37:11,411 Entity <function wrap_vectorize.<locals>.<lambda> at 0x138ef49d8> could not be transformed and will be executed as-is. Please report this to the AutgoGraph team. When filing the bug, set the verbosity to 10 (on Linux, `export AUTOGRAPH_VERBOSITY=10`) and attach the full output. Cause: converting <function wrap_vectorize.<locals>.<lambda> at 0x138ef49d8>: AttributeError: module 'gast' has no attribute 'Str'
2022-08-07 21:37:11,442 Entity <function wrap_vectorize.<locals>.<lambda> at 0x138ef4c80> could not be transformed and will be executed as-is. Please report this to the AutgoGraph team. When filing the bug, set the verbosity to 10 (on Linux, `export AUTOGRAPH_VERBOSITY=10`) and attach the full output. Cause: converting <function wrap_vectorize.<locals>.<lambda> at 0x138ef4c80>: AttributeError: module 'gast' has no attribute 'Str'
2022-08-07 21:37:11,482 Entity <function wrap_vectorize.<locals>.<lambda> at 0x138ef4268> could not be transformed and will be executed as-is. Please report this to the AutgoGraph team. When filing the bug, set the verbosity to 10 (on Linux, `export AUTOGRAPH_VERBOSITY=10`) and attach the full output. Cause: converting <function wrap_vectorize.<locals>.<lambda> at 0x138ef4268>: AttributeError: module 'gast' has no attribute 'Str'
2022-08-07 21:37:11,522 Entity <function wrap_vectorize.<locals>.<lambda> at 0x1391a0158> could not be transformed and will be executed as-is. Please report this to the AutgoGraph team. When filing the bug, set the verbosity to 10 (on Linux, `export AUTOGRAPH_VERBOSITY=10`) and attach the full output. Cause: converting <function wrap_vectorize.<locals>.<lambda> at 0x1391a0158>: AttributeError: module 'gast' has no attribute 'Str'
2022-08-07 21:37:11,555 Entity <function wrap_vectorize.<locals>.<lambda> at 0x1391a0ea0> could not be transformed and will be executed as-is. Please report this to the AutgoGraph team. When filing the bug, set the verbosity to 10 (on Linux, `export AUTOGRAPH_VERBOSITY=10`) and attach the full output. Cause: converting <function wrap_vectorize.<locals>.<lambda> at 0x1391a0ea0>: AttributeError: module 'gast' has no attribute 'Str'
2022-08-07 21:37:11,716 Entity <function wrap_vectorize.<locals>.<lambda> at 0x13924e9d8> could not be transformed and will be executed as-is. Please report this to the AutgoGraph team. When filing the bug, set the verbosity to 10 (on Linux, `export AUTOGRAPH_VERBOSITY=10`) and attach the full output. Cause: converting <function wrap_vectorize.<locals>.<lambda> at 0x13924e9d8>: AttributeError: module 'gast' has no attribute 'Str'
2022-08-07 21:37:11,791 Entity <function wrap_vectorize.<locals>.<lambda> at 0x13924e2f0> could not be transformed and will be executed as-is. Please report this to the AutgoGraph team. When filing the bug, set the verbosity to 10 (on Linux, `export AUTOGRAPH_VERBOSITY=10`) and attach the full output. Cause: converting <function wrap_vectorize.<locals>.<lambda> at 0x13924e2f0>: AttributeError: module 'gast' has no attribute 'Str'
2022-08-07 21:37:11,833 Entity <function wrap_vectorize.<locals>.<lambda> at 0x13924e730> could not be transformed and will be executed as-is. Please report this to the AutgoGraph team. When filing the bug, set the verbosity to 10 (on Linux, `export AUTOGRAPH_VERBOSITY=10`) and attach the full output. Cause: converting <function wrap_vectorize.<locals>.<lambda> at 0x13924e730>: AttributeError: module 'gast' has no attribute 'Str'
2022-08-07 21:37:11,878 Entity <function wrap_vectorize.<locals>.<lambda> at 0x1392da488> could not be transformed and will be executed as-is. Please report this to the AutgoGraph team. When filing the bug, set the verbosity to 10 (on Linux, `export AUTOGRAPH_VERBOSITY=10`) and attach the full output. Cause: converting <function wrap_vectorize.<locals>.<lambda> at 0x1392da488>: AttributeError: module 'gast' has no attribute 'Str'
2022-08-07 21:37:11,924 Entity <function wrap_vectorize.<locals>.<lambda> at 0x1394ca510> could not be transformed and will be executed as-is. Please report this to the AutgoGraph team. When filing the bug, set the verbosity to 10 (on Linux, `export AUTOGRAPH_VERBOSITY=10`) and attach the full output. Cause: converting <function wrap_vectorize.<locals>.<lambda> at 0x1394ca510>: AttributeError: module 'gast' has no attribute 'Str'
2022-08-07 21:37:11,965 Entity <function wrap_vectorize.<locals>.<lambda> at 0x1395aa620> could not be transformed and will be executed as-is. Please report this to the AutgoGraph team. When filing the bug, set the verbosity to 10 (on Linux, `export AUTOGRAPH_VERBOSITY=10`) and attach the full output. Cause: converting <function wrap_vectorize.<locals>.<lambda> at 0x1395aa620>: AttributeError: module 'gast' has no attribute 'Str'
2022-08-07 21:37:12,119 Entity <function wrap_vectorize.<locals>.<lambda> at 0x1395aad90> could not be transformed and will be executed as-is. Please report this to the AutgoGraph team. When filing the bug, set the verbosity to 10 (on Linux, `export AUTOGRAPH_VERBOSITY=10`) and attach the full output. Cause: converting <function wrap_vectorize.<locals>.<lambda> at 0x1395aad90>: AttributeError: module 'gast' has no attribute 'Str'
2022-08-07 21:37:12,275 Entity <function wrap_vectorize.<locals>.<lambda> at 0x1395fd840> could not be transformed and will be executed as-is. Please report this to the AutgoGraph team. When filing the bug, set the verbosity to 10 (on Linux, `export AUTOGRAPH_VERBOSITY=10`) and attach the full output. Cause: converting <function wrap_vectorize.<locals>.<lambda> at 0x1395fd840>: AttributeError: module 'gast' has no attribute 'Str'
2022-08-07 21:37:12,308 Entity <function wrap_vectorize.<locals>.<lambda> at 0x1395fd048> could not be transformed and will be executed as-is. Please report this to the AutgoGraph team. When filing the bug, set the verbosity to 10 (on Linux, `export AUTOGRAPH_VERBOSITY=10`) and attach the full output. Cause: converting <function wrap_vectorize.<locals>.<lambda> at 0x1395fd048>: AttributeError: module 'gast' has no attribute 'Str'
2022-08-07 21:37:12,347 Entity <function wrap_vectorize.<locals>.<lambda> at 0x1395fda60> could not be transformed and will be executed as-is. Please report this to the AutgoGraph team. When filing the bug, set the verbosity to 10 (on Linux, `export AUTOGRAPH_VERBOSITY=10`) and attach the full output. Cause: converting <function wrap_vectorize.<locals>.<lambda> at 0x1395fda60>: AttributeError: module 'gast' has no attribute 'Str'
2022-08-07 21:37:12,388 Entity <function wrap_vectorize.<locals>.<lambda> at 0x1397f7c80> could not be transformed and will be executed as-is. Please report this to the AutgoGraph team. When filing the bug, set the verbosity to 10 (on Linux, `export AUTOGRAPH_VERBOSITY=10`) and attach the full output. Cause: converting <function wrap_vectorize.<locals>.<lambda> at 0x1397f7c80>: AttributeError: module 'gast' has no attribute 'Str'
2022-08-07 21:37:12,422 Entity <function wrap_vectorize.<locals>.<lambda> at 0x1398d1840> could not be transformed and will be executed as-is. Please report this to the AutgoGraph team. When filing the bug, set the verbosity to 10 (on Linux, `export AUTOGRAPH_VERBOSITY=10`) and attach the full output. Cause: converting <function wrap_vectorize.<locals>.<lambda> at 0x1398d1840>: AttributeError: module 'gast' has no attribute 'Str'
2022-08-07 21:37:12,587 Entity <function wrap_vectorize.<locals>.<lambda> at 0x1398d1510> could not be transformed and will be executed as-is. Please report this to the AutgoGraph team. When filing the bug, set the verbosity to 10 (on Linux, `export AUTOGRAPH_VERBOSITY=10`) and attach the full output. Cause: converting <function wrap_vectorize.<locals>.<lambda> at 0x1398d1510>: AttributeError: module 'gast' has no attribute 'Str'
2022-08-07 21:37:12,648 Entity <function wrap_vectorize.<locals>.<lambda> at 0x1399301e0> could not be transformed and will be executed as-is. Please report this to the AutgoGraph team. When filing the bug, set the verbosity to 10 (on Linux, `export AUTOGRAPH_VERBOSITY=10`) and attach the full output. Cause: converting <function wrap_vectorize.<locals>.<lambda> at 0x1399301e0>: AttributeError: module 'gast' has no attribute 'Str'
2022-08-07 21:37:12,686 Entity <function wrap_vectorize.<locals>.<lambda> at 0x139930400> could not be transformed and will be executed as-is. Please report this to the AutgoGraph team. When filing the bug, set the verbosity to 10 (on Linux, `export AUTOGRAPH_VERBOSITY=10`) and attach the full output. Cause: converting <function wrap_vectorize.<locals>.<lambda> at 0x139930400>: AttributeError: module 'gast' has no attribute 'Str'
2022-08-07 21:37:12,734 Entity <function wrap_vectorize.<locals>.<lambda> at 0x139930c80> could not be transformed and will be executed as-is. Please report this to the AutgoGraph team. When filing the bug, set the verbosity to 10 (on Linux, `export AUTOGRAPH_VERBOSITY=10`) and attach the full output. Cause: converting <function wrap_vectorize.<locals>.<lambda> at 0x139930c80>: AttributeError: module 'gast' has no attribute 'Str'
2022-08-07 21:37:12,782 Entity <function wrap_vectorize.<locals>.<lambda> at 0x139be7268> could not be transformed and will be executed as-is. Please report this to the AutgoGraph team. When filing the bug, set the verbosity to 10 (on Linux, `export AUTOGRAPH_VERBOSITY=10`) and attach the full output. Cause: converting <function wrap_vectorize.<locals>.<lambda> at 0x139be7268>: AttributeError: module 'gast' has no attribute 'Str'
2022-08-07 21:37:12,824 Entity <function wrap_vectorize.<locals>.<lambda> at 0x139be7f28> could not be transformed and will be executed as-is. Please report this to the AutgoGraph team. When filing the bug, set the verbosity to 10 (on Linux, `export AUTOGRAPH_VERBOSITY=10`) and attach the full output. Cause: converting <function wrap_vectorize.<locals>.<lambda> at 0x139be7f28>: AttributeError: module 'gast' has no attribute 'Str'
2022-08-07 21:37:12,995 Entity <function wrap_vectorize.<locals>.<lambda> at 0x139c4e730> could not be transformed and will be executed as-is. Please report this to the AutgoGraph team. When filing the bug, set the verbosity to 10 (on Linux, `export AUTOGRAPH_VERBOSITY=10`) and attach the full output. Cause: converting <function wrap_vectorize.<locals>.<lambda> at 0x139c4e730>: AttributeError: module 'gast' has no attribute 'Str'
2022-08-07 21:37:13,056 Entity <function wrap_vectorize.<locals>.<lambda> at 0x139c4e7b8> could not be transformed and will be executed as-is. Please report this to the AutgoGraph team. When filing the bug, set the verbosity to 10 (on Linux, `export AUTOGRAPH_VERBOSITY=10`) and attach the full output. Cause: converting <function wrap_vectorize.<locals>.<lambda> at 0x139c4e7b8>: AttributeError: module 'gast' has no attribute 'Str'
2022-08-07 21:37:13,092 Entity <function wrap_vectorize.<locals>.<lambda> at 0x139c4e2f0> could not be transformed and will be executed as-is. Please report this to the AutgoGraph team. When filing the bug, set the verbosity to 10 (on Linux, `export AUTOGRAPH_VERBOSITY=10`) and attach the full output. Cause: converting <function wrap_vectorize.<locals>.<lambda> at 0x139c4e2f0>: AttributeError: module 'gast' has no attribute 'Str'
2022-08-07 21:37:13,134 Entity <function wrap_vectorize.<locals>.<lambda> at 0x139c4ec80> could not be transformed and will be executed as-is. Please report this to the AutgoGraph team. When filing the bug, set the verbosity to 10 (on Linux, `export AUTOGRAPH_VERBOSITY=10`) and attach the full output. Cause: converting <function wrap_vectorize.<locals>.<lambda> at 0x139c4ec80>: AttributeError: module 'gast' has no attribute 'Str'
2022-08-07 21:37:13,175 Entity <function wrap_vectorize.<locals>.<lambda> at 0x139f02510> could not be transformed and will be executed as-is. Please report this to the AutgoGraph team. When filing the bug, set the verbosity to 10 (on Linux, `export AUTOGRAPH_VERBOSITY=10`) and attach the full output. Cause: converting <function wrap_vectorize.<locals>.<lambda> at 0x139f02510>: AttributeError: module 'gast' has no attribute 'Str'
2022-08-07 21:37:13,208 Entity <function wrap_vectorize.<locals>.<lambda> at 0x139f02e18> could not be transformed and will be executed as-is. Please report this to the AutgoGraph team. When filing the bug, set the verbosity to 10 (on Linux, `export AUTOGRAPH_VERBOSITY=10`) and attach the full output. Cause: converting <function wrap_vectorize.<locals>.<lambda> at 0x139f02e18>: AttributeError: module 'gast' has no attribute 'Str'
2022-08-07 21:37:13,361 Entity <function wrap_vectorize.<locals>.<lambda> at 0x139f9f950> could not be transformed and will be executed as-is. Please report this to the AutgoGraph team. When filing the bug, set the verbosity to 10 (on Linux, `export AUTOGRAPH_VERBOSITY=10`) and attach the full output. Cause: converting <function wrap_vectorize.<locals>.<lambda> at 0x139f9f950>: AttributeError: module 'gast' has no attribute 'Str'
2022-08-07 21:37:13,419 Entity <function wrap_vectorize.<locals>.<lambda> at 0x139f9f268> could not be transformed and will be executed as-is. Please report this to the AutgoGraph team. When filing the bug, set the verbosity to 10 (on Linux, `export AUTOGRAPH_VERBOSITY=10`) and attach the full output. Cause: converting <function wrap_vectorize.<locals>.<lambda> at 0x139f9f268>: AttributeError: module 'gast' has no attribute 'Str'
2022-08-07 21:37:13,449 Entity <function wrap_vectorize.<locals>.<lambda> at 0x139f9f6a8> could not be transformed and will be executed as-is. Please report this to the AutgoGraph team. When filing the bug, set the verbosity to 10 (on Linux, `export AUTOGRAPH_VERBOSITY=10`) and attach the full output. Cause: converting <function wrap_vectorize.<locals>.<lambda> at 0x139f9f6a8>: AttributeError: module 'gast' has no attribute 'Str'
2022-08-07 21:37:13,488 Entity <function wrap_vectorize.<locals>.<lambda> at 0x13a16e400> could not be transformed and will be executed as-is. Please report this to the AutgoGraph team. When filing the bug, set the verbosity to 10 (on Linux, `export AUTOGRAPH_VERBOSITY=10`) and attach the full output. Cause: converting <function wrap_vectorize.<locals>.<lambda> at 0x13a16e400>: AttributeError: module 'gast' has no attribute 'Str'
2022-08-07 21:37:13,528 Entity <function wrap_vectorize.<locals>.<lambda> at 0x13a21b488> could not be transformed and will be executed as-is. Please report this to the AutgoGraph team. When filing the bug, set the verbosity to 10 (on Linux, `export AUTOGRAPH_VERBOSITY=10`) and attach the full output. Cause: converting <function wrap_vectorize.<locals>.<lambda> at 0x13a21b488>: AttributeError: module 'gast' has no attribute 'Str'
2022-08-07 21:37:13,561 Entity <function wrap_vectorize.<locals>.<lambda> at 0x13a2fa598> could not be transformed and will be executed as-is. Please report this to the AutgoGraph team. When filing the bug, set the verbosity to 10 (on Linux, `export AUTOGRAPH_VERBOSITY=10`) and attach the full output. Cause: converting <function wrap_vectorize.<locals>.<lambda> at 0x13a2fa598>: AttributeError: module 'gast' has no attribute 'Str'
2022-08-07 21:37:13,765 Entity <function wrap_vectorize.<locals>.<lambda> at 0x13a2fad08> could not be transformed and will be executed as-is. Please report this to the AutgoGraph team. When filing the bug, set the verbosity to 10 (on Linux, `export AUTOGRAPH_VERBOSITY=10`) and attach the full output. Cause: converting <function wrap_vectorize.<locals>.<lambda> at 0x13a2fad08>: AttributeError: module 'gast' has no attribute 'Str'
2022-08-07 21:37:13,847 Entity <function wrap_vectorize.<locals>.<lambda> at 0x13a3507b8> could not be transformed and will be executed as-is. Please report this to the AutgoGraph team. When filing the bug, set the verbosity to 10 (on Linux, `export AUTOGRAPH_VERBOSITY=10`) and attach the full output. Cause: converting <function wrap_vectorize.<locals>.<lambda> at 0x13a3507b8>: AttributeError: module 'gast' has no attribute 'Str'
2022-08-07 21:37:13,892 Entity <function wrap_vectorize.<locals>.<lambda> at 0x13a350840> could not be transformed and will be executed as-is. Please report this to the AutgoGraph team. When filing the bug, set the verbosity to 10 (on Linux, `export AUTOGRAPH_VERBOSITY=10`) and attach the full output. Cause: converting <function wrap_vectorize.<locals>.<lambda> at 0x13a350840>: AttributeError: module 'gast' has no attribute 'Str'
2022-08-07 21:37:13,944 Entity <function wrap_vectorize.<locals>.<lambda> at 0x13a3509d8> could not be transformed and will be executed as-is. Please report this to the AutgoGraph team. When filing the bug, set the verbosity to 10 (on Linux, `export AUTOGRAPH_VERBOSITY=10`) and attach the full output. Cause: converting <function wrap_vectorize.<locals>.<lambda> at 0x13a3509d8>: AttributeError: module 'gast' has no attribute 'Str'
2022-08-07 21:37:14,001 Entity <function wrap_vectorize.<locals>.<lambda> at 0x13a55abf8> could not be transformed and will be executed as-is. Please report this to the AutgoGraph team. When filing the bug, set the verbosity to 10 (on Linux, `export AUTOGRAPH_VERBOSITY=10`) and attach the full output. Cause: converting <function wrap_vectorize.<locals>.<lambda> at 0x13a55abf8>: AttributeError: module 'gast' has no attribute 'Str'
2022-08-07 21:37:14,045 Entity <function wrap_vectorize.<locals>.<lambda> at 0x13a6427b8> could not be transformed and will be executed as-is. Please report this to the AutgoGraph team. When filing the bug, set the verbosity to 10 (on Linux, `export AUTOGRAPH_VERBOSITY=10`) and attach the full output. Cause: converting <function wrap_vectorize.<locals>.<lambda> at 0x13a6427b8>: AttributeError: module 'gast' has no attribute 'Str'
2022-08-07 21:37:14,218 Entity <function wrap_vectorize.<locals>.<lambda> at 0x13a642488> could not be transformed and will be executed as-is. Please report this to the AutgoGraph team. When filing the bug, set the verbosity to 10 (on Linux, `export AUTOGRAPH_VERBOSITY=10`) and attach the full output. Cause: converting <function wrap_vectorize.<locals>.<lambda> at 0x13a642488>: AttributeError: module 'gast' has no attribute 'Str'
2022-08-07 21:37:14,310 Entity <function wrap_vectorize.<locals>.<lambda> at 0x13a6a62f0> could not be transformed and will be executed as-is. Please report this to the AutgoGraph team. When filing the bug, set the verbosity to 10 (on Linux, `export AUTOGRAPH_VERBOSITY=10`) and attach the full output. Cause: converting <function wrap_vectorize.<locals>.<lambda> at 0x13a6a62f0>: AttributeError: module 'gast' has no attribute 'Str'
2022-08-07 21:37:14,358 Entity <function wrap_vectorize.<locals>.<lambda> at 0x13a6a6510> could not be transformed and will be executed as-is. Please report this to the AutgoGraph team. When filing the bug, set the verbosity to 10 (on Linux, `export AUTOGRAPH_VERBOSITY=10`) and attach the full output. Cause: converting <function wrap_vectorize.<locals>.<lambda> at 0x13a6a6510>: AttributeError: module 'gast' has no attribute 'Str'
2022-08-07 21:37:14,424 Entity <function wrap_vectorize.<locals>.<lambda> at 0x13a6a6bf8> could not be transformed and will be executed as-is. Please report this to the AutgoGraph team. When filing the bug, set the verbosity to 10 (on Linux, `export AUTOGRAPH_VERBOSITY=10`) and attach the full output. Cause: converting <function wrap_vectorize.<locals>.<lambda> at 0x13a6a6bf8>: AttributeError: module 'gast' has no attribute 'Str'
2022-08-07 21:37:14,491 Entity <function wrap_vectorize.<locals>.<lambda> at 0x13a961378> could not be transformed and will be executed as-is. Please report this to the AutgoGraph team. When filing the bug, set the verbosity to 10 (on Linux, `export AUTOGRAPH_VERBOSITY=10`) and attach the full output. Cause: converting <function wrap_vectorize.<locals>.<lambda> at 0x13a961378>: AttributeError: module 'gast' has no attribute 'Str'
2022-08-07 21:37:14,544 Entity <function wrap_vectorize.<locals>.<lambda> at 0x13a961b70> could not be transformed and will be executed as-is. Please report this to the AutgoGraph team. When filing the bug, set the verbosity to 10 (on Linux, `export AUTOGRAPH_VERBOSITY=10`) and attach the full output. Cause: converting <function wrap_vectorize.<locals>.<lambda> at 0x13a961b70>: AttributeError: module 'gast' has no attribute 'Str'
2022-08-07 21:37:14,848 Entity <function wrap_vectorize.<locals>.<lambda> at 0x13a9d56a8> could not be transformed and will be executed as-is. Please report this to the AutgoGraph team. When filing the bug, set the verbosity to 10 (on Linux, `export AUTOGRAPH_VERBOSITY=10`) and attach the full output. Cause: converting <function wrap_vectorize.<locals>.<lambda> at 0x13a9d56a8>: AttributeError: module 'gast' has no attribute 'Str'
2022-08-07 21:37:14,907 Entity <function wrap_vectorize.<locals>.<lambda> at 0x13a9d5840> could not be transformed and will be executed as-is. Please report this to the AutgoGraph team. When filing the bug, set the verbosity to 10 (on Linux, `export AUTOGRAPH_VERBOSITY=10`) and attach the full output. Cause: converting <function wrap_vectorize.<locals>.<lambda> at 0x13a9d5840>: AttributeError: module 'gast' has no attribute 'Str'
2022-08-07 21:37:14,937 Entity <function wrap_vectorize.<locals>.<lambda> at 0x13a9d52f0> could not be transformed and will be executed as-is. Please report this to the AutgoGraph team. When filing the bug, set the verbosity to 10 (on Linux, `export AUTOGRAPH_VERBOSITY=10`) and attach the full output. Cause: converting <function wrap_vectorize.<locals>.<lambda> at 0x13a9d52f0>: AttributeError: module 'gast' has no attribute 'Str'
2022-08-07 21:37:14,976 Entity <function wrap_vectorize.<locals>.<lambda> at 0x13a9d5b70> could not be transformed and will be executed as-is. Please report this to the AutgoGraph team. When filing the bug, set the verbosity to 10 (on Linux, `export AUTOGRAPH_VERBOSITY=10`) and attach the full output. Cause: converting <function wrap_vectorize.<locals>.<lambda> at 0x13a9d5b70>: AttributeError: module 'gast' has no attribute 'Str'
2022-08-07 21:37:15,016 Entity <function wrap_vectorize.<locals>.<lambda> at 0x13ac78400> could not be transformed and will be executed as-is. Please report this to the AutgoGraph team. When filing the bug, set the verbosity to 10 (on Linux, `export AUTOGRAPH_VERBOSITY=10`) and attach the full output. Cause: converting <function wrap_vectorize.<locals>.<lambda> at 0x13ac78400>: AttributeError: module 'gast' has no attribute 'Str'
2022-08-07 21:37:15,049 Entity <function wrap_vectorize.<locals>.<lambda> at 0x13ac78a60> could not be transformed and will be executed as-is. Please report this to the AutgoGraph team. When filing the bug, set the verbosity to 10 (on Linux, `export AUTOGRAPH_VERBOSITY=10`) and attach the full output. Cause: converting <function wrap_vectorize.<locals>.<lambda> at 0x13ac78a60>: AttributeError: module 'gast' has no attribute 'Str'
2022-08-07 21:37:15,220 Entity <function wrap_vectorize.<locals>.<lambda> at 0x13ad14730> could not be transformed and will be executed as-is. Please report this to the AutgoGraph team. When filing the bug, set the verbosity to 10 (on Linux, `export AUTOGRAPH_VERBOSITY=10`) and attach the full output. Cause: converting <function wrap_vectorize.<locals>.<lambda> at 0x13ad14730>: AttributeError: module 'gast' has no attribute 'Str'
2022-08-07 21:37:15,250 Entity <function wrap_vectorize.<locals>.<lambda> at 0x13ad14d08> could not be transformed and will be executed as-is. Please report this to the AutgoGraph team. When filing the bug, set the verbosity to 10 (on Linux, `export AUTOGRAPH_VERBOSITY=10`) and attach the full output. Cause: converting <function wrap_vectorize.<locals>.<lambda> at 0x13ad14d08>: AttributeError: module 'gast' has no attribute 'Str'
2022-08-07 21:37:15,351 Entity <function wrap_vectorize.<locals>.<lambda> at 0x13aff4510> could not be transformed and will be executed as-is. Please report this to the AutgoGraph team. When filing the bug, set the verbosity to 10 (on Linux, `export AUTOGRAPH_VERBOSITY=10`) and attach the full output. Cause: converting <function wrap_vectorize.<locals>.<lambda> at 0x13aff4510>: AttributeError: module 'gast' has no attribute 'Str'
2022-08-07 21:37:15,415 Entity <function wrap_vectorize.<locals>.<lambda> at 0x13b01b378> could not be transformed and will be executed as-is. Please report this to the AutgoGraph team. When filing the bug, set the verbosity to 10 (on Linux, `export AUTOGRAPH_VERBOSITY=10`) and attach the full output. Cause: converting <function wrap_vectorize.<locals>.<lambda> at 0x13b01b378>: AttributeError: module 'gast' has no attribute 'Str'
2022-08-07 21:37:15,458 Entity <function wrap_vectorize.<locals>.<lambda> at 0x13b01b8c8> could not be transformed and will be executed as-is. Please report this to the AutgoGraph team. When filing the bug, set the verbosity to 10 (on Linux, `export AUTOGRAPH_VERBOSITY=10`) and attach the full output. Cause: converting <function wrap_vectorize.<locals>.<lambda> at 0x13b01b8c8>: AttributeError: module 'gast' has no attribute 'Str'
2022-08-07 21:37:15,508 Entity <function wrap_vectorize.<locals>.<lambda> at 0x13b01b7b8> could not be transformed and will be executed as-is. Please report this to the AutgoGraph team. When filing the bug, set the verbosity to 10 (on Linux, `export AUTOGRAPH_VERBOSITY=10`) and attach the full output. Cause: converting <function wrap_vectorize.<locals>.<lambda> at 0x13b01b7b8>: AttributeError: module 'gast' has no attribute 'Str'
2022-08-07 21:37:16,912 
 Running MD Simulation for 100 steps
2022-08-07 21:37:31,073 Number of density samples used:9
