2022-08-07 21:35:25,476 Number of positive ions:121.0
2022-08-07 21:35:25,476 Number of negative ions:121
2022-08-07 21:35:25,503 From /Library/Python/3.7/site-packages/tensorflow/python/ops/array_ops.py:1354: add_dispatch_support.<locals>.wrapper (from tensorflow.python.ops.array_ops) is deprecated and will be removed in a future version.
Instructions for updating:
Use tf.where in 2.0, which has the same broadcast rule as np.where
2022-08-07 21:35:25,632 Entity <function wrap_vectorize.<locals>.<lambda> at 0x1348149d8> could not be transformed and will be executed as-is. Please report this to the AutgoGraph team. When filing the bug, set the verbosity to 10 (on Linux, `export AUTOGRAPH_VERBOSITY=10`) and attach the full output. Cause: converting <function wrap_vectorize.<locals>.<lambda> at 0x1348149d8>: AttributeError: module 'gast' has no attribute 'Str'
2022-08-07 21:35:25,728 Entity <function wrap_vectorize.<locals>.<lambda> at 0x134814a60> could not be transformed and will be executed as-is. Please report this to the AutgoGraph team. When filing the bug, set the verbosity to 10 (on Linux, `export AUTOGRAPH_VERBOSITY=10`) and attach the full output. Cause: converting <function wrap_vectorize.<locals>.<lambda> at 0x134814a60>: AttributeError: module 'gast' has no attribute 'Str'
2022-08-07 21:35:25,766 Entity <function wrap_vectorize.<locals>.<lambda> at 0x134814d08> could not be transformed and will be executed as-is. Please report this to the AutgoGraph team. When filing the bug, set the verbosity to 10 (on Linux, `export AUTOGRAPH_VERBOSITY=10`) and attach the full output. Cause: converting <function wrap_vectorize.<locals>.<lambda> at 0x134814d08>: AttributeError: module 'gast' has no attribute 'Str'
2022-08-07 21:35:25,813 Entity <function wrap_vectorize.<locals>.<lambda> at 0x134814bf8> could not be transformed and will be executed as-is. Please report this to the AutgoGraph team. When filing the bug, set the verbosity to 10 (on Linux, `export AUTOGRAPH_VERBOSITY=10`) and attach the full output. Cause: converting <function wrap_vectorize.<locals>.<lambda> at 0x134814bf8>: AttributeError: module 'gast' has no attribute 'Str'
2022-08-07 21:35:25,867 Entity <function wrap_vectorize.<locals>.<lambda> at 0x1349f4ae8> could not be transformed and will be executed as-is. Please report this to the AutgoGraph team. When filing the bug, set the verbosity to 10 (on Linux, `export AUTOGRAPH_VERBOSITY=10`) and attach the full output. Cause: converting <function wrap_vectorize.<locals>.<lambda> at 0x1349f4ae8>: AttributeError: module 'gast' has no attribute 'Str'
2022-08-07 21:35:25,917 Entity <function wrap_vectorize.<locals>.<lambda> at 0x1349f4d08> could not be transformed and will be executed as-is. Please report this to the AutgoGraph team. When filing the bug, set the verbosity to 10 (on Linux, `export AUTOGRAPH_VERBOSITY=10`) and attach the full output. Cause: converting <function wrap_vectorize.<locals>.<lambda> at 0x1349f4d08>: AttributeError: module 'gast' has no attribute 'Str'
2022-08-07 21:35:25,999 Total_surface_charge:-0.0
charge_meshpoint:-0.0
2022-08-07 21:35:25,999 Charge density:-0.0
2022-08-07 21:35:25,999 Dielectric constant of water 80
2022-08-07 21:35:25,999 Unit length 0.55
2022-08-07 21:35:25,999 Unit of mass 3.8409999999999993e-23
2022-08-07 21:35:25,999 Unit of energy 4.114486e-14
2022-08-07 21:35:25,999 Unit time 5.314067280204312e-09
2022-08-07 21:35:25,999 Simulation box dimensions (in reduced units) x | y | z 27.27272727272727|27.27272727272727|5.454545454545454
2022-08-07 21:35:25,999 Box dimensions (in nanometers) x | y | z 15.0|15.0|3.0
2022-08-07 21:35:25,999 Permittivity inside and outside the confinement (channel) 80,80
2022-08-07 21:35:25,999 Dielectric contrast across interfaces 0.0
2022-08-07 21:35:25,999 Positive (+) ion valency 1.0
2022-08-07 21:35:25,999 Negative (-) ion valency -1.0
2022-08-07 21:35:25,999 Valency of counter ions is 1
2022-08-07 21:35:25,999 positive ion diameter (red. units) 1.0
2022-08-07 21:35:25,999 negative ion diameter (red. units) 1.0
2022-08-07 21:35:25,999 counter ion diameter (red units) 1.0
2022-08-07 21:35:25,999 In MD, charge density -0.0
2022-08-07 21:35:25,999 Ion (salt) concentration (c) inside 0.3 M
2022-08-07 21:35:25,999 Debye length 1.0096264057751894
2022-08-07 21:35:25,999 Mean separation between ions 2.555856561520452
2022-08-07 21:35:25,999 Temperature (in Kelvin) 298
2022-08-07 21:35:25,999 Binning width (uniform) 0.0500417014178482
2022-08-07 21:35:26,000 Number of bins111
2022-08-07 21:35:26,000 Number of points discretizing the left and right planar walls/interfaces/surfaces 1764 1764
2022-08-07 21:35:26,000 Number of ions 242.0
2022-08-07 21:35:26,000 Number of counter ions 0.0
2022-08-07 21:35:26,000 Time step in the simulation0.001
2022-08-07 21:35:26,007 Entity <function wrap_vectorize.<locals>.<lambda> at 0x1349f4ae8> could not be transformed and will be executed as-is. Please report this to the AutgoGraph team. When filing the bug, set the verbosity to 10 (on Linux, `export AUTOGRAPH_VERBOSITY=10`) and attach the full output. Cause: converting <function wrap_vectorize.<locals>.<lambda> at 0x1349f4ae8>: AttributeError: module 'gast' has no attribute 'Str'
2022-08-07 21:35:26,065 Entity <function wrap_vectorize.<locals>.<lambda> at 0x134ada048> could not be transformed and will be executed as-is. Please report this to the AutgoGraph team. When filing the bug, set the verbosity to 10 (on Linux, `export AUTOGRAPH_VERBOSITY=10`) and attach the full output. Cause: converting <function wrap_vectorize.<locals>.<lambda> at 0x134ada048>: AttributeError: module 'gast' has no attribute 'Str'
2022-08-07 21:35:26,106 Entity <function wrap_vectorize.<locals>.<lambda> at 0x134ada6a8> could not be transformed and will be executed as-is. Please report this to the AutgoGraph team. When filing the bug, set the verbosity to 10 (on Linux, `export AUTOGRAPH_VERBOSITY=10`) and attach the full output. Cause: converting <function wrap_vectorize.<locals>.<lambda> at 0x134ada6a8>: AttributeError: module 'gast' has no attribute 'Str'
2022-08-07 21:35:26,163 Entity <function wrap_vectorize.<locals>.<lambda> at 0x134adad08> could not be transformed and will be executed as-is. Please report this to the AutgoGraph team. When filing the bug, set the verbosity to 10 (on Linux, `export AUTOGRAPH_VERBOSITY=10`) and attach the full output. Cause: converting <function wrap_vectorize.<locals>.<lambda> at 0x134adad08>: AttributeError: module 'gast' has no attribute 'Str'
2022-08-07 21:35:26,214 Entity <function wrap_vectorize.<locals>.<lambda> at 0x134bd06a8> could not be transformed and will be executed as-is. Please report this to the AutgoGraph team. When filing the bug, set the verbosity to 10 (on Linux, `export AUTOGRAPH_VERBOSITY=10`) and attach the full output. Cause: converting <function wrap_vectorize.<locals>.<lambda> at 0x134bd06a8>: AttributeError: module 'gast' has no attribute 'Str'
2022-08-07 21:35:26,251 Entity <function wrap_vectorize.<locals>.<lambda> at 0x134bd02f0> could not be transformed and will be executed as-is. Please report this to the AutgoGraph team. When filing the bug, set the verbosity to 10 (on Linux, `export AUTOGRAPH_VERBOSITY=10`) and attach the full output. Cause: converting <function wrap_vectorize.<locals>.<lambda> at 0x134bd02f0>: AttributeError: module 'gast' has no attribute 'Str'
2022-08-07 21:35:26,558 initial KE:0.0
2022-08-07 21:35:26,617 Entity <function wrap_vectorize.<locals>.<lambda> at 0x134d8a1e0> could not be transformed and will be executed as-is. Please report this to the AutgoGraph team. When filing the bug, set the verbosity to 10 (on Linux, `export AUTOGRAPH_VERBOSITY=10`) and attach the full output. Cause: converting <function wrap_vectorize.<locals>.<lambda> at 0x134d8a1e0>: AttributeError: module 'gast' has no attribute 'Str'
2022-08-07 21:35:26,678 Entity <function wrap_vectorize.<locals>.<lambda> at 0x134d8ab70> could not be transformed and will be executed as-is. Please report this to the AutgoGraph team. When filing the bug, set the verbosity to 10 (on Linux, `export AUTOGRAPH_VERBOSITY=10`) and attach the full output. Cause: converting <function wrap_vectorize.<locals>.<lambda> at 0x134d8ab70>: AttributeError: module 'gast' has no attribute 'Str'
2022-08-07 21:35:26,708 Entity <function wrap_vectorize.<locals>.<lambda> at 0x134d8abf8> could not be transformed and will be executed as-is. Please report this to the AutgoGraph team. When filing the bug, set the verbosity to 10 (on Linux, `export AUTOGRAPH_VERBOSITY=10`) and attach the full output. Cause: converting <function wrap_vectorize.<locals>.<lambda> at 0x134d8abf8>: AttributeError: module 'gast' has no attribute 'Str'
2022-08-07 21:35:26,747 Entity <function wrap_vectorize.<locals>.<lambda> at 0x134e82378> could not be transformed and will be executed as-is. Please report this to the AutgoGraph team. When filing the bug, set the verbosity to 10 (on Linux, `export AUTOGRAPH_VERBOSITY=10`) and attach the full output. Cause: converting <function wrap_vectorize.<locals>.<lambda> at 0x134e82378>: AttributeError: module 'gast' has no attribute 'Str'
2022-08-07 21:35:26,788 Entity <function wrap_vectorize.<locals>.<lambda> at 0x13504a400> could not be transformed and will be executed as-is. Please report this to the AutgoGraph team. When filing the bug, set the verbosity to 10 (on Linux, `export AUTOGRAPH_VERBOSITY=10`) and attach the full output. Cause: converting <function wrap_vectorize.<locals>.<lambda> at 0x13504a400>: AttributeError: module 'gast' has no attribute 'Str'
2022-08-07 21:35:26,822 Entity <function wrap_vectorize.<locals>.<lambda> at 0x13504a378> could not be transformed and will be executed as-is. Please report this to the AutgoGraph team. When filing the bug, set the verbosity to 10 (on Linux, `export AUTOGRAPH_VERBOSITY=10`) and attach the full output. Cause: converting <function wrap_vectorize.<locals>.<lambda> at 0x13504a378>: AttributeError: module 'gast' has no attribute 'Str'
2022-08-07 21:35:27,007 Entity <function wrap_vectorize.<locals>.<lambda> at 0x135138f28> could not be transformed and will be executed as-is. Please report this to the AutgoGraph team. When filing the bug, set the verbosity to 10 (on Linux, `export AUTOGRAPH_VERBOSITY=10`) and attach the full output. Cause: converting <function wrap_vectorize.<locals>.<lambda> at 0x135138f28>: AttributeError: module 'gast' has no attribute 'Str'
2022-08-07 21:35:27,070 Entity <function wrap_vectorize.<locals>.<lambda> at 0x135138b70> could not be transformed and will be executed as-is. Please report this to the AutgoGraph team. When filing the bug, set the verbosity to 10 (on Linux, `export AUTOGRAPH_VERBOSITY=10`) and attach the full output. Cause: converting <function wrap_vectorize.<locals>.<lambda> at 0x135138b70>: AttributeError: module 'gast' has no attribute 'Str'
2022-08-07 21:35:27,106 Entity <function wrap_vectorize.<locals>.<lambda> at 0x135138378> could not be transformed and will be executed as-is. Please report this to the AutgoGraph team. When filing the bug, set the verbosity to 10 (on Linux, `export AUTOGRAPH_VERBOSITY=10`) and attach the full output. Cause: converting <function wrap_vectorize.<locals>.<lambda> at 0x135138378>: AttributeError: module 'gast' has no attribute 'Str'
2022-08-07 21:35:27,148 Entity <function wrap_vectorize.<locals>.<lambda> at 0x135138378> could not be transformed and will be executed as-is. Please report this to the AutgoGraph team. When filing the bug, set the verbosity to 10 (on Linux, `export AUTOGRAPH_VERBOSITY=10`) and attach the full output. Cause: converting <function wrap_vectorize.<locals>.<lambda> at 0x135138378>: AttributeError: module 'gast' has no attribute 'Str'
2022-08-07 21:35:27,191 Entity <function wrap_vectorize.<locals>.<lambda> at 0x1353e2620> could not be transformed and will be executed as-is. Please report this to the AutgoGraph team. When filing the bug, set the verbosity to 10 (on Linux, `export AUTOGRAPH_VERBOSITY=10`) and attach the full output. Cause: converting <function wrap_vectorize.<locals>.<lambda> at 0x1353e2620>: AttributeError: module 'gast' has no attribute 'Str'
2022-08-07 21:35:27,232 Entity <function wrap_vectorize.<locals>.<lambda> at 0x1353e2620> could not be transformed and will be executed as-is. Please report this to the AutgoGraph team. When filing the bug, set the verbosity to 10 (on Linux, `export AUTOGRAPH_VERBOSITY=10`) and attach the full output. Cause: converting <function wrap_vectorize.<locals>.<lambda> at 0x1353e2620>: AttributeError: module 'gast' has no attribute 'Str'
2022-08-07 21:35:27,532 Entity <function wrap_vectorize.<locals>.<lambda> at 0x1354999d8> could not be transformed and will be executed as-is. Please report this to the AutgoGraph team. When filing the bug, set the verbosity to 10 (on Linux, `export AUTOGRAPH_VERBOSITY=10`) and attach the full output. Cause: converting <function wrap_vectorize.<locals>.<lambda> at 0x1354999d8>: AttributeError: module 'gast' has no attribute 'Str'
2022-08-07 21:35:27,649 Entity <function wrap_vectorize.<locals>.<lambda> at 0x135499620> could not be transformed and will be executed as-is. Please report this to the AutgoGraph team. When filing the bug, set the verbosity to 10 (on Linux, `export AUTOGRAPH_VERBOSITY=10`) and attach the full output. Cause: converting <function wrap_vectorize.<locals>.<lambda> at 0x135499620>: AttributeError: module 'gast' has no attribute 'Str'
2022-08-07 21:35:27,710 Entity <function wrap_vectorize.<locals>.<lambda> at 0x1354990d0> could not be transformed and will be executed as-is. Please report this to the AutgoGraph team. When filing the bug, set the verbosity to 10 (on Linux, `export AUTOGRAPH_VERBOSITY=10`) and attach the full output. Cause: converting <function wrap_vectorize.<locals>.<lambda> at 0x1354990d0>: AttributeError: module 'gast' has no attribute 'Str'
2022-08-07 21:35:27,774 Entity <function wrap_vectorize.<locals>.<lambda> at 0x1354990d0> could not be transformed and will be executed as-is. Please report this to the AutgoGraph team. When filing the bug, set the verbosity to 10 (on Linux, `export AUTOGRAPH_VERBOSITY=10`) and attach the full output. Cause: converting <function wrap_vectorize.<locals>.<lambda> at 0x1354990d0>: AttributeError: module 'gast' has no attribute 'Str'
2022-08-07 21:35:27,825 Entity <function wrap_vectorize.<locals>.<lambda> at 0x13573a510> could not be transformed and will be executed as-is. Please report this to the AutgoGraph team. When filing the bug, set the verbosity to 10 (on Linux, `export AUTOGRAPH_VERBOSITY=10`) and attach the full output. Cause: converting <function wrap_vectorize.<locals>.<lambda> at 0x13573a510>: AttributeError: module 'gast' has no attribute 'Str'
2022-08-07 21:35:27,864 Entity <function wrap_vectorize.<locals>.<lambda> at 0x13573a510> could not be transformed and will be executed as-is. Please report this to the AutgoGraph team. When filing the bug, set the verbosity to 10 (on Linux, `export AUTOGRAPH_VERBOSITY=10`) and attach the full output. Cause: converting <function wrap_vectorize.<locals>.<lambda> at 0x13573a510>: AttributeError: module 'gast' has no attribute 'Str'
2022-08-07 21:35:28,041 Entity <function wrap_vectorize.<locals>.<lambda> at 0x1357e8d90> could not be transformed and will be executed as-is. Please report this to the AutgoGraph team. When filing the bug, set the verbosity to 10 (on Linux, `export AUTOGRAPH_VERBOSITY=10`) and attach the full output. Cause: converting <function wrap_vectorize.<locals>.<lambda> at 0x1357e8d90>: AttributeError: module 'gast' has no attribute 'Str'
2022-08-07 21:35:28,107 Entity <function wrap_vectorize.<locals>.<lambda> at 0x1357e8950> could not be transformed and will be executed as-is. Please report this to the AutgoGraph team. When filing the bug, set the verbosity to 10 (on Linux, `export AUTOGRAPH_VERBOSITY=10`) and attach the full output. Cause: converting <function wrap_vectorize.<locals>.<lambda> at 0x1357e8950>: AttributeError: module 'gast' has no attribute 'Str'
2022-08-07 21:35:28,141 Entity <function wrap_vectorize.<locals>.<lambda> at 0x1357e8400> could not be transformed and will be executed as-is. Please report this to the AutgoGraph team. When filing the bug, set the verbosity to 10 (on Linux, `export AUTOGRAPH_VERBOSITY=10`) and attach the full output. Cause: converting <function wrap_vectorize.<locals>.<lambda> at 0x1357e8400>: AttributeError: module 'gast' has no attribute 'Str'
2022-08-07 21:35:28,181 Entity <function wrap_vectorize.<locals>.<lambda> at 0x1357e8400> could not be transformed and will be executed as-is. Please report this to the AutgoGraph team. When filing the bug, set the verbosity to 10 (on Linux, `export AUTOGRAPH_VERBOSITY=10`) and attach the full output. Cause: converting <function wrap_vectorize.<locals>.<lambda> at 0x1357e8400>: AttributeError: module 'gast' has no attribute 'Str'
2022-08-07 21:35:28,257 Entity <function wrap_vectorize.<locals>.<lambda> at 0x135aa8400> could not be transformed and will be executed as-is. Please report this to the AutgoGraph team. When filing the bug, set the verbosity to 10 (on Linux, `export AUTOGRAPH_VERBOSITY=10`) and attach the full output. Cause: converting <function wrap_vectorize.<locals>.<lambda> at 0x135aa8400>: AttributeError: module 'gast' has no attribute 'Str'
2022-08-07 21:35:28,319 Entity <function wrap_vectorize.<locals>.<lambda> at 0x135aa8400> could not be transformed and will be executed as-is. Please report this to the AutgoGraph team. When filing the bug, set the verbosity to 10 (on Linux, `export AUTOGRAPH_VERBOSITY=10`) and attach the full output. Cause: converting <function wrap_vectorize.<locals>.<lambda> at 0x135aa8400>: AttributeError: module 'gast' has no attribute 'Str'
2022-08-07 21:35:28,606 Entity <function wrap_vectorize.<locals>.<lambda> at 0x135b46c80> could not be transformed and will be executed as-is. Please report this to the AutgoGraph team. When filing the bug, set the verbosity to 10 (on Linux, `export AUTOGRAPH_VERBOSITY=10`) and attach the full output. Cause: converting <function wrap_vectorize.<locals>.<lambda> at 0x135b46c80>: AttributeError: module 'gast' has no attribute 'Str'
2022-08-07 21:35:28,713 Entity <function wrap_vectorize.<locals>.<lambda> at 0x135b46f28> could not be transformed and will be executed as-is. Please report this to the AutgoGraph team. When filing the bug, set the verbosity to 10 (on Linux, `export AUTOGRAPH_VERBOSITY=10`) and attach the full output. Cause: converting <function wrap_vectorize.<locals>.<lambda> at 0x135b46f28>: AttributeError: module 'gast' has no attribute 'Str'
2022-08-07 21:35:28,753 Entity <function wrap_vectorize.<locals>.<lambda> at 0x135b46400> could not be transformed and will be executed as-is. Please report this to the AutgoGraph team. When filing the bug, set the verbosity to 10 (on Linux, `export AUTOGRAPH_VERBOSITY=10`) and attach the full output. Cause: converting <function wrap_vectorize.<locals>.<lambda> at 0x135b46400>: AttributeError: module 'gast' has no attribute 'Str'
2022-08-07 21:35:28,799 Entity <function wrap_vectorize.<locals>.<lambda> at 0x135b46400> could not be transformed and will be executed as-is. Please report this to the AutgoGraph team. When filing the bug, set the verbosity to 10 (on Linux, `export AUTOGRAPH_VERBOSITY=10`) and attach the full output. Cause: converting <function wrap_vectorize.<locals>.<lambda> at 0x135b46400>: AttributeError: module 'gast' has no attribute 'Str'
2022-08-07 21:35:28,864 Entity <function wrap_vectorize.<locals>.<lambda> at 0x135e24488> could not be transformed and will be executed as-is. Please report this to the AutgoGraph team. When filing the bug, set the verbosity to 10 (on Linux, `export AUTOGRAPH_VERBOSITY=10`) and attach the full output. Cause: converting <function wrap_vectorize.<locals>.<lambda> at 0x135e24488>: AttributeError: module 'gast' has no attribute 'Str'
2022-08-07 21:35:28,929 Entity <function wrap_vectorize.<locals>.<lambda> at 0x135e24488> could not be transformed and will be executed as-is. Please report this to the AutgoGraph team. When filing the bug, set the verbosity to 10 (on Linux, `export AUTOGRAPH_VERBOSITY=10`) and attach the full output. Cause: converting <function wrap_vectorize.<locals>.<lambda> at 0x135e24488>: AttributeError: module 'gast' has no attribute 'Str'
2022-08-07 21:35:29,208 Entity <function wrap_vectorize.<locals>.<lambda> at 0x135ea6840> could not be transformed and will be executed as-is. Please report this to the AutgoGraph team. When filing the bug, set the verbosity to 10 (on Linux, `export AUTOGRAPH_VERBOSITY=10`) and attach the full output. Cause: converting <function wrap_vectorize.<locals>.<lambda> at 0x135ea6840>: AttributeError: module 'gast' has no attribute 'Str'
2022-08-07 21:35:29,279 Entity <function wrap_vectorize.<locals>.<lambda> at 0x135ea6f28> could not be transformed and will be executed as-is. Please report this to the AutgoGraph team. When filing the bug, set the verbosity to 10 (on Linux, `export AUTOGRAPH_VERBOSITY=10`) and attach the full output. Cause: converting <function wrap_vectorize.<locals>.<lambda> at 0x135ea6f28>: AttributeError: module 'gast' has no attribute 'Str'
2022-08-07 21:35:29,314 Entity <function wrap_vectorize.<locals>.<lambda> at 0x135ea6e18> could not be transformed and will be executed as-is. Please report this to the AutgoGraph team. When filing the bug, set the verbosity to 10 (on Linux, `export AUTOGRAPH_VERBOSITY=10`) and attach the full output. Cause: converting <function wrap_vectorize.<locals>.<lambda> at 0x135ea6e18>: AttributeError: module 'gast' has no attribute 'Str'
2022-08-07 21:35:29,354 Entity <function wrap_vectorize.<locals>.<lambda> at 0x135ea6e18> could not be transformed and will be executed as-is. Please report this to the AutgoGraph team. When filing the bug, set the verbosity to 10 (on Linux, `export AUTOGRAPH_VERBOSITY=10`) and attach the full output. Cause: converting <function wrap_vectorize.<locals>.<lambda> at 0x135ea6e18>: AttributeError: module 'gast' has no attribute 'Str'
2022-08-07 21:35:29,394 Entity <function wrap_vectorize.<locals>.<lambda> at 0x13618c378> could not be transformed and will be executed as-is. Please report this to the AutgoGraph team. When filing the bug, set the verbosity to 10 (on Linux, `export AUTOGRAPH_VERBOSITY=10`) and attach the full output. Cause: converting <function wrap_vectorize.<locals>.<lambda> at 0x13618c378>: AttributeError: module 'gast' has no attribute 'Str'
2022-08-07 21:35:29,429 Entity <function wrap_vectorize.<locals>.<lambda> at 0x13618c378> could not be transformed and will be executed as-is. Please report this to the AutgoGraph team. When filing the bug, set the verbosity to 10 (on Linux, `export AUTOGRAPH_VERBOSITY=10`) and attach the full output. Cause: converting <function wrap_vectorize.<locals>.<lambda> at 0x13618c378>: AttributeError: module 'gast' has no attribute 'Str'
2022-08-07 21:35:29,606 Entity <function wrap_vectorize.<locals>.<lambda> at 0x1361fe730> could not be transformed and will be executed as-is. Please report this to the AutgoGraph team. When filing the bug, set the verbosity to 10 (on Linux, `export AUTOGRAPH_VERBOSITY=10`) and attach the full output. Cause: converting <function wrap_vectorize.<locals>.<lambda> at 0x1361fe730>: AttributeError: module 'gast' has no attribute 'Str'
2022-08-07 21:35:29,681 Entity <function wrap_vectorize.<locals>.<lambda> at 0x1361feea0> could not be transformed and will be executed as-is. Please report this to the AutgoGraph team. When filing the bug, set the verbosity to 10 (on Linux, `export AUTOGRAPH_VERBOSITY=10`) and attach the full output. Cause: converting <function wrap_vectorize.<locals>.<lambda> at 0x1361feea0>: AttributeError: module 'gast' has no attribute 'Str'
2022-08-07 21:35:29,721 Entity <function wrap_vectorize.<locals>.<lambda> at 0x1361fe7b8> could not be transformed and will be executed as-is. Please report this to the AutgoGraph team. When filing the bug, set the verbosity to 10 (on Linux, `export AUTOGRAPH_VERBOSITY=10`) and attach the full output. Cause: converting <function wrap_vectorize.<locals>.<lambda> at 0x1361fe7b8>: AttributeError: module 'gast' has no attribute 'Str'
2022-08-07 21:35:29,774 Entity <function wrap_vectorize.<locals>.<lambda> at 0x1361fe7b8> could not be transformed and will be executed as-is. Please report this to the AutgoGraph team. When filing the bug, set the verbosity to 10 (on Linux, `export AUTOGRAPH_VERBOSITY=10`) and attach the full output. Cause: converting <function wrap_vectorize.<locals>.<lambda> at 0x1361fe7b8>: AttributeError: module 'gast' has no attribute 'Str'
2022-08-07 21:35:29,829 Entity <function wrap_vectorize.<locals>.<lambda> at 0x136500268> could not be transformed and will be executed as-is. Please report this to the AutgoGraph team. When filing the bug, set the verbosity to 10 (on Linux, `export AUTOGRAPH_VERBOSITY=10`) and attach the full output. Cause: converting <function wrap_vectorize.<locals>.<lambda> at 0x136500268>: AttributeError: module 'gast' has no attribute 'Str'
2022-08-07 21:35:29,874 Entity <function wrap_vectorize.<locals>.<lambda> at 0x136500268> could not be transformed and will be executed as-is. Please report this to the AutgoGraph team. When filing the bug, set the verbosity to 10 (on Linux, `export AUTOGRAPH_VERBOSITY=10`) and attach the full output. Cause: converting <function wrap_vectorize.<locals>.<lambda> at 0x136500268>: AttributeError: module 'gast' has no attribute 'Str'
2022-08-07 21:35:30,102 Entity <function wrap_vectorize.<locals>.<lambda> at 0x136500a60> could not be transformed and will be executed as-is. Please report this to the AutgoGraph team. When filing the bug, set the verbosity to 10 (on Linux, `export AUTOGRAPH_VERBOSITY=10`) and attach the full output. Cause: converting <function wrap_vectorize.<locals>.<lambda> at 0x136500a60>: AttributeError: module 'gast' has no attribute 'Str'
2022-08-07 21:35:30,174 Entity <function wrap_vectorize.<locals>.<lambda> at 0x136561d90> could not be transformed and will be executed as-is. Please report this to the AutgoGraph team. When filing the bug, set the verbosity to 10 (on Linux, `export AUTOGRAPH_VERBOSITY=10`) and attach the full output. Cause: converting <function wrap_vectorize.<locals>.<lambda> at 0x136561d90>: AttributeError: module 'gast' has no attribute 'Str'
2022-08-07 21:35:30,207 Entity <function wrap_vectorize.<locals>.<lambda> at 0x1365616a8> could not be transformed and will be executed as-is. Please report this to the AutgoGraph team. When filing the bug, set the verbosity to 10 (on Linux, `export AUTOGRAPH_VERBOSITY=10`) and attach the full output. Cause: converting <function wrap_vectorize.<locals>.<lambda> at 0x1365616a8>: AttributeError: module 'gast' has no attribute 'Str'
2022-08-07 21:35:30,248 Entity <function wrap_vectorize.<locals>.<lambda> at 0x1365616a8> could not be transformed and will be executed as-is. Please report this to the AutgoGraph team. When filing the bug, set the verbosity to 10 (on Linux, `export AUTOGRAPH_VERBOSITY=10`) and attach the full output. Cause: converting <function wrap_vectorize.<locals>.<lambda> at 0x1365616a8>: AttributeError: module 'gast' has no attribute 'Str'
2022-08-07 21:35:30,290 Entity <function wrap_vectorize.<locals>.<lambda> at 0x13685f158> could not be transformed and will be executed as-is. Please report this to the AutgoGraph team. When filing the bug, set the verbosity to 10 (on Linux, `export AUTOGRAPH_VERBOSITY=10`) and attach the full output. Cause: converting <function wrap_vectorize.<locals>.<lambda> at 0x13685f158>: AttributeError: module 'gast' has no attribute 'Str'
2022-08-07 21:35:30,335 Entity <function wrap_vectorize.<locals>.<lambda> at 0x13685f158> could not be transformed and will be executed as-is. Please report this to the AutgoGraph team. When filing the bug, set the verbosity to 10 (on Linux, `export AUTOGRAPH_VERBOSITY=10`) and attach the full output. Cause: converting <function wrap_vectorize.<locals>.<lambda> at 0x13685f158>: AttributeError: module 'gast' has no attribute 'Str'
2022-08-07 21:35:30,530 Entity <function wrap_vectorize.<locals>.<lambda> at 0x13685f9d8> could not be transformed and will be executed as-is. Please report this to the AutgoGraph team. When filing the bug, set the verbosity to 10 (on Linux, `export AUTOGRAPH_VERBOSITY=10`) and attach the full output. Cause: converting <function wrap_vectorize.<locals>.<lambda> at 0x13685f9d8>: AttributeError: module 'gast' has no attribute 'Str'
2022-08-07 21:35:30,600 Entity <function wrap_vectorize.<locals>.<lambda> at 0x1368c9c80> could not be transformed and will be executed as-is. Please report this to the AutgoGraph team. When filing the bug, set the verbosity to 10 (on Linux, `export AUTOGRAPH_VERBOSITY=10`) and attach the full output. Cause: converting <function wrap_vectorize.<locals>.<lambda> at 0x1368c9c80>: AttributeError: module 'gast' has no attribute 'Str'
2022-08-07 21:35:30,633 Entity <function wrap_vectorize.<locals>.<lambda> at 0x1368c9ea0> could not be transformed and will be executed as-is. Please report this to the AutgoGraph team. When filing the bug, set the verbosity to 10 (on Linux, `export AUTOGRAPH_VERBOSITY=10`) and attach the full output. Cause: converting <function wrap_vectorize.<locals>.<lambda> at 0x1368c9ea0>: AttributeError: module 'gast' has no attribute 'Str'
2022-08-07 21:35:30,741 Entity <function wrap_vectorize.<locals>.<lambda> at 0x1368c9ea0> could not be transformed and will be executed as-is. Please report this to the AutgoGraph team. When filing the bug, set the verbosity to 10 (on Linux, `export AUTOGRAPH_VERBOSITY=10`) and attach the full output. Cause: converting <function wrap_vectorize.<locals>.<lambda> at 0x1368c9ea0>: AttributeError: module 'gast' has no attribute 'Str'
2022-08-07 21:35:30,789 Entity <function wrap_vectorize.<locals>.<lambda> at 0x136bc2158> could not be transformed and will be executed as-is. Please report this to the AutgoGraph team. When filing the bug, set the verbosity to 10 (on Linux, `export AUTOGRAPH_VERBOSITY=10`) and attach the full output. Cause: converting <function wrap_vectorize.<locals>.<lambda> at 0x136bc2158>: AttributeError: module 'gast' has no attribute 'Str'
2022-08-07 21:35:30,830 Entity <function wrap_vectorize.<locals>.<lambda> at 0x136bc2158> could not be transformed and will be executed as-is. Please report this to the AutgoGraph team. When filing the bug, set the verbosity to 10 (on Linux, `export AUTOGRAPH_VERBOSITY=10`) and attach the full output. Cause: converting <function wrap_vectorize.<locals>.<lambda> at 0x136bc2158>: AttributeError: module 'gast' has no attribute 'Str'
2022-08-07 21:35:31,006 Entity <function wrap_vectorize.<locals>.<lambda> at 0x136bc2840> could not be transformed and will be executed as-is. Please report this to the AutgoGraph team. When filing the bug, set the verbosity to 10 (on Linux, `export AUTOGRAPH_VERBOSITY=10`) and attach the full output. Cause: converting <function wrap_vectorize.<locals>.<lambda> at 0x136bc2840>: AttributeError: module 'gast' has no attribute 'Str'
2022-08-07 21:35:31,068 Entity <function wrap_vectorize.<locals>.<lambda> at 0x136c34b70> could not be transformed and will be executed as-is. Please report this to the AutgoGraph team. When filing the bug, set the verbosity to 10 (on Linux, `export AUTOGRAPH_VERBOSITY=10`) and attach the full output. Cause: converting <function wrap_vectorize.<locals>.<lambda> at 0x136c34b70>: AttributeError: module 'gast' has no attribute 'Str'
2022-08-07 21:35:31,104 Entity <function wrap_vectorize.<locals>.<lambda> at 0x136c34d90> could not be transformed and will be executed as-is. Please report this to the AutgoGraph team. When filing the bug, set the verbosity to 10 (on Linux, `export AUTOGRAPH_VERBOSITY=10`) and attach the full output. Cause: converting <function wrap_vectorize.<locals>.<lambda> at 0x136c34d90>: AttributeError: module 'gast' has no attribute 'Str'
2022-08-07 21:35:31,144 Entity <function wrap_vectorize.<locals>.<lambda> at 0x136c34d90> could not be transformed and will be executed as-is. Please report this to the AutgoGraph team. When filing the bug, set the verbosity to 10 (on Linux, `export AUTOGRAPH_VERBOSITY=10`) and attach the full output. Cause: converting <function wrap_vectorize.<locals>.<lambda> at 0x136c34d90>: AttributeError: module 'gast' has no attribute 'Str'
2022-08-07 21:35:31,189 Entity <function wrap_vectorize.<locals>.<lambda> at 0x136f30048> could not be transformed and will be executed as-is. Please report this to the AutgoGraph team. When filing the bug, set the verbosity to 10 (on Linux, `export AUTOGRAPH_VERBOSITY=10`) and attach the full output. Cause: converting <function wrap_vectorize.<locals>.<lambda> at 0x136f30048>: AttributeError: module 'gast' has no attribute 'Str'
2022-08-07 21:35:31,224 Entity <function wrap_vectorize.<locals>.<lambda> at 0x136f30378> could not be transformed and will be executed as-is. Please report this to the AutgoGraph team. When filing the bug, set the verbosity to 10 (on Linux, `export AUTOGRAPH_VERBOSITY=10`) and attach the full output. Cause: converting <function wrap_vectorize.<locals>.<lambda> at 0x136f30378>: AttributeError: module 'gast' has no attribute 'Str'
2022-08-07 21:35:31,424 Entity <function wrap_vectorize.<locals>.<lambda> at 0x136fb4488> could not be transformed and will be executed as-is. Please report this to the AutgoGraph team. When filing the bug, set the verbosity to 10 (on Linux, `export AUTOGRAPH_VERBOSITY=10`) and attach the full output. Cause: converting <function wrap_vectorize.<locals>.<lambda> at 0x136fb4488>: AttributeError: module 'gast' has no attribute 'Str'
2022-08-07 21:35:31,459 Entity <function wrap_vectorize.<locals>.<lambda> at 0x136fb4598> could not be transformed and will be executed as-is. Please report this to the AutgoGraph team. When filing the bug, set the verbosity to 10 (on Linux, `export AUTOGRAPH_VERBOSITY=10`) and attach the full output. Cause: converting <function wrap_vectorize.<locals>.<lambda> at 0x136fb4598>: AttributeError: module 'gast' has no attribute 'Str'
2022-08-07 21:35:31,544 Entity <function wrap_vectorize.<locals>.<lambda> at 0x13726d2f0> could not be transformed and will be executed as-is. Please report this to the AutgoGraph team. When filing the bug, set the verbosity to 10 (on Linux, `export AUTOGRAPH_VERBOSITY=10`) and attach the full output. Cause: converting <function wrap_vectorize.<locals>.<lambda> at 0x13726d2f0>: AttributeError: module 'gast' has no attribute 'Str'
2022-08-07 21:35:31,591 Entity <function wrap_vectorize.<locals>.<lambda> at 0x13726d268> could not be transformed and will be executed as-is. Please report this to the AutgoGraph team. When filing the bug, set the verbosity to 10 (on Linux, `export AUTOGRAPH_VERBOSITY=10`) and attach the full output. Cause: converting <function wrap_vectorize.<locals>.<lambda> at 0x13726d268>: AttributeError: module 'gast' has no attribute 'Str'
2022-08-07 21:35:31,620 Entity <function wrap_vectorize.<locals>.<lambda> at 0x13726d598> could not be transformed and will be executed as-is. Please report this to the AutgoGraph team. When filing the bug, set the verbosity to 10 (on Linux, `export AUTOGRAPH_VERBOSITY=10`) and attach the full output. Cause: converting <function wrap_vectorize.<locals>.<lambda> at 0x13726d598>: AttributeError: module 'gast' has no attribute 'Str'
2022-08-07 21:35:31,666 Entity <function wrap_vectorize.<locals>.<lambda> at 0x13726dc80> could not be transformed and will be executed as-is. Please report this to the AutgoGraph team. When filing the bug, set the verbosity to 10 (on Linux, `export AUTOGRAPH_VERBOSITY=10`) and attach the full output. Cause: converting <function wrap_vectorize.<locals>.<lambda> at 0x13726dc80>: AttributeError: module 'gast' has no attribute 'Str'
2022-08-07 21:35:32,476 
 Running MD Simulation for 100 steps
2022-08-07 21:35:39,689 Number of density samples used:9
2022-08-07 21:35:39,768 Number of positive ions:216.0
2022-08-07 21:35:39,768 Number of negative ions:216
2022-08-07 21:35:39,876 Entity <function wrap_vectorize.<locals>.<lambda> at 0x1348148c8> could not be transformed and will be executed as-is. Please report this to the AutgoGraph team. When filing the bug, set the verbosity to 10 (on Linux, `export AUTOGRAPH_VERBOSITY=10`) and attach the full output. Cause: converting <function wrap_vectorize.<locals>.<lambda> at 0x1348148c8>: AttributeError: module 'gast' has no attribute 'Str'
2022-08-07 21:35:39,942 Entity <function wrap_vectorize.<locals>.<lambda> at 0x13778ae18> could not be transformed and will be executed as-is. Please report this to the AutgoGraph team. When filing the bug, set the verbosity to 10 (on Linux, `export AUTOGRAPH_VERBOSITY=10`) and attach the full output. Cause: converting <function wrap_vectorize.<locals>.<lambda> at 0x13778ae18>: AttributeError: module 'gast' has no attribute 'Str'
2022-08-07 21:35:39,976 Entity <function wrap_vectorize.<locals>.<lambda> at 0x13778aea0> could not be transformed and will be executed as-is. Please report this to the AutgoGraph team. When filing the bug, set the verbosity to 10 (on Linux, `export AUTOGRAPH_VERBOSITY=10`) and attach the full output. Cause: converting <function wrap_vectorize.<locals>.<lambda> at 0x13778aea0>: AttributeError: module 'gast' has no attribute 'Str'
2022-08-07 21:35:40,017 Entity <function wrap_vectorize.<locals>.<lambda> at 0x13778a8c8> could not be transformed and will be executed as-is. Please report this to the AutgoGraph team. When filing the bug, set the verbosity to 10 (on Linux, `export AUTOGRAPH_VERBOSITY=10`) and attach the full output. Cause: converting <function wrap_vectorize.<locals>.<lambda> at 0x13778a8c8>: AttributeError: module 'gast' has no attribute 'Str'
2022-08-07 21:35:40,063 Entity <function wrap_vectorize.<locals>.<lambda> at 0x13787e6a8> could not be transformed and will be executed as-is. Please report this to the AutgoGraph team. When filing the bug, set the verbosity to 10 (on Linux, `export AUTOGRAPH_VERBOSITY=10`) and attach the full output. Cause: converting <function wrap_vectorize.<locals>.<lambda> at 0x13787e6a8>: AttributeError: module 'gast' has no attribute 'Str'
2022-08-07 21:35:40,098 Entity <function wrap_vectorize.<locals>.<lambda> at 0x13787ec80> could not be transformed and will be executed as-is. Please report this to the AutgoGraph team. When filing the bug, set the verbosity to 10 (on Linux, `export AUTOGRAPH_VERBOSITY=10`) and attach the full output. Cause: converting <function wrap_vectorize.<locals>.<lambda> at 0x13787ec80>: AttributeError: module 'gast' has no attribute 'Str'
2022-08-07 21:35:40,171 Total_surface_charge:-0.0
charge_meshpoint:-0.0
2022-08-07 21:35:40,171 Charge density:-0.0
2022-08-07 21:35:40,171 Dielectric constant of water 80
2022-08-07 21:35:40,171 Unit length 0.55
2022-08-07 21:35:40,171 Unit of mass 3.8409999999999993e-23
2022-08-07 21:35:40,171 Unit of energy 4.114486e-14
2022-08-07 21:35:40,172 Unit time 5.314067280204312e-09
2022-08-07 21:35:40,172 Simulation box dimensions (in reduced units) x | y | z 27.27272727272727|27.27272727272727|7.2727272727272725
2022-08-07 21:35:40,172 Box dimensions (in nanometers) x | y | z 15.0|15.0|4.0
2022-08-07 21:35:40,172 Permittivity inside and outside the confinement (channel) 80,80
2022-08-07 21:35:40,172 Dielectric contrast across interfaces 0.0
2022-08-07 21:35:40,172 Positive (+) ion valency 1.0
2022-08-07 21:35:40,172 Negative (-) ion valency -1.0
2022-08-07 21:35:40,172 Valency of counter ions is 1
2022-08-07 21:35:40,172 positive ion diameter (red. units) 1.0
2022-08-07 21:35:40,172 negative ion diameter (red. units) 1.0
2022-08-07 21:35:40,172 counter ion diameter (red units) 1.0
2022-08-07 21:35:40,172 In MD, charge density -0.0
2022-08-07 21:35:40,172 Ion (salt) concentration (c) inside 0.4 M
2022-08-07 21:35:40,172 Debye length 0.8743621157328897
2022-08-07 21:35:40,172 Mean separation between ions 2.322149795131979
2022-08-07 21:35:40,172 Temperature (in Kelvin) 298
2022-08-07 21:35:40,172 Binning width (uniform) 0.050156739811912224
2022-08-07 21:35:40,172 Number of bins147
2022-08-07 21:35:40,172 Number of points discretizing the left and right planar walls/interfaces/surfaces 1764 1764
2022-08-07 21:35:40,172 Number of ions 432.0
2022-08-07 21:35:40,172 Number of counter ions 0.0
2022-08-07 21:35:40,172 Time step in the simulation0.001
2022-08-07 21:35:40,183 Entity <function wrap_vectorize.<locals>.<lambda> at 0x13787ec80> could not be transformed and will be executed as-is. Please report this to the AutgoGraph team. When filing the bug, set the verbosity to 10 (on Linux, `export AUTOGRAPH_VERBOSITY=10`) and attach the full output. Cause: converting <function wrap_vectorize.<locals>.<lambda> at 0x13787ec80>: AttributeError: module 'gast' has no attribute 'Str'
2022-08-07 21:35:40,255 Entity <function wrap_vectorize.<locals>.<lambda> at 0x13787ec80> could not be transformed and will be executed as-is. Please report this to the AutgoGraph team. When filing the bug, set the verbosity to 10 (on Linux, `export AUTOGRAPH_VERBOSITY=10`) and attach the full output. Cause: converting <function wrap_vectorize.<locals>.<lambda> at 0x13787ec80>: AttributeError: module 'gast' has no attribute 'Str'
2022-08-07 21:35:40,290 Entity <function wrap_vectorize.<locals>.<lambda> at 0x13787e8c8> could not be transformed and will be executed as-is. Please report this to the AutgoGraph team. When filing the bug, set the verbosity to 10 (on Linux, `export AUTOGRAPH_VERBOSITY=10`) and attach the full output. Cause: converting <function wrap_vectorize.<locals>.<lambda> at 0x13787e8c8>: AttributeError: module 'gast' has no attribute 'Str'
2022-08-07 21:35:40,333 Entity <function wrap_vectorize.<locals>.<lambda> at 0x137920d08> could not be transformed and will be executed as-is. Please report this to the AutgoGraph team. When filing the bug, set the verbosity to 10 (on Linux, `export AUTOGRAPH_VERBOSITY=10`) and attach the full output. Cause: converting <function wrap_vectorize.<locals>.<lambda> at 0x137920d08>: AttributeError: module 'gast' has no attribute 'Str'
2022-08-07 21:35:40,374 Entity <function wrap_vectorize.<locals>.<lambda> at 0x137920bf8> could not be transformed and will be executed as-is. Please report this to the AutgoGraph team. When filing the bug, set the verbosity to 10 (on Linux, `export AUTOGRAPH_VERBOSITY=10`) and attach the full output. Cause: converting <function wrap_vectorize.<locals>.<lambda> at 0x137920bf8>: AttributeError: module 'gast' has no attribute 'Str'
2022-08-07 21:35:40,408 Entity <function wrap_vectorize.<locals>.<lambda> at 0x137e60730> could not be transformed and will be executed as-is. Please report this to the AutgoGraph team. When filing the bug, set the verbosity to 10 (on Linux, `export AUTOGRAPH_VERBOSITY=10`) and attach the full output. Cause: converting <function wrap_vectorize.<locals>.<lambda> at 0x137e60730>: AttributeError: module 'gast' has no attribute 'Str'
2022-08-07 21:35:41,457 initial KE:0.0
2022-08-07 21:35:41,511 Entity <function wrap_vectorize.<locals>.<lambda> at 0x137e60bf8> could not be transformed and will be executed as-is. Please report this to the AutgoGraph team. When filing the bug, set the verbosity to 10 (on Linux, `export AUTOGRAPH_VERBOSITY=10`) and attach the full output. Cause: converting <function wrap_vectorize.<locals>.<lambda> at 0x137e60bf8>: AttributeError: module 'gast' has no attribute 'Str'
2022-08-07 21:35:41,573 Entity <function wrap_vectorize.<locals>.<lambda> at 0x1379c68c8> could not be transformed and will be executed as-is. Please report this to the AutgoGraph team. When filing the bug, set the verbosity to 10 (on Linux, `export AUTOGRAPH_VERBOSITY=10`) and attach the full output. Cause: converting <function wrap_vectorize.<locals>.<lambda> at 0x1379c68c8>: AttributeError: module 'gast' has no attribute 'Str'
2022-08-07 21:35:41,606 Entity <function wrap_vectorize.<locals>.<lambda> at 0x1379c6840> could not be transformed and will be executed as-is. Please report this to the AutgoGraph team. When filing the bug, set the verbosity to 10 (on Linux, `export AUTOGRAPH_VERBOSITY=10`) and attach the full output. Cause: converting <function wrap_vectorize.<locals>.<lambda> at 0x1379c6840>: AttributeError: module 'gast' has no attribute 'Str'
2022-08-07 21:35:41,651 Entity <function wrap_vectorize.<locals>.<lambda> at 0x1379c6840> could not be transformed and will be executed as-is. Please report this to the AutgoGraph team. When filing the bug, set the verbosity to 10 (on Linux, `export AUTOGRAPH_VERBOSITY=10`) and attach the full output. Cause: converting <function wrap_vectorize.<locals>.<lambda> at 0x1379c6840>: AttributeError: module 'gast' has no attribute 'Str'
2022-08-07 21:35:41,703 Entity <function wrap_vectorize.<locals>.<lambda> at 0x137ee6400> could not be transformed and will be executed as-is. Please report this to the AutgoGraph team. When filing the bug, set the verbosity to 10 (on Linux, `export AUTOGRAPH_VERBOSITY=10`) and attach the full output. Cause: converting <function wrap_vectorize.<locals>.<lambda> at 0x137ee6400>: AttributeError: module 'gast' has no attribute 'Str'
2022-08-07 21:35:41,753 Entity <function wrap_vectorize.<locals>.<lambda> at 0x137ee6400> could not be transformed and will be executed as-is. Please report this to the AutgoGraph team. When filing the bug, set the verbosity to 10 (on Linux, `export AUTOGRAPH_VERBOSITY=10`) and attach the full output. Cause: converting <function wrap_vectorize.<locals>.<lambda> at 0x137ee6400>: AttributeError: module 'gast' has no attribute 'Str'
2022-08-07 21:35:41,948 Entity <function wrap_vectorize.<locals>.<lambda> at 0x137f67620> could not be transformed and will be executed as-is. Please report this to the AutgoGraph team. When filing the bug, set the verbosity to 10 (on Linux, `export AUTOGRAPH_VERBOSITY=10`) and attach the full output. Cause: converting <function wrap_vectorize.<locals>.<lambda> at 0x137f67620>: AttributeError: module 'gast' has no attribute 'Str'
2022-08-07 21:35:42,021 Entity <function wrap_vectorize.<locals>.<lambda> at 0x137f679d8> could not be transformed and will be executed as-is. Please report this to the AutgoGraph team. When filing the bug, set the verbosity to 10 (on Linux, `export AUTOGRAPH_VERBOSITY=10`) and attach the full output. Cause: converting <function wrap_vectorize.<locals>.<lambda> at 0x137f679d8>: AttributeError: module 'gast' has no attribute 'Str'
2022-08-07 21:35:42,055 Entity <function wrap_vectorize.<locals>.<lambda> at 0x137f67c80> could not be transformed and will be executed as-is. Please report this to the AutgoGraph team. When filing the bug, set the verbosity to 10 (on Linux, `export AUTOGRAPH_VERBOSITY=10`) and attach the full output. Cause: converting <function wrap_vectorize.<locals>.<lambda> at 0x137f67c80>: AttributeError: module 'gast' has no attribute 'Str'
2022-08-07 21:35:42,099 Entity <function wrap_vectorize.<locals>.<lambda> at 0x137f67268> could not be transformed and will be executed as-is. Please report this to the AutgoGraph team. When filing the bug, set the verbosity to 10 (on Linux, `export AUTOGRAPH_VERBOSITY=10`) and attach the full output. Cause: converting <function wrap_vectorize.<locals>.<lambda> at 0x137f67268>: AttributeError: module 'gast' has no attribute 'Str'
2022-08-07 21:35:42,145 Entity <function wrap_vectorize.<locals>.<lambda> at 0x138213158> could not be transformed and will be executed as-is. Please report this to the AutgoGraph team. When filing the bug, set the verbosity to 10 (on Linux, `export AUTOGRAPH_VERBOSITY=10`) and attach the full output. Cause: converting <function wrap_vectorize.<locals>.<lambda> at 0x138213158>: AttributeError: module 'gast' has no attribute 'Str'
2022-08-07 21:35:42,180 Entity <function wrap_vectorize.<locals>.<lambda> at 0x138213ea0> could not be transformed and will be executed as-is. Please report this to the AutgoGraph team. When filing the bug, set the verbosity to 10 (on Linux, `export AUTOGRAPH_VERBOSITY=10`) and attach the full output. Cause: converting <function wrap_vectorize.<locals>.<lambda> at 0x138213ea0>: AttributeError: module 'gast' has no attribute 'Str'
2022-08-07 21:35:42,367 Entity <function wrap_vectorize.<locals>.<lambda> at 0x1382c09d8> could not be transformed and will be executed as-is. Please report this to the AutgoGraph team. When filing the bug, set the verbosity to 10 (on Linux, `export AUTOGRAPH_VERBOSITY=10`) and attach the full output. Cause: converting <function wrap_vectorize.<locals>.<lambda> at 0x1382c09d8>: AttributeError: module 'gast' has no attribute 'Str'
2022-08-07 21:35:42,431 Entity <function wrap_vectorize.<locals>.<lambda> at 0x1382c02f0> could not be transformed and will be executed as-is. Please report this to the AutgoGraph team. When filing the bug, set the verbosity to 10 (on Linux, `export AUTOGRAPH_VERBOSITY=10`) and attach the full output. Cause: converting <function wrap_vectorize.<locals>.<lambda> at 0x1382c02f0>: AttributeError: module 'gast' has no attribute 'Str'
2022-08-07 21:35:42,461 Entity <function wrap_vectorize.<locals>.<lambda> at 0x1382c0730> could not be transformed and will be executed as-is. Please report this to the AutgoGraph team. When filing the bug, set the verbosity to 10 (on Linux, `export AUTOGRAPH_VERBOSITY=10`) and attach the full output. Cause: converting <function wrap_vectorize.<locals>.<lambda> at 0x1382c0730>: AttributeError: module 'gast' has no attribute 'Str'
2022-08-07 21:35:42,501 Entity <function wrap_vectorize.<locals>.<lambda> at 0x13834d488> could not be transformed and will be executed as-is. Please report this to the AutgoGraph team. When filing the bug, set the verbosity to 10 (on Linux, `export AUTOGRAPH_VERBOSITY=10`) and attach the full output. Cause: converting <function wrap_vectorize.<locals>.<lambda> at 0x13834d488>: AttributeError: module 'gast' has no attribute 'Str'
2022-08-07 21:35:42,543 Entity <function wrap_vectorize.<locals>.<lambda> at 0x13853d510> could not be transformed and will be executed as-is. Please report this to the AutgoGraph team. When filing the bug, set the verbosity to 10 (on Linux, `export AUTOGRAPH_VERBOSITY=10`) and attach the full output. Cause: converting <function wrap_vectorize.<locals>.<lambda> at 0x13853d510>: AttributeError: module 'gast' has no attribute 'Str'
2022-08-07 21:35:42,578 Entity <function wrap_vectorize.<locals>.<lambda> at 0x13861d620> could not be transformed and will be executed as-is. Please report this to the AutgoGraph team. When filing the bug, set the verbosity to 10 (on Linux, `export AUTOGRAPH_VERBOSITY=10`) and attach the full output. Cause: converting <function wrap_vectorize.<locals>.<lambda> at 0x13861d620>: AttributeError: module 'gast' has no attribute 'Str'
2022-08-07 21:35:42,769 Entity <function wrap_vectorize.<locals>.<lambda> at 0x13861dd90> could not be transformed and will be executed as-is. Please report this to the AutgoGraph team. When filing the bug, set the verbosity to 10 (on Linux, `export AUTOGRAPH_VERBOSITY=10`) and attach the full output. Cause: converting <function wrap_vectorize.<locals>.<lambda> at 0x13861dd90>: AttributeError: module 'gast' has no attribute 'Str'
2022-08-07 21:35:42,941 Entity <function wrap_vectorize.<locals>.<lambda> at 0x138670840> could not be transformed and will be executed as-is. Please report this to the AutgoGraph team. When filing the bug, set the verbosity to 10 (on Linux, `export AUTOGRAPH_VERBOSITY=10`) and attach the full output. Cause: converting <function wrap_vectorize.<locals>.<lambda> at 0x138670840>: AttributeError: module 'gast' has no attribute 'Str'
2022-08-07 21:35:42,976 Entity <function wrap_vectorize.<locals>.<lambda> at 0x138670048> could not be transformed and will be executed as-is. Please report this to the AutgoGraph team. When filing the bug, set the verbosity to 10 (on Linux, `export AUTOGRAPH_VERBOSITY=10`) and attach the full output. Cause: converting <function wrap_vectorize.<locals>.<lambda> at 0x138670048>: AttributeError: module 'gast' has no attribute 'Str'
2022-08-07 21:35:43,023 Entity <function wrap_vectorize.<locals>.<lambda> at 0x138670a60> could not be transformed and will be executed as-is. Please report this to the AutgoGraph team. When filing the bug, set the verbosity to 10 (on Linux, `export AUTOGRAPH_VERBOSITY=10`) and attach the full output. Cause: converting <function wrap_vectorize.<locals>.<lambda> at 0x138670a60>: AttributeError: module 'gast' has no attribute 'Str'
2022-08-07 21:35:43,066 Entity <function wrap_vectorize.<locals>.<lambda> at 0x13886ac80> could not be transformed and will be executed as-is. Please report this to the AutgoGraph team. When filing the bug, set the verbosity to 10 (on Linux, `export AUTOGRAPH_VERBOSITY=10`) and attach the full output. Cause: converting <function wrap_vectorize.<locals>.<lambda> at 0x13886ac80>: AttributeError: module 'gast' has no attribute 'Str'
2022-08-07 21:35:43,100 Entity <function wrap_vectorize.<locals>.<lambda> at 0x138944840> could not be transformed and will be executed as-is. Please report this to the AutgoGraph team. When filing the bug, set the verbosity to 10 (on Linux, `export AUTOGRAPH_VERBOSITY=10`) and attach the full output. Cause: converting <function wrap_vectorize.<locals>.<lambda> at 0x138944840>: AttributeError: module 'gast' has no attribute 'Str'
2022-08-07 21:35:43,292 Entity <function wrap_vectorize.<locals>.<lambda> at 0x138944510> could not be transformed and will be executed as-is. Please report this to the AutgoGraph team. When filing the bug, set the verbosity to 10 (on Linux, `export AUTOGRAPH_VERBOSITY=10`) and attach the full output. Cause: converting <function wrap_vectorize.<locals>.<lambda> at 0x138944510>: AttributeError: module 'gast' has no attribute 'Str'
2022-08-07 21:35:43,351 Entity <function wrap_vectorize.<locals>.<lambda> at 0x1389a31e0> could not be transformed and will be executed as-is. Please report this to the AutgoGraph team. When filing the bug, set the verbosity to 10 (on Linux, `export AUTOGRAPH_VERBOSITY=10`) and attach the full output. Cause: converting <function wrap_vectorize.<locals>.<lambda> at 0x1389a31e0>: AttributeError: module 'gast' has no attribute 'Str'
2022-08-07 21:35:43,381 Entity <function wrap_vectorize.<locals>.<lambda> at 0x1389a3400> could not be transformed and will be executed as-is. Please report this to the AutgoGraph team. When filing the bug, set the verbosity to 10 (on Linux, `export AUTOGRAPH_VERBOSITY=10`) and attach the full output. Cause: converting <function wrap_vectorize.<locals>.<lambda> at 0x1389a3400>: AttributeError: module 'gast' has no attribute 'Str'
2022-08-07 21:35:43,420 Entity <function wrap_vectorize.<locals>.<lambda> at 0x1389a3c80> could not be transformed and will be executed as-is. Please report this to the AutgoGraph team. When filing the bug, set the verbosity to 10 (on Linux, `export AUTOGRAPH_VERBOSITY=10`) and attach the full output. Cause: converting <function wrap_vectorize.<locals>.<lambda> at 0x1389a3c80>: AttributeError: module 'gast' has no attribute 'Str'
2022-08-07 21:35:43,462 Entity <function wrap_vectorize.<locals>.<lambda> at 0x138c5b268> could not be transformed and will be executed as-is. Please report this to the AutgoGraph team. When filing the bug, set the verbosity to 10 (on Linux, `export AUTOGRAPH_VERBOSITY=10`) and attach the full output. Cause: converting <function wrap_vectorize.<locals>.<lambda> at 0x138c5b268>: AttributeError: module 'gast' has no attribute 'Str'
2022-08-07 21:35:43,503 Entity <function wrap_vectorize.<locals>.<lambda> at 0x138c5bf28> could not be transformed and will be executed as-is. Please report this to the AutgoGraph team. When filing the bug, set the verbosity to 10 (on Linux, `export AUTOGRAPH_VERBOSITY=10`) and attach the full output. Cause: converting <function wrap_vectorize.<locals>.<lambda> at 0x138c5bf28>: AttributeError: module 'gast' has no attribute 'Str'
2022-08-07 21:35:43,687 Entity <function wrap_vectorize.<locals>.<lambda> at 0x138cc1730> could not be transformed and will be executed as-is. Please report this to the AutgoGraph team. When filing the bug, set the verbosity to 10 (on Linux, `export AUTOGRAPH_VERBOSITY=10`) and attach the full output. Cause: converting <function wrap_vectorize.<locals>.<lambda> at 0x138cc1730>: AttributeError: module 'gast' has no attribute 'Str'
2022-08-07 21:35:43,755 Entity <function wrap_vectorize.<locals>.<lambda> at 0x138cc17b8> could not be transformed and will be executed as-is. Please report this to the AutgoGraph team. When filing the bug, set the verbosity to 10 (on Linux, `export AUTOGRAPH_VERBOSITY=10`) and attach the full output. Cause: converting <function wrap_vectorize.<locals>.<lambda> at 0x138cc17b8>: AttributeError: module 'gast' has no attribute 'Str'
2022-08-07 21:35:43,789 Entity <function wrap_vectorize.<locals>.<lambda> at 0x138cc12f0> could not be transformed and will be executed as-is. Please report this to the AutgoGraph team. When filing the bug, set the verbosity to 10 (on Linux, `export AUTOGRAPH_VERBOSITY=10`) and attach the full output. Cause: converting <function wrap_vectorize.<locals>.<lambda> at 0x138cc12f0>: AttributeError: module 'gast' has no attribute 'Str'
2022-08-07 21:35:43,829 Entity <function wrap_vectorize.<locals>.<lambda> at 0x138cc1c80> could not be transformed and will be executed as-is. Please report this to the AutgoGraph team. When filing the bug, set the verbosity to 10 (on Linux, `export AUTOGRAPH_VERBOSITY=10`) and attach the full output. Cause: converting <function wrap_vectorize.<locals>.<lambda> at 0x138cc1c80>: AttributeError: module 'gast' has no attribute 'Str'
2022-08-07 21:35:43,871 Entity <function wrap_vectorize.<locals>.<lambda> at 0x138f76510> could not be transformed and will be executed as-is. Please report this to the AutgoGraph team. When filing the bug, set the verbosity to 10 (on Linux, `export AUTOGRAPH_VERBOSITY=10`) and attach the full output. Cause: converting <function wrap_vectorize.<locals>.<lambda> at 0x138f76510>: AttributeError: module 'gast' has no attribute 'Str'
2022-08-07 21:35:43,904 Entity <function wrap_vectorize.<locals>.<lambda> at 0x138f76e18> could not be transformed and will be executed as-is. Please report this to the AutgoGraph team. When filing the bug, set the verbosity to 10 (on Linux, `export AUTOGRAPH_VERBOSITY=10`) and attach the full output. Cause: converting <function wrap_vectorize.<locals>.<lambda> at 0x138f76e18>: AttributeError: module 'gast' has no attribute 'Str'
2022-08-07 21:35:44,089 Entity <function wrap_vectorize.<locals>.<lambda> at 0x139012950> could not be transformed and will be executed as-is. Please report this to the AutgoGraph team. When filing the bug, set the verbosity to 10 (on Linux, `export AUTOGRAPH_VERBOSITY=10`) and attach the full output. Cause: converting <function wrap_vectorize.<locals>.<lambda> at 0x139012950>: AttributeError: module 'gast' has no attribute 'Str'
2022-08-07 21:35:44,148 Entity <function wrap_vectorize.<locals>.<lambda> at 0x139012268> could not be transformed and will be executed as-is. Please report this to the AutgoGraph team. When filing the bug, set the verbosity to 10 (on Linux, `export AUTOGRAPH_VERBOSITY=10`) and attach the full output. Cause: converting <function wrap_vectorize.<locals>.<lambda> at 0x139012268>: AttributeError: module 'gast' has no attribute 'Str'
2022-08-07 21:35:44,186 Entity <function wrap_vectorize.<locals>.<lambda> at 0x1390126a8> could not be transformed and will be executed as-is. Please report this to the AutgoGraph team. When filing the bug, set the verbosity to 10 (on Linux, `export AUTOGRAPH_VERBOSITY=10`) and attach the full output. Cause: converting <function wrap_vectorize.<locals>.<lambda> at 0x1390126a8>: AttributeError: module 'gast' has no attribute 'Str'
2022-08-07 21:35:44,231 Entity <function wrap_vectorize.<locals>.<lambda> at 0x1391e1400> could not be transformed and will be executed as-is. Please report this to the AutgoGraph team. When filing the bug, set the verbosity to 10 (on Linux, `export AUTOGRAPH_VERBOSITY=10`) and attach the full output. Cause: converting <function wrap_vectorize.<locals>.<lambda> at 0x1391e1400>: AttributeError: module 'gast' has no attribute 'Str'
2022-08-07 21:35:44,272 Entity <function wrap_vectorize.<locals>.<lambda> at 0x13928e488> could not be transformed and will be executed as-is. Please report this to the AutgoGraph team. When filing the bug, set the verbosity to 10 (on Linux, `export AUTOGRAPH_VERBOSITY=10`) and attach the full output. Cause: converting <function wrap_vectorize.<locals>.<lambda> at 0x13928e488>: AttributeError: module 'gast' has no attribute 'Str'
2022-08-07 21:35:44,305 Entity <function wrap_vectorize.<locals>.<lambda> at 0x13936d598> could not be transformed and will be executed as-is. Please report this to the AutgoGraph team. When filing the bug, set the verbosity to 10 (on Linux, `export AUTOGRAPH_VERBOSITY=10`) and attach the full output. Cause: converting <function wrap_vectorize.<locals>.<lambda> at 0x13936d598>: AttributeError: module 'gast' has no attribute 'Str'
2022-08-07 21:35:44,496 Entity <function wrap_vectorize.<locals>.<lambda> at 0x13936dd08> could not be transformed and will be executed as-is. Please report this to the AutgoGraph team. When filing the bug, set the verbosity to 10 (on Linux, `export AUTOGRAPH_VERBOSITY=10`) and attach the full output. Cause: converting <function wrap_vectorize.<locals>.<lambda> at 0x13936dd08>: AttributeError: module 'gast' has no attribute 'Str'
2022-08-07 21:35:44,561 Entity <function wrap_vectorize.<locals>.<lambda> at 0x1393c37b8> could not be transformed and will be executed as-is. Please report this to the AutgoGraph team. When filing the bug, set the verbosity to 10 (on Linux, `export AUTOGRAPH_VERBOSITY=10`) and attach the full output. Cause: converting <function wrap_vectorize.<locals>.<lambda> at 0x1393c37b8>: AttributeError: module 'gast' has no attribute 'Str'
2022-08-07 21:35:44,595 Entity <function wrap_vectorize.<locals>.<lambda> at 0x1393c3840> could not be transformed and will be executed as-is. Please report this to the AutgoGraph team. When filing the bug, set the verbosity to 10 (on Linux, `export AUTOGRAPH_VERBOSITY=10`) and attach the full output. Cause: converting <function wrap_vectorize.<locals>.<lambda> at 0x1393c3840>: AttributeError: module 'gast' has no attribute 'Str'
2022-08-07 21:35:44,634 Entity <function wrap_vectorize.<locals>.<lambda> at 0x1393c39d8> could not be transformed and will be executed as-is. Please report this to the AutgoGraph team. When filing the bug, set the verbosity to 10 (on Linux, `export AUTOGRAPH_VERBOSITY=10`) and attach the full output. Cause: converting <function wrap_vectorize.<locals>.<lambda> at 0x1393c39d8>: AttributeError: module 'gast' has no attribute 'Str'
2022-08-07 21:35:44,675 Entity <function wrap_vectorize.<locals>.<lambda> at 0x1395c9bf8> could not be transformed and will be executed as-is. Please report this to the AutgoGraph team. When filing the bug, set the verbosity to 10 (on Linux, `export AUTOGRAPH_VERBOSITY=10`) and attach the full output. Cause: converting <function wrap_vectorize.<locals>.<lambda> at 0x1395c9bf8>: AttributeError: module 'gast' has no attribute 'Str'
2022-08-07 21:35:44,708 Entity <function wrap_vectorize.<locals>.<lambda> at 0x1396b57b8> could not be transformed and will be executed as-is. Please report this to the AutgoGraph team. When filing the bug, set the verbosity to 10 (on Linux, `export AUTOGRAPH_VERBOSITY=10`) and attach the full output. Cause: converting <function wrap_vectorize.<locals>.<lambda> at 0x1396b57b8>: AttributeError: module 'gast' has no attribute 'Str'
2022-08-07 21:35:44,880 Entity <function wrap_vectorize.<locals>.<lambda> at 0x1396b5488> could not be transformed and will be executed as-is. Please report this to the AutgoGraph team. When filing the bug, set the verbosity to 10 (on Linux, `export AUTOGRAPH_VERBOSITY=10`) and attach the full output. Cause: converting <function wrap_vectorize.<locals>.<lambda> at 0x1396b5488>: AttributeError: module 'gast' has no attribute 'Str'
2022-08-07 21:35:44,938 Entity <function wrap_vectorize.<locals>.<lambda> at 0x1397192f0> could not be transformed and will be executed as-is. Please report this to the AutgoGraph team. When filing the bug, set the verbosity to 10 (on Linux, `export AUTOGRAPH_VERBOSITY=10`) and attach the full output. Cause: converting <function wrap_vectorize.<locals>.<lambda> at 0x1397192f0>: AttributeError: module 'gast' has no attribute 'Str'
2022-08-07 21:35:44,968 Entity <function wrap_vectorize.<locals>.<lambda> at 0x139719510> could not be transformed and will be executed as-is. Please report this to the AutgoGraph team. When filing the bug, set the verbosity to 10 (on Linux, `export AUTOGRAPH_VERBOSITY=10`) and attach the full output. Cause: converting <function wrap_vectorize.<locals>.<lambda> at 0x139719510>: AttributeError: module 'gast' has no attribute 'Str'
2022-08-07 21:35:45,006 Entity <function wrap_vectorize.<locals>.<lambda> at 0x139719bf8> could not be transformed and will be executed as-is. Please report this to the AutgoGraph team. When filing the bug, set the verbosity to 10 (on Linux, `export AUTOGRAPH_VERBOSITY=10`) and attach the full output. Cause: converting <function wrap_vectorize.<locals>.<lambda> at 0x139719bf8>: AttributeError: module 'gast' has no attribute 'Str'
2022-08-07 21:35:45,046 Entity <function wrap_vectorize.<locals>.<lambda> at 0x1399d5378> could not be transformed and will be executed as-is. Please report this to the AutgoGraph team. When filing the bug, set the verbosity to 10 (on Linux, `export AUTOGRAPH_VERBOSITY=10`) and attach the full output. Cause: converting <function wrap_vectorize.<locals>.<lambda> at 0x1399d5378>: AttributeError: module 'gast' has no attribute 'Str'
2022-08-07 21:35:45,079 Entity <function wrap_vectorize.<locals>.<lambda> at 0x1399d5b70> could not be transformed and will be executed as-is. Please report this to the AutgoGraph team. When filing the bug, set the verbosity to 10 (on Linux, `export AUTOGRAPH_VERBOSITY=10`) and attach the full output. Cause: converting <function wrap_vectorize.<locals>.<lambda> at 0x1399d5b70>: AttributeError: module 'gast' has no attribute 'Str'
2022-08-07 21:35:45,372 Entity <function wrap_vectorize.<locals>.<lambda> at 0x139a486a8> could not be transformed and will be executed as-is. Please report this to the AutgoGraph team. When filing the bug, set the verbosity to 10 (on Linux, `export AUTOGRAPH_VERBOSITY=10`) and attach the full output. Cause: converting <function wrap_vectorize.<locals>.<lambda> at 0x139a486a8>: AttributeError: module 'gast' has no attribute 'Str'
2022-08-07 21:35:45,429 Entity <function wrap_vectorize.<locals>.<lambda> at 0x139a48840> could not be transformed and will be executed as-is. Please report this to the AutgoGraph team. When filing the bug, set the verbosity to 10 (on Linux, `export AUTOGRAPH_VERBOSITY=10`) and attach the full output. Cause: converting <function wrap_vectorize.<locals>.<lambda> at 0x139a48840>: AttributeError: module 'gast' has no attribute 'Str'
2022-08-07 21:35:45,458 Entity <function wrap_vectorize.<locals>.<lambda> at 0x139a482f0> could not be transformed and will be executed as-is. Please report this to the AutgoGraph team. When filing the bug, set the verbosity to 10 (on Linux, `export AUTOGRAPH_VERBOSITY=10`) and attach the full output. Cause: converting <function wrap_vectorize.<locals>.<lambda> at 0x139a482f0>: AttributeError: module 'gast' has no attribute 'Str'
2022-08-07 21:35:45,496 Entity <function wrap_vectorize.<locals>.<lambda> at 0x139a48b70> could not be transformed and will be executed as-is. Please report this to the AutgoGraph team. When filing the bug, set the verbosity to 10 (on Linux, `export AUTOGRAPH_VERBOSITY=10`) and attach the full output. Cause: converting <function wrap_vectorize.<locals>.<lambda> at 0x139a48b70>: AttributeError: module 'gast' has no attribute 'Str'
2022-08-07 21:35:45,538 Entity <function wrap_vectorize.<locals>.<lambda> at 0x139cea400> could not be transformed and will be executed as-is. Please report this to the AutgoGraph team. When filing the bug, set the verbosity to 10 (on Linux, `export AUTOGRAPH_VERBOSITY=10`) and attach the full output. Cause: converting <function wrap_vectorize.<locals>.<lambda> at 0x139cea400>: AttributeError: module 'gast' has no attribute 'Str'
2022-08-07 21:35:45,573 Entity <function wrap_vectorize.<locals>.<lambda> at 0x139ceaa60> could not be transformed and will be executed as-is. Please report this to the AutgoGraph team. When filing the bug, set the verbosity to 10 (on Linux, `export AUTOGRAPH_VERBOSITY=10`) and attach the full output. Cause: converting <function wrap_vectorize.<locals>.<lambda> at 0x139ceaa60>: AttributeError: module 'gast' has no attribute 'Str'
2022-08-07 21:35:45,774 Entity <function wrap_vectorize.<locals>.<lambda> at 0x139d87730> could not be transformed and will be executed as-is. Please report this to the AutgoGraph team. When filing the bug, set the verbosity to 10 (on Linux, `export AUTOGRAPH_VERBOSITY=10`) and attach the full output. Cause: converting <function wrap_vectorize.<locals>.<lambda> at 0x139d87730>: AttributeError: module 'gast' has no attribute 'Str'
2022-08-07 21:35:45,804 Entity <function wrap_vectorize.<locals>.<lambda> at 0x139d87d08> could not be transformed and will be executed as-is. Please report this to the AutgoGraph team. When filing the bug, set the verbosity to 10 (on Linux, `export AUTOGRAPH_VERBOSITY=10`) and attach the full output. Cause: converting <function wrap_vectorize.<locals>.<lambda> at 0x139d87d08>: AttributeError: module 'gast' has no attribute 'Str'
2022-08-07 21:35:45,887 Entity <function wrap_vectorize.<locals>.<lambda> at 0x13a067510> could not be transformed and will be executed as-is. Please report this to the AutgoGraph team. When filing the bug, set the verbosity to 10 (on Linux, `export AUTOGRAPH_VERBOSITY=10`) and attach the full output. Cause: converting <function wrap_vectorize.<locals>.<lambda> at 0x13a067510>: AttributeError: module 'gast' has no attribute 'Str'
2022-08-07 21:35:45,933 Entity <function wrap_vectorize.<locals>.<lambda> at 0x13a092378> could not be transformed and will be executed as-is. Please report this to the AutgoGraph team. When filing the bug, set the verbosity to 10 (on Linux, `export AUTOGRAPH_VERBOSITY=10`) and attach the full output. Cause: converting <function wrap_vectorize.<locals>.<lambda> at 0x13a092378>: AttributeError: module 'gast' has no attribute 'Str'
2022-08-07 21:35:45,963 Entity <function wrap_vectorize.<locals>.<lambda> at 0x13a0928c8> could not be transformed and will be executed as-is. Please report this to the AutgoGraph team. When filing the bug, set the verbosity to 10 (on Linux, `export AUTOGRAPH_VERBOSITY=10`) and attach the full output. Cause: converting <function wrap_vectorize.<locals>.<lambda> at 0x13a0928c8>: AttributeError: module 'gast' has no attribute 'Str'
2022-08-07 21:35:46,005 Entity <function wrap_vectorize.<locals>.<lambda> at 0x13a0927b8> could not be transformed and will be executed as-is. Please report this to the AutgoGraph team. When filing the bug, set the verbosity to 10 (on Linux, `export AUTOGRAPH_VERBOSITY=10`) and attach the full output. Cause: converting <function wrap_vectorize.<locals>.<lambda> at 0x13a0927b8>: AttributeError: module 'gast' has no attribute 'Str'
2022-08-07 21:35:47,343 
 Running MD Simulation for 100 steps
2022-08-07 21:36:00,127 Number of density samples used:9
