2022-08-08 13:46:16,384 Number of positive ions:121.0
2022-08-08 13:46:16,384 Number of negative ions:121
2022-08-08 13:46:16,411 From /Library/Python/3.7/site-packages/tensorflow/python/ops/array_ops.py:1354: add_dispatch_support.<locals>.wrapper (from tensorflow.python.ops.array_ops) is deprecated and will be removed in a future version.
Instructions for updating:
Use tf.where in 2.0, which has the same broadcast rule as np.where
2022-08-08 13:46:16,530 Entity <function wrap_vectorize.<locals>.<lambda> at 0x12fc719d8> could not be transformed and will be executed as-is. Please report this to the AutgoGraph team. When filing the bug, set the verbosity to 10 (on Linux, `export AUTOGRAPH_VERBOSITY=10`) and attach the full output. Cause: converting <function wrap_vectorize.<locals>.<lambda> at 0x12fc719d8>: AttributeError: module 'gast' has no attribute 'Str'
2022-08-08 13:46:16,625 Entity <function wrap_vectorize.<locals>.<lambda> at 0x12fc71a60> could not be transformed and will be executed as-is. Please report this to the AutgoGraph team. When filing the bug, set the verbosity to 10 (on Linux, `export AUTOGRAPH_VERBOSITY=10`) and attach the full output. Cause: converting <function wrap_vectorize.<locals>.<lambda> at 0x12fc71a60>: AttributeError: module 'gast' has no attribute 'Str'
2022-08-08 13:46:16,668 Entity <function wrap_vectorize.<locals>.<lambda> at 0x12fc71d08> could not be transformed and will be executed as-is. Please report this to the AutgoGraph team. When filing the bug, set the verbosity to 10 (on Linux, `export AUTOGRAPH_VERBOSITY=10`) and attach the full output. Cause: converting <function wrap_vectorize.<locals>.<lambda> at 0x12fc71d08>: AttributeError: module 'gast' has no attribute 'Str'
2022-08-08 13:46:16,712 Entity <function wrap_vectorize.<locals>.<lambda> at 0x12fc71bf8> could not be transformed and will be executed as-is. Please report this to the AutgoGraph team. When filing the bug, set the verbosity to 10 (on Linux, `export AUTOGRAPH_VERBOSITY=10`) and attach the full output. Cause: converting <function wrap_vectorize.<locals>.<lambda> at 0x12fc71bf8>: AttributeError: module 'gast' has no attribute 'Str'
2022-08-08 13:46:16,755 Entity <function wrap_vectorize.<locals>.<lambda> at 0x12fe4eae8> could not be transformed and will be executed as-is. Please report this to the AutgoGraph team. When filing the bug, set the verbosity to 10 (on Linux, `export AUTOGRAPH_VERBOSITY=10`) and attach the full output. Cause: converting <function wrap_vectorize.<locals>.<lambda> at 0x12fe4eae8>: AttributeError: module 'gast' has no attribute 'Str'
2022-08-08 13:46:16,804 Entity <function wrap_vectorize.<locals>.<lambda> at 0x12fe4ed08> could not be transformed and will be executed as-is. Please report this to the AutgoGraph team. When filing the bug, set the verbosity to 10 (on Linux, `export AUTOGRAPH_VERBOSITY=10`) and attach the full output. Cause: converting <function wrap_vectorize.<locals>.<lambda> at 0x12fe4ed08>: AttributeError: module 'gast' has no attribute 'Str'
2022-08-08 13:46:16,887 Total_surface_charge:-0.0
charge_meshpoint:-0.0
2022-08-08 13:46:16,887 Charge density:-0.0
2022-08-08 13:46:16,887 Dielectric constant of water 80
2022-08-08 13:46:16,888 Unit length 0.55
2022-08-08 13:46:16,888 Unit of mass 3.8409999999999993e-23
2022-08-08 13:46:16,888 Unit of energy 4.114486e-14
2022-08-08 13:46:16,888 Unit time 5.314067280204312e-09
2022-08-08 13:46:16,888 Simulation box dimensions (in reduced units) x | y | z 27.27272727272727|27.27272727272727|5.454545454545454
2022-08-08 13:46:16,888 Box dimensions (in nanometers) x | y | z 15.0|15.0|3.0
2022-08-08 13:46:16,888 Permittivity inside and outside the confinement (channel) 80,80
2022-08-08 13:46:16,888 Dielectric contrast across interfaces 0.0
2022-08-08 13:46:16,888 Positive (+) ion valency 1.0
2022-08-08 13:46:16,888 Negative (-) ion valency -1.0
2022-08-08 13:46:16,888 Valency of counter ions is 1
2022-08-08 13:46:16,888 positive ion diameter (red. units) 1.0
2022-08-08 13:46:16,888 negative ion diameter (red. units) 1.0
2022-08-08 13:46:16,888 counter ion diameter (red units) 1.0
2022-08-08 13:46:16,888 In MD, charge density -0.0
2022-08-08 13:46:16,888 Ion (salt) concentration (c) inside 0.3 M
2022-08-08 13:46:16,888 Debye length 1.0096264057751894
2022-08-08 13:46:16,888 Mean separation between ions 2.555856561520452
2022-08-08 13:46:16,888 Temperature (in Kelvin) 298
2022-08-08 13:46:16,888 Binning width (uniform) 0.0500417014178482
2022-08-08 13:46:16,888 Number of bins111
2022-08-08 13:46:16,888 Number of points discretizing the left and right planar walls/interfaces/surfaces 1764 1764
2022-08-08 13:46:16,888 Number of ions 242.0
2022-08-08 13:46:16,888 Number of counter ions 0.0
2022-08-08 13:46:16,889 Time step in the simulation0.001
2022-08-08 13:46:16,897 Entity <function wrap_vectorize.<locals>.<lambda> at 0x12fe4eae8> could not be transformed and will be executed as-is. Please report this to the AutgoGraph team. When filing the bug, set the verbosity to 10 (on Linux, `export AUTOGRAPH_VERBOSITY=10`) and attach the full output. Cause: converting <function wrap_vectorize.<locals>.<lambda> at 0x12fe4eae8>: AttributeError: module 'gast' has no attribute 'Str'
2022-08-08 13:46:16,960 Entity <function wrap_vectorize.<locals>.<lambda> at 0x12ff34048> could not be transformed and will be executed as-is. Please report this to the AutgoGraph team. When filing the bug, set the verbosity to 10 (on Linux, `export AUTOGRAPH_VERBOSITY=10`) and attach the full output. Cause: converting <function wrap_vectorize.<locals>.<lambda> at 0x12ff34048>: AttributeError: module 'gast' has no attribute 'Str'
2022-08-08 13:46:17,000 Entity <function wrap_vectorize.<locals>.<lambda> at 0x12ff346a8> could not be transformed and will be executed as-is. Please report this to the AutgoGraph team. When filing the bug, set the verbosity to 10 (on Linux, `export AUTOGRAPH_VERBOSITY=10`) and attach the full output. Cause: converting <function wrap_vectorize.<locals>.<lambda> at 0x12ff346a8>: AttributeError: module 'gast' has no attribute 'Str'
2022-08-08 13:46:17,047 Entity <function wrap_vectorize.<locals>.<lambda> at 0x12ff34d08> could not be transformed and will be executed as-is. Please report this to the AutgoGraph team. When filing the bug, set the verbosity to 10 (on Linux, `export AUTOGRAPH_VERBOSITY=10`) and attach the full output. Cause: converting <function wrap_vectorize.<locals>.<lambda> at 0x12ff34d08>: AttributeError: module 'gast' has no attribute 'Str'
2022-08-08 13:46:17,093 Entity <function wrap_vectorize.<locals>.<lambda> at 0x13002a6a8> could not be transformed and will be executed as-is. Please report this to the AutgoGraph team. When filing the bug, set the verbosity to 10 (on Linux, `export AUTOGRAPH_VERBOSITY=10`) and attach the full output. Cause: converting <function wrap_vectorize.<locals>.<lambda> at 0x13002a6a8>: AttributeError: module 'gast' has no attribute 'Str'
2022-08-08 13:46:17,133 Entity <function wrap_vectorize.<locals>.<lambda> at 0x13002a2f0> could not be transformed and will be executed as-is. Please report this to the AutgoGraph team. When filing the bug, set the verbosity to 10 (on Linux, `export AUTOGRAPH_VERBOSITY=10`) and attach the full output. Cause: converting <function wrap_vectorize.<locals>.<lambda> at 0x13002a2f0>: AttributeError: module 'gast' has no attribute 'Str'
2022-08-08 13:46:17,423 initial KE:0.0
2022-08-08 13:46:17,475 Entity <function wrap_vectorize.<locals>.<lambda> at 0x1301e41e0> could not be transformed and will be executed as-is. Please report this to the AutgoGraph team. When filing the bug, set the verbosity to 10 (on Linux, `export AUTOGRAPH_VERBOSITY=10`) and attach the full output. Cause: converting <function wrap_vectorize.<locals>.<lambda> at 0x1301e41e0>: AttributeError: module 'gast' has no attribute 'Str'
2022-08-08 13:46:17,532 Entity <function wrap_vectorize.<locals>.<lambda> at 0x1301e4b70> could not be transformed and will be executed as-is. Please report this to the AutgoGraph team. When filing the bug, set the verbosity to 10 (on Linux, `export AUTOGRAPH_VERBOSITY=10`) and attach the full output. Cause: converting <function wrap_vectorize.<locals>.<lambda> at 0x1301e4b70>: AttributeError: module 'gast' has no attribute 'Str'
2022-08-08 13:46:17,562 Entity <function wrap_vectorize.<locals>.<lambda> at 0x1301e4bf8> could not be transformed and will be executed as-is. Please report this to the AutgoGraph team. When filing the bug, set the verbosity to 10 (on Linux, `export AUTOGRAPH_VERBOSITY=10`) and attach the full output. Cause: converting <function wrap_vectorize.<locals>.<lambda> at 0x1301e4bf8>: AttributeError: module 'gast' has no attribute 'Str'
2022-08-08 13:46:17,601 Entity <function wrap_vectorize.<locals>.<lambda> at 0x1302dc378> could not be transformed and will be executed as-is. Please report this to the AutgoGraph team. When filing the bug, set the verbosity to 10 (on Linux, `export AUTOGRAPH_VERBOSITY=10`) and attach the full output. Cause: converting <function wrap_vectorize.<locals>.<lambda> at 0x1302dc378>: AttributeError: module 'gast' has no attribute 'Str'
2022-08-08 13:46:17,642 Entity <function wrap_vectorize.<locals>.<lambda> at 0x1304a5400> could not be transformed and will be executed as-is. Please report this to the AutgoGraph team. When filing the bug, set the verbosity to 10 (on Linux, `export AUTOGRAPH_VERBOSITY=10`) and attach the full output. Cause: converting <function wrap_vectorize.<locals>.<lambda> at 0x1304a5400>: AttributeError: module 'gast' has no attribute 'Str'
2022-08-08 13:46:17,676 Entity <function wrap_vectorize.<locals>.<lambda> at 0x1304a5378> could not be transformed and will be executed as-is. Please report this to the AutgoGraph team. When filing the bug, set the verbosity to 10 (on Linux, `export AUTOGRAPH_VERBOSITY=10`) and attach the full output. Cause: converting <function wrap_vectorize.<locals>.<lambda> at 0x1304a5378>: AttributeError: module 'gast' has no attribute 'Str'
2022-08-08 13:46:17,879 Entity <function wrap_vectorize.<locals>.<lambda> at 0x130592f28> could not be transformed and will be executed as-is. Please report this to the AutgoGraph team. When filing the bug, set the verbosity to 10 (on Linux, `export AUTOGRAPH_VERBOSITY=10`) and attach the full output. Cause: converting <function wrap_vectorize.<locals>.<lambda> at 0x130592f28>: AttributeError: module 'gast' has no attribute 'Str'
2022-08-08 13:46:17,946 Entity <function wrap_vectorize.<locals>.<lambda> at 0x130592b70> could not be transformed and will be executed as-is. Please report this to the AutgoGraph team. When filing the bug, set the verbosity to 10 (on Linux, `export AUTOGRAPH_VERBOSITY=10`) and attach the full output. Cause: converting <function wrap_vectorize.<locals>.<lambda> at 0x130592b70>: AttributeError: module 'gast' has no attribute 'Str'
2022-08-08 13:46:17,985 Entity <function wrap_vectorize.<locals>.<lambda> at 0x130592378> could not be transformed and will be executed as-is. Please report this to the AutgoGraph team. When filing the bug, set the verbosity to 10 (on Linux, `export AUTOGRAPH_VERBOSITY=10`) and attach the full output. Cause: converting <function wrap_vectorize.<locals>.<lambda> at 0x130592378>: AttributeError: module 'gast' has no attribute 'Str'
2022-08-08 13:46:18,035 Entity <function wrap_vectorize.<locals>.<lambda> at 0x130592378> could not be transformed and will be executed as-is. Please report this to the AutgoGraph team. When filing the bug, set the verbosity to 10 (on Linux, `export AUTOGRAPH_VERBOSITY=10`) and attach the full output. Cause: converting <function wrap_vectorize.<locals>.<lambda> at 0x130592378>: AttributeError: module 'gast' has no attribute 'Str'
2022-08-08 13:46:18,081 Entity <function wrap_vectorize.<locals>.<lambda> at 0x13083c620> could not be transformed and will be executed as-is. Please report this to the AutgoGraph team. When filing the bug, set the verbosity to 10 (on Linux, `export AUTOGRAPH_VERBOSITY=10`) and attach the full output. Cause: converting <function wrap_vectorize.<locals>.<lambda> at 0x13083c620>: AttributeError: module 'gast' has no attribute 'Str'
2022-08-08 13:46:18,125 Entity <function wrap_vectorize.<locals>.<lambda> at 0x13083c620> could not be transformed and will be executed as-is. Please report this to the AutgoGraph team. When filing the bug, set the verbosity to 10 (on Linux, `export AUTOGRAPH_VERBOSITY=10`) and attach the full output. Cause: converting <function wrap_vectorize.<locals>.<lambda> at 0x13083c620>: AttributeError: module 'gast' has no attribute 'Str'
2022-08-08 13:46:18,363 Entity <function wrap_vectorize.<locals>.<lambda> at 0x1308f29d8> could not be transformed and will be executed as-is. Please report this to the AutgoGraph team. When filing the bug, set the verbosity to 10 (on Linux, `export AUTOGRAPH_VERBOSITY=10`) and attach the full output. Cause: converting <function wrap_vectorize.<locals>.<lambda> at 0x1308f29d8>: AttributeError: module 'gast' has no attribute 'Str'
2022-08-08 13:46:18,442 Entity <function wrap_vectorize.<locals>.<lambda> at 0x1308f2620> could not be transformed and will be executed as-is. Please report this to the AutgoGraph team. When filing the bug, set the verbosity to 10 (on Linux, `export AUTOGRAPH_VERBOSITY=10`) and attach the full output. Cause: converting <function wrap_vectorize.<locals>.<lambda> at 0x1308f2620>: AttributeError: module 'gast' has no attribute 'Str'
2022-08-08 13:46:18,479 Entity <function wrap_vectorize.<locals>.<lambda> at 0x1308f20d0> could not be transformed and will be executed as-is. Please report this to the AutgoGraph team. When filing the bug, set the verbosity to 10 (on Linux, `export AUTOGRAPH_VERBOSITY=10`) and attach the full output. Cause: converting <function wrap_vectorize.<locals>.<lambda> at 0x1308f20d0>: AttributeError: module 'gast' has no attribute 'Str'
2022-08-08 13:46:18,523 Entity <function wrap_vectorize.<locals>.<lambda> at 0x1308f20d0> could not be transformed and will be executed as-is. Please report this to the AutgoGraph team. When filing the bug, set the verbosity to 10 (on Linux, `export AUTOGRAPH_VERBOSITY=10`) and attach the full output. Cause: converting <function wrap_vectorize.<locals>.<lambda> at 0x1308f20d0>: AttributeError: module 'gast' has no attribute 'Str'
2022-08-08 13:46:18,567 Entity <function wrap_vectorize.<locals>.<lambda> at 0x130b94510> could not be transformed and will be executed as-is. Please report this to the AutgoGraph team. When filing the bug, set the verbosity to 10 (on Linux, `export AUTOGRAPH_VERBOSITY=10`) and attach the full output. Cause: converting <function wrap_vectorize.<locals>.<lambda> at 0x130b94510>: AttributeError: module 'gast' has no attribute 'Str'
2022-08-08 13:46:18,611 Entity <function wrap_vectorize.<locals>.<lambda> at 0x130b94510> could not be transformed and will be executed as-is. Please report this to the AutgoGraph team. When filing the bug, set the verbosity to 10 (on Linux, `export AUTOGRAPH_VERBOSITY=10`) and attach the full output. Cause: converting <function wrap_vectorize.<locals>.<lambda> at 0x130b94510>: AttributeError: module 'gast' has no attribute 'Str'
2022-08-08 13:46:18,783 Entity <function wrap_vectorize.<locals>.<lambda> at 0x130c42d90> could not be transformed and will be executed as-is. Please report this to the AutgoGraph team. When filing the bug, set the verbosity to 10 (on Linux, `export AUTOGRAPH_VERBOSITY=10`) and attach the full output. Cause: converting <function wrap_vectorize.<locals>.<lambda> at 0x130c42d90>: AttributeError: module 'gast' has no attribute 'Str'
2022-08-08 13:46:18,854 Entity <function wrap_vectorize.<locals>.<lambda> at 0x130c42950> could not be transformed and will be executed as-is. Please report this to the AutgoGraph team. When filing the bug, set the verbosity to 10 (on Linux, `export AUTOGRAPH_VERBOSITY=10`) and attach the full output. Cause: converting <function wrap_vectorize.<locals>.<lambda> at 0x130c42950>: AttributeError: module 'gast' has no attribute 'Str'
2022-08-08 13:46:18,885 Entity <function wrap_vectorize.<locals>.<lambda> at 0x130c42400> could not be transformed and will be executed as-is. Please report this to the AutgoGraph team. When filing the bug, set the verbosity to 10 (on Linux, `export AUTOGRAPH_VERBOSITY=10`) and attach the full output. Cause: converting <function wrap_vectorize.<locals>.<lambda> at 0x130c42400>: AttributeError: module 'gast' has no attribute 'Str'
2022-08-08 13:46:18,931 Entity <function wrap_vectorize.<locals>.<lambda> at 0x130c42400> could not be transformed and will be executed as-is. Please report this to the AutgoGraph team. When filing the bug, set the verbosity to 10 (on Linux, `export AUTOGRAPH_VERBOSITY=10`) and attach the full output. Cause: converting <function wrap_vectorize.<locals>.<lambda> at 0x130c42400>: AttributeError: module 'gast' has no attribute 'Str'
2022-08-08 13:46:18,980 Entity <function wrap_vectorize.<locals>.<lambda> at 0x130f04400> could not be transformed and will be executed as-is. Please report this to the AutgoGraph team. When filing the bug, set the verbosity to 10 (on Linux, `export AUTOGRAPH_VERBOSITY=10`) and attach the full output. Cause: converting <function wrap_vectorize.<locals>.<lambda> at 0x130f04400>: AttributeError: module 'gast' has no attribute 'Str'
2022-08-08 13:46:19,024 Entity <function wrap_vectorize.<locals>.<lambda> at 0x130f04400> could not be transformed and will be executed as-is. Please report this to the AutgoGraph team. When filing the bug, set the verbosity to 10 (on Linux, `export AUTOGRAPH_VERBOSITY=10`) and attach the full output. Cause: converting <function wrap_vectorize.<locals>.<lambda> at 0x130f04400>: AttributeError: module 'gast' has no attribute 'Str'
2022-08-08 13:46:19,215 Entity <function wrap_vectorize.<locals>.<lambda> at 0x130fa2c80> could not be transformed and will be executed as-is. Please report this to the AutgoGraph team. When filing the bug, set the verbosity to 10 (on Linux, `export AUTOGRAPH_VERBOSITY=10`) and attach the full output. Cause: converting <function wrap_vectorize.<locals>.<lambda> at 0x130fa2c80>: AttributeError: module 'gast' has no attribute 'Str'
2022-08-08 13:46:19,278 Entity <function wrap_vectorize.<locals>.<lambda> at 0x130fa2f28> could not be transformed and will be executed as-is. Please report this to the AutgoGraph team. When filing the bug, set the verbosity to 10 (on Linux, `export AUTOGRAPH_VERBOSITY=10`) and attach the full output. Cause: converting <function wrap_vectorize.<locals>.<lambda> at 0x130fa2f28>: AttributeError: module 'gast' has no attribute 'Str'
2022-08-08 13:46:19,317 Entity <function wrap_vectorize.<locals>.<lambda> at 0x130fa2400> could not be transformed and will be executed as-is. Please report this to the AutgoGraph team. When filing the bug, set the verbosity to 10 (on Linux, `export AUTOGRAPH_VERBOSITY=10`) and attach the full output. Cause: converting <function wrap_vectorize.<locals>.<lambda> at 0x130fa2400>: AttributeError: module 'gast' has no attribute 'Str'
2022-08-08 13:46:19,374 Entity <function wrap_vectorize.<locals>.<lambda> at 0x130fa2400> could not be transformed and will be executed as-is. Please report this to the AutgoGraph team. When filing the bug, set the verbosity to 10 (on Linux, `export AUTOGRAPH_VERBOSITY=10`) and attach the full output. Cause: converting <function wrap_vectorize.<locals>.<lambda> at 0x130fa2400>: AttributeError: module 'gast' has no attribute 'Str'
2022-08-08 13:46:19,440 Entity <function wrap_vectorize.<locals>.<lambda> at 0x13127e488> could not be transformed and will be executed as-is. Please report this to the AutgoGraph team. When filing the bug, set the verbosity to 10 (on Linux, `export AUTOGRAPH_VERBOSITY=10`) and attach the full output. Cause: converting <function wrap_vectorize.<locals>.<lambda> at 0x13127e488>: AttributeError: module 'gast' has no attribute 'Str'
2022-08-08 13:46:19,504 Entity <function wrap_vectorize.<locals>.<lambda> at 0x13127e488> could not be transformed and will be executed as-is. Please report this to the AutgoGraph team. When filing the bug, set the verbosity to 10 (on Linux, `export AUTOGRAPH_VERBOSITY=10`) and attach the full output. Cause: converting <function wrap_vectorize.<locals>.<lambda> at 0x13127e488>: AttributeError: module 'gast' has no attribute 'Str'
2022-08-08 13:46:19,819 Entity <function wrap_vectorize.<locals>.<lambda> at 0x131300840> could not be transformed and will be executed as-is. Please report this to the AutgoGraph team. When filing the bug, set the verbosity to 10 (on Linux, `export AUTOGRAPH_VERBOSITY=10`) and attach the full output. Cause: converting <function wrap_vectorize.<locals>.<lambda> at 0x131300840>: AttributeError: module 'gast' has no attribute 'Str'
2022-08-08 13:46:19,892 Entity <function wrap_vectorize.<locals>.<lambda> at 0x131300f28> could not be transformed and will be executed as-is. Please report this to the AutgoGraph team. When filing the bug, set the verbosity to 10 (on Linux, `export AUTOGRAPH_VERBOSITY=10`) and attach the full output. Cause: converting <function wrap_vectorize.<locals>.<lambda> at 0x131300f28>: AttributeError: module 'gast' has no attribute 'Str'
2022-08-08 13:46:19,924 Entity <function wrap_vectorize.<locals>.<lambda> at 0x131300e18> could not be transformed and will be executed as-is. Please report this to the AutgoGraph team. When filing the bug, set the verbosity to 10 (on Linux, `export AUTOGRAPH_VERBOSITY=10`) and attach the full output. Cause: converting <function wrap_vectorize.<locals>.<lambda> at 0x131300e18>: AttributeError: module 'gast' has no attribute 'Str'
2022-08-08 13:46:19,968 Entity <function wrap_vectorize.<locals>.<lambda> at 0x131300e18> could not be transformed and will be executed as-is. Please report this to the AutgoGraph team. When filing the bug, set the verbosity to 10 (on Linux, `export AUTOGRAPH_VERBOSITY=10`) and attach the full output. Cause: converting <function wrap_vectorize.<locals>.<lambda> at 0x131300e18>: AttributeError: module 'gast' has no attribute 'Str'
2022-08-08 13:46:20,022 Entity <function wrap_vectorize.<locals>.<lambda> at 0x1315e6378> could not be transformed and will be executed as-is. Please report this to the AutgoGraph team. When filing the bug, set the verbosity to 10 (on Linux, `export AUTOGRAPH_VERBOSITY=10`) and attach the full output. Cause: converting <function wrap_vectorize.<locals>.<lambda> at 0x1315e6378>: AttributeError: module 'gast' has no attribute 'Str'
2022-08-08 13:46:20,073 Entity <function wrap_vectorize.<locals>.<lambda> at 0x1315e6378> could not be transformed and will be executed as-is. Please report this to the AutgoGraph team. When filing the bug, set the verbosity to 10 (on Linux, `export AUTOGRAPH_VERBOSITY=10`) and attach the full output. Cause: converting <function wrap_vectorize.<locals>.<lambda> at 0x1315e6378>: AttributeError: module 'gast' has no attribute 'Str'
2022-08-08 13:46:20,258 Entity <function wrap_vectorize.<locals>.<lambda> at 0x131658730> could not be transformed and will be executed as-is. Please report this to the AutgoGraph team. When filing the bug, set the verbosity to 10 (on Linux, `export AUTOGRAPH_VERBOSITY=10`) and attach the full output. Cause: converting <function wrap_vectorize.<locals>.<lambda> at 0x131658730>: AttributeError: module 'gast' has no attribute 'Str'
2022-08-08 13:46:20,323 Entity <function wrap_vectorize.<locals>.<lambda> at 0x131658ea0> could not be transformed and will be executed as-is. Please report this to the AutgoGraph team. When filing the bug, set the verbosity to 10 (on Linux, `export AUTOGRAPH_VERBOSITY=10`) and attach the full output. Cause: converting <function wrap_vectorize.<locals>.<lambda> at 0x131658ea0>: AttributeError: module 'gast' has no attribute 'Str'
2022-08-08 13:46:20,365 Entity <function wrap_vectorize.<locals>.<lambda> at 0x1316587b8> could not be transformed and will be executed as-is. Please report this to the AutgoGraph team. When filing the bug, set the verbosity to 10 (on Linux, `export AUTOGRAPH_VERBOSITY=10`) and attach the full output. Cause: converting <function wrap_vectorize.<locals>.<lambda> at 0x1316587b8>: AttributeError: module 'gast' has no attribute 'Str'
2022-08-08 13:46:20,428 Entity <function wrap_vectorize.<locals>.<lambda> at 0x1316587b8> could not be transformed and will be executed as-is. Please report this to the AutgoGraph team. When filing the bug, set the verbosity to 10 (on Linux, `export AUTOGRAPH_VERBOSITY=10`) and attach the full output. Cause: converting <function wrap_vectorize.<locals>.<lambda> at 0x1316587b8>: AttributeError: module 'gast' has no attribute 'Str'
2022-08-08 13:46:20,499 Entity <function wrap_vectorize.<locals>.<lambda> at 0x13195a268> could not be transformed and will be executed as-is. Please report this to the AutgoGraph team. When filing the bug, set the verbosity to 10 (on Linux, `export AUTOGRAPH_VERBOSITY=10`) and attach the full output. Cause: converting <function wrap_vectorize.<locals>.<lambda> at 0x13195a268>: AttributeError: module 'gast' has no attribute 'Str'
2022-08-08 13:46:20,554 Entity <function wrap_vectorize.<locals>.<lambda> at 0x13195a268> could not be transformed and will be executed as-is. Please report this to the AutgoGraph team. When filing the bug, set the verbosity to 10 (on Linux, `export AUTOGRAPH_VERBOSITY=10`) and attach the full output. Cause: converting <function wrap_vectorize.<locals>.<lambda> at 0x13195a268>: AttributeError: module 'gast' has no attribute 'Str'
2022-08-08 13:46:20,816 Entity <function wrap_vectorize.<locals>.<lambda> at 0x13195aa60> could not be transformed and will be executed as-is. Please report this to the AutgoGraph team. When filing the bug, set the verbosity to 10 (on Linux, `export AUTOGRAPH_VERBOSITY=10`) and attach the full output. Cause: converting <function wrap_vectorize.<locals>.<lambda> at 0x13195aa60>: AttributeError: module 'gast' has no attribute 'Str'
2022-08-08 13:46:20,909 Entity <function wrap_vectorize.<locals>.<lambda> at 0x1319b9d90> could not be transformed and will be executed as-is. Please report this to the AutgoGraph team. When filing the bug, set the verbosity to 10 (on Linux, `export AUTOGRAPH_VERBOSITY=10`) and attach the full output. Cause: converting <function wrap_vectorize.<locals>.<lambda> at 0x1319b9d90>: AttributeError: module 'gast' has no attribute 'Str'
2022-08-08 13:46:20,944 Entity <function wrap_vectorize.<locals>.<lambda> at 0x1319b96a8> could not be transformed and will be executed as-is. Please report this to the AutgoGraph team. When filing the bug, set the verbosity to 10 (on Linux, `export AUTOGRAPH_VERBOSITY=10`) and attach the full output. Cause: converting <function wrap_vectorize.<locals>.<lambda> at 0x1319b96a8>: AttributeError: module 'gast' has no attribute 'Str'
2022-08-08 13:46:20,990 Entity <function wrap_vectorize.<locals>.<lambda> at 0x1319b96a8> could not be transformed and will be executed as-is. Please report this to the AutgoGraph team. When filing the bug, set the verbosity to 10 (on Linux, `export AUTOGRAPH_VERBOSITY=10`) and attach the full output. Cause: converting <function wrap_vectorize.<locals>.<lambda> at 0x1319b96a8>: AttributeError: module 'gast' has no attribute 'Str'
2022-08-08 13:46:21,032 Entity <function wrap_vectorize.<locals>.<lambda> at 0x131cb9158> could not be transformed and will be executed as-is. Please report this to the AutgoGraph team. When filing the bug, set the verbosity to 10 (on Linux, `export AUTOGRAPH_VERBOSITY=10`) and attach the full output. Cause: converting <function wrap_vectorize.<locals>.<lambda> at 0x131cb9158>: AttributeError: module 'gast' has no attribute 'Str'
2022-08-08 13:46:21,073 Entity <function wrap_vectorize.<locals>.<lambda> at 0x131cb9158> could not be transformed and will be executed as-is. Please report this to the AutgoGraph team. When filing the bug, set the verbosity to 10 (on Linux, `export AUTOGRAPH_VERBOSITY=10`) and attach the full output. Cause: converting <function wrap_vectorize.<locals>.<lambda> at 0x131cb9158>: AttributeError: module 'gast' has no attribute 'Str'
2022-08-08 13:46:21,232 Entity <function wrap_vectorize.<locals>.<lambda> at 0x131cb99d8> could not be transformed and will be executed as-is. Please report this to the AutgoGraph team. When filing the bug, set the verbosity to 10 (on Linux, `export AUTOGRAPH_VERBOSITY=10`) and attach the full output. Cause: converting <function wrap_vectorize.<locals>.<lambda> at 0x131cb99d8>: AttributeError: module 'gast' has no attribute 'Str'
2022-08-08 13:46:21,296 Entity <function wrap_vectorize.<locals>.<lambda> at 0x131d23c80> could not be transformed and will be executed as-is. Please report this to the AutgoGraph team. When filing the bug, set the verbosity to 10 (on Linux, `export AUTOGRAPH_VERBOSITY=10`) and attach the full output. Cause: converting <function wrap_vectorize.<locals>.<lambda> at 0x131d23c80>: AttributeError: module 'gast' has no attribute 'Str'
2022-08-08 13:46:21,328 Entity <function wrap_vectorize.<locals>.<lambda> at 0x131d23ea0> could not be transformed and will be executed as-is. Please report this to the AutgoGraph team. When filing the bug, set the verbosity to 10 (on Linux, `export AUTOGRAPH_VERBOSITY=10`) and attach the full output. Cause: converting <function wrap_vectorize.<locals>.<lambda> at 0x131d23ea0>: AttributeError: module 'gast' has no attribute 'Str'
2022-08-08 13:46:21,433 Entity <function wrap_vectorize.<locals>.<lambda> at 0x131d23ea0> could not be transformed and will be executed as-is. Please report this to the AutgoGraph team. When filing the bug, set the verbosity to 10 (on Linux, `export AUTOGRAPH_VERBOSITY=10`) and attach the full output. Cause: converting <function wrap_vectorize.<locals>.<lambda> at 0x131d23ea0>: AttributeError: module 'gast' has no attribute 'Str'
2022-08-08 13:46:21,479 Entity <function wrap_vectorize.<locals>.<lambda> at 0x13201c158> could not be transformed and will be executed as-is. Please report this to the AutgoGraph team. When filing the bug, set the verbosity to 10 (on Linux, `export AUTOGRAPH_VERBOSITY=10`) and attach the full output. Cause: converting <function wrap_vectorize.<locals>.<lambda> at 0x13201c158>: AttributeError: module 'gast' has no attribute 'Str'
2022-08-08 13:46:21,512 Entity <function wrap_vectorize.<locals>.<lambda> at 0x13201c158> could not be transformed and will be executed as-is. Please report this to the AutgoGraph team. When filing the bug, set the verbosity to 10 (on Linux, `export AUTOGRAPH_VERBOSITY=10`) and attach the full output. Cause: converting <function wrap_vectorize.<locals>.<lambda> at 0x13201c158>: AttributeError: module 'gast' has no attribute 'Str'
2022-08-08 13:46:21,673 Entity <function wrap_vectorize.<locals>.<lambda> at 0x13201c840> could not be transformed and will be executed as-is. Please report this to the AutgoGraph team. When filing the bug, set the verbosity to 10 (on Linux, `export AUTOGRAPH_VERBOSITY=10`) and attach the full output. Cause: converting <function wrap_vectorize.<locals>.<lambda> at 0x13201c840>: AttributeError: module 'gast' has no attribute 'Str'
2022-08-08 13:46:21,730 Entity <function wrap_vectorize.<locals>.<lambda> at 0x13208eb70> could not be transformed and will be executed as-is. Please report this to the AutgoGraph team. When filing the bug, set the verbosity to 10 (on Linux, `export AUTOGRAPH_VERBOSITY=10`) and attach the full output. Cause: converting <function wrap_vectorize.<locals>.<lambda> at 0x13208eb70>: AttributeError: module 'gast' has no attribute 'Str'
2022-08-08 13:46:21,767 Entity <function wrap_vectorize.<locals>.<lambda> at 0x13208ed90> could not be transformed and will be executed as-is. Please report this to the AutgoGraph team. When filing the bug, set the verbosity to 10 (on Linux, `export AUTOGRAPH_VERBOSITY=10`) and attach the full output. Cause: converting <function wrap_vectorize.<locals>.<lambda> at 0x13208ed90>: AttributeError: module 'gast' has no attribute 'Str'
2022-08-08 13:46:21,813 Entity <function wrap_vectorize.<locals>.<lambda> at 0x13208ed90> could not be transformed and will be executed as-is. Please report this to the AutgoGraph team. When filing the bug, set the verbosity to 10 (on Linux, `export AUTOGRAPH_VERBOSITY=10`) and attach the full output. Cause: converting <function wrap_vectorize.<locals>.<lambda> at 0x13208ed90>: AttributeError: module 'gast' has no attribute 'Str'
2022-08-08 13:46:21,854 Entity <function wrap_vectorize.<locals>.<lambda> at 0x13238b048> could not be transformed and will be executed as-is. Please report this to the AutgoGraph team. When filing the bug, set the verbosity to 10 (on Linux, `export AUTOGRAPH_VERBOSITY=10`) and attach the full output. Cause: converting <function wrap_vectorize.<locals>.<lambda> at 0x13238b048>: AttributeError: module 'gast' has no attribute 'Str'
2022-08-08 13:46:21,887 Entity <function wrap_vectorize.<locals>.<lambda> at 0x13238b378> could not be transformed and will be executed as-is. Please report this to the AutgoGraph team. When filing the bug, set the verbosity to 10 (on Linux, `export AUTOGRAPH_VERBOSITY=10`) and attach the full output. Cause: converting <function wrap_vectorize.<locals>.<lambda> at 0x13238b378>: AttributeError: module 'gast' has no attribute 'Str'
2022-08-08 13:46:22,089 Entity <function wrap_vectorize.<locals>.<lambda> at 0x13240d488> could not be transformed and will be executed as-is. Please report this to the AutgoGraph team. When filing the bug, set the verbosity to 10 (on Linux, `export AUTOGRAPH_VERBOSITY=10`) and attach the full output. Cause: converting <function wrap_vectorize.<locals>.<lambda> at 0x13240d488>: AttributeError: module 'gast' has no attribute 'Str'
2022-08-08 13:46:22,120 Entity <function wrap_vectorize.<locals>.<lambda> at 0x13240d598> could not be transformed and will be executed as-is. Please report this to the AutgoGraph team. When filing the bug, set the verbosity to 10 (on Linux, `export AUTOGRAPH_VERBOSITY=10`) and attach the full output. Cause: converting <function wrap_vectorize.<locals>.<lambda> at 0x13240d598>: AttributeError: module 'gast' has no attribute 'Str'
2022-08-08 13:46:22,207 Entity <function wrap_vectorize.<locals>.<lambda> at 0x1326c92f0> could not be transformed and will be executed as-is. Please report this to the AutgoGraph team. When filing the bug, set the verbosity to 10 (on Linux, `export AUTOGRAPH_VERBOSITY=10`) and attach the full output. Cause: converting <function wrap_vectorize.<locals>.<lambda> at 0x1326c92f0>: AttributeError: module 'gast' has no attribute 'Str'
2022-08-08 13:46:22,271 Entity <function wrap_vectorize.<locals>.<lambda> at 0x1326c9268> could not be transformed and will be executed as-is. Please report this to the AutgoGraph team. When filing the bug, set the verbosity to 10 (on Linux, `export AUTOGRAPH_VERBOSITY=10`) and attach the full output. Cause: converting <function wrap_vectorize.<locals>.<lambda> at 0x1326c9268>: AttributeError: module 'gast' has no attribute 'Str'
2022-08-08 13:46:22,318 Entity <function wrap_vectorize.<locals>.<lambda> at 0x1326c9598> could not be transformed and will be executed as-is. Please report this to the AutgoGraph team. When filing the bug, set the verbosity to 10 (on Linux, `export AUTOGRAPH_VERBOSITY=10`) and attach the full output. Cause: converting <function wrap_vectorize.<locals>.<lambda> at 0x1326c9598>: AttributeError: module 'gast' has no attribute 'Str'
2022-08-08 13:46:22,379 Entity <function wrap_vectorize.<locals>.<lambda> at 0x1326c9c80> could not be transformed and will be executed as-is. Please report this to the AutgoGraph team. When filing the bug, set the verbosity to 10 (on Linux, `export AUTOGRAPH_VERBOSITY=10`) and attach the full output. Cause: converting <function wrap_vectorize.<locals>.<lambda> at 0x1326c9c80>: AttributeError: module 'gast' has no attribute 'Str'
2022-08-08 13:46:23,402 
 Running MD Simulation for 100 steps
2022-08-08 13:46:31,161 Number of density samples used:9
2022-08-08 13:46:31,245 Number of positive ions:216.0
2022-08-08 13:46:31,245 Number of negative ions:216
2022-08-08 13:46:31,348 Entity <function wrap_vectorize.<locals>.<lambda> at 0x12fc718c8> could not be transformed and will be executed as-is. Please report this to the AutgoGraph team. When filing the bug, set the verbosity to 10 (on Linux, `export AUTOGRAPH_VERBOSITY=10`) and attach the full output. Cause: converting <function wrap_vectorize.<locals>.<lambda> at 0x12fc718c8>: AttributeError: module 'gast' has no attribute 'Str'
2022-08-08 13:46:31,413 Entity <function wrap_vectorize.<locals>.<lambda> at 0x132be4e18> could not be transformed and will be executed as-is. Please report this to the AutgoGraph team. When filing the bug, set the verbosity to 10 (on Linux, `export AUTOGRAPH_VERBOSITY=10`) and attach the full output. Cause: converting <function wrap_vectorize.<locals>.<lambda> at 0x132be4e18>: AttributeError: module 'gast' has no attribute 'Str'
2022-08-08 13:46:31,455 Entity <function wrap_vectorize.<locals>.<lambda> at 0x132be4ea0> could not be transformed and will be executed as-is. Please report this to the AutgoGraph team. When filing the bug, set the verbosity to 10 (on Linux, `export AUTOGRAPH_VERBOSITY=10`) and attach the full output. Cause: converting <function wrap_vectorize.<locals>.<lambda> at 0x132be4ea0>: AttributeError: module 'gast' has no attribute 'Str'
2022-08-08 13:46:31,512 Entity <function wrap_vectorize.<locals>.<lambda> at 0x132be48c8> could not be transformed and will be executed as-is. Please report this to the AutgoGraph team. When filing the bug, set the verbosity to 10 (on Linux, `export AUTOGRAPH_VERBOSITY=10`) and attach the full output. Cause: converting <function wrap_vectorize.<locals>.<lambda> at 0x132be48c8>: AttributeError: module 'gast' has no attribute 'Str'
2022-08-08 13:46:31,559 Entity <function wrap_vectorize.<locals>.<lambda> at 0x132cae6a8> could not be transformed and will be executed as-is. Please report this to the AutgoGraph team. When filing the bug, set the verbosity to 10 (on Linux, `export AUTOGRAPH_VERBOSITY=10`) and attach the full output. Cause: converting <function wrap_vectorize.<locals>.<lambda> at 0x132cae6a8>: AttributeError: module 'gast' has no attribute 'Str'
2022-08-08 13:46:31,593 Entity <function wrap_vectorize.<locals>.<lambda> at 0x132caec80> could not be transformed and will be executed as-is. Please report this to the AutgoGraph team. When filing the bug, set the verbosity to 10 (on Linux, `export AUTOGRAPH_VERBOSITY=10`) and attach the full output. Cause: converting <function wrap_vectorize.<locals>.<lambda> at 0x132caec80>: AttributeError: module 'gast' has no attribute 'Str'
2022-08-08 13:46:31,676 Total_surface_charge:-0.0
charge_meshpoint:-0.0
2022-08-08 13:46:31,676 Charge density:-0.0
2022-08-08 13:46:31,676 Dielectric constant of water 80
2022-08-08 13:46:31,676 Unit length 0.55
2022-08-08 13:46:31,676 Unit of mass 3.8409999999999993e-23
2022-08-08 13:46:31,677 Unit of energy 4.114486e-14
2022-08-08 13:46:31,677 Unit time 5.314067280204312e-09
2022-08-08 13:46:31,677 Simulation box dimensions (in reduced units) x | y | z 27.27272727272727|27.27272727272727|7.2727272727272725
2022-08-08 13:46:31,677 Box dimensions (in nanometers) x | y | z 15.0|15.0|4.0
2022-08-08 13:46:31,677 Permittivity inside and outside the confinement (channel) 80,80
2022-08-08 13:46:31,677 Dielectric contrast across interfaces 0.0
2022-08-08 13:46:31,677 Positive (+) ion valency 1.0
2022-08-08 13:46:31,677 Negative (-) ion valency -1.0
2022-08-08 13:46:31,677 Valency of counter ions is 1
2022-08-08 13:46:31,677 positive ion diameter (red. units) 1.0
2022-08-08 13:46:31,677 negative ion diameter (red. units) 1.0
2022-08-08 13:46:31,677 counter ion diameter (red units) 1.0
2022-08-08 13:46:31,677 In MD, charge density -0.0
2022-08-08 13:46:31,677 Ion (salt) concentration (c) inside 0.4 M
2022-08-08 13:46:31,677 Debye length 0.8743621157328897
2022-08-08 13:46:31,677 Mean separation between ions 2.322149795131979
2022-08-08 13:46:31,677 Temperature (in Kelvin) 298
2022-08-08 13:46:31,677 Binning width (uniform) 0.050156739811912224
2022-08-08 13:46:31,677 Number of bins147
2022-08-08 13:46:31,677 Number of points discretizing the left and right planar walls/interfaces/surfaces 1764 1764
2022-08-08 13:46:31,677 Number of ions 432.0
2022-08-08 13:46:31,677 Number of counter ions 0.0
2022-08-08 13:46:31,678 Time step in the simulation0.001
2022-08-08 13:46:31,690 Entity <function wrap_vectorize.<locals>.<lambda> at 0x132caec80> could not be transformed and will be executed as-is. Please report this to the AutgoGraph team. When filing the bug, set the verbosity to 10 (on Linux, `export AUTOGRAPH_VERBOSITY=10`) and attach the full output. Cause: converting <function wrap_vectorize.<locals>.<lambda> at 0x132caec80>: AttributeError: module 'gast' has no attribute 'Str'
2022-08-08 13:46:31,775 Entity <function wrap_vectorize.<locals>.<lambda> at 0x132caec80> could not be transformed and will be executed as-is. Please report this to the AutgoGraph team. When filing the bug, set the verbosity to 10 (on Linux, `export AUTOGRAPH_VERBOSITY=10`) and attach the full output. Cause: converting <function wrap_vectorize.<locals>.<lambda> at 0x132caec80>: AttributeError: module 'gast' has no attribute 'Str'
2022-08-08 13:46:31,813 Entity <function wrap_vectorize.<locals>.<lambda> at 0x132cae8c8> could not be transformed and will be executed as-is. Please report this to the AutgoGraph team. When filing the bug, set the verbosity to 10 (on Linux, `export AUTOGRAPH_VERBOSITY=10`) and attach the full output. Cause: converting <function wrap_vectorize.<locals>.<lambda> at 0x132cae8c8>: AttributeError: module 'gast' has no attribute 'Str'
2022-08-08 13:46:31,856 Entity <function wrap_vectorize.<locals>.<lambda> at 0x1330fbd08> could not be transformed and will be executed as-is. Please report this to the AutgoGraph team. When filing the bug, set the verbosity to 10 (on Linux, `export AUTOGRAPH_VERBOSITY=10`) and attach the full output. Cause: converting <function wrap_vectorize.<locals>.<lambda> at 0x1330fbd08>: AttributeError: module 'gast' has no attribute 'Str'
2022-08-08 13:46:31,898 Entity <function wrap_vectorize.<locals>.<lambda> at 0x1330fbbf8> could not be transformed and will be executed as-is. Please report this to the AutgoGraph team. When filing the bug, set the verbosity to 10 (on Linux, `export AUTOGRAPH_VERBOSITY=10`) and attach the full output. Cause: converting <function wrap_vectorize.<locals>.<lambda> at 0x1330fbbf8>: AttributeError: module 'gast' has no attribute 'Str'
2022-08-08 13:46:31,949 Entity <function wrap_vectorize.<locals>.<lambda> at 0x133cb6730> could not be transformed and will be executed as-is. Please report this to the AutgoGraph team. When filing the bug, set the verbosity to 10 (on Linux, `export AUTOGRAPH_VERBOSITY=10`) and attach the full output. Cause: converting <function wrap_vectorize.<locals>.<lambda> at 0x133cb6730>: AttributeError: module 'gast' has no attribute 'Str'
2022-08-08 13:46:33,018 initial KE:0.0
2022-08-08 13:46:33,069 Entity <function wrap_vectorize.<locals>.<lambda> at 0x133cb6bf8> could not be transformed and will be executed as-is. Please report this to the AutgoGraph team. When filing the bug, set the verbosity to 10 (on Linux, `export AUTOGRAPH_VERBOSITY=10`) and attach the full output. Cause: converting <function wrap_vectorize.<locals>.<lambda> at 0x133cb6bf8>: AttributeError: module 'gast' has no attribute 'Str'
2022-08-08 13:46:33,133 Entity <function wrap_vectorize.<locals>.<lambda> at 0x1332cc8c8> could not be transformed and will be executed as-is. Please report this to the AutgoGraph team. When filing the bug, set the verbosity to 10 (on Linux, `export AUTOGRAPH_VERBOSITY=10`) and attach the full output. Cause: converting <function wrap_vectorize.<locals>.<lambda> at 0x1332cc8c8>: AttributeError: module 'gast' has no attribute 'Str'
2022-08-08 13:46:33,173 Entity <function wrap_vectorize.<locals>.<lambda> at 0x1332cc840> could not be transformed and will be executed as-is. Please report this to the AutgoGraph team. When filing the bug, set the verbosity to 10 (on Linux, `export AUTOGRAPH_VERBOSITY=10`) and attach the full output. Cause: converting <function wrap_vectorize.<locals>.<lambda> at 0x1332cc840>: AttributeError: module 'gast' has no attribute 'Str'
2022-08-08 13:46:33,229 Entity <function wrap_vectorize.<locals>.<lambda> at 0x1332cc840> could not be transformed and will be executed as-is. Please report this to the AutgoGraph team. When filing the bug, set the verbosity to 10 (on Linux, `export AUTOGRAPH_VERBOSITY=10`) and attach the full output. Cause: converting <function wrap_vectorize.<locals>.<lambda> at 0x1332cc840>: AttributeError: module 'gast' has no attribute 'Str'
2022-08-08 13:46:33,286 Entity <function wrap_vectorize.<locals>.<lambda> at 0x133200400> could not be transformed and will be executed as-is. Please report this to the AutgoGraph team. When filing the bug, set the verbosity to 10 (on Linux, `export AUTOGRAPH_VERBOSITY=10`) and attach the full output. Cause: converting <function wrap_vectorize.<locals>.<lambda> at 0x133200400>: AttributeError: module 'gast' has no attribute 'Str'
2022-08-08 13:46:33,335 Entity <function wrap_vectorize.<locals>.<lambda> at 0x133200400> could not be transformed and will be executed as-is. Please report this to the AutgoGraph team. When filing the bug, set the verbosity to 10 (on Linux, `export AUTOGRAPH_VERBOSITY=10`) and attach the full output. Cause: converting <function wrap_vectorize.<locals>.<lambda> at 0x133200400>: AttributeError: module 'gast' has no attribute 'Str'
2022-08-08 13:46:33,536 Entity <function wrap_vectorize.<locals>.<lambda> at 0x133382620> could not be transformed and will be executed as-is. Please report this to the AutgoGraph team. When filing the bug, set the verbosity to 10 (on Linux, `export AUTOGRAPH_VERBOSITY=10`) and attach the full output. Cause: converting <function wrap_vectorize.<locals>.<lambda> at 0x133382620>: AttributeError: module 'gast' has no attribute 'Str'
2022-08-08 13:46:33,608 Entity <function wrap_vectorize.<locals>.<lambda> at 0x1333829d8> could not be transformed and will be executed as-is. Please report this to the AutgoGraph team. When filing the bug, set the verbosity to 10 (on Linux, `export AUTOGRAPH_VERBOSITY=10`) and attach the full output. Cause: converting <function wrap_vectorize.<locals>.<lambda> at 0x1333829d8>: AttributeError: module 'gast' has no attribute 'Str'
2022-08-08 13:46:33,648 Entity <function wrap_vectorize.<locals>.<lambda> at 0x133382c80> could not be transformed and will be executed as-is. Please report this to the AutgoGraph team. When filing the bug, set the verbosity to 10 (on Linux, `export AUTOGRAPH_VERBOSITY=10`) and attach the full output. Cause: converting <function wrap_vectorize.<locals>.<lambda> at 0x133382c80>: AttributeError: module 'gast' has no attribute 'Str'
2022-08-08 13:46:33,693 Entity <function wrap_vectorize.<locals>.<lambda> at 0x133382268> could not be transformed and will be executed as-is. Please report this to the AutgoGraph team. When filing the bug, set the verbosity to 10 (on Linux, `export AUTOGRAPH_VERBOSITY=10`) and attach the full output. Cause: converting <function wrap_vectorize.<locals>.<lambda> at 0x133382268>: AttributeError: module 'gast' has no attribute 'Str'
2022-08-08 13:46:33,735 Entity <function wrap_vectorize.<locals>.<lambda> at 0x13362d158> could not be transformed and will be executed as-is. Please report this to the AutgoGraph team. When filing the bug, set the verbosity to 10 (on Linux, `export AUTOGRAPH_VERBOSITY=10`) and attach the full output. Cause: converting <function wrap_vectorize.<locals>.<lambda> at 0x13362d158>: AttributeError: module 'gast' has no attribute 'Str'
2022-08-08 13:46:33,773 Entity <function wrap_vectorize.<locals>.<lambda> at 0x13362dea0> could not be transformed and will be executed as-is. Please report this to the AutgoGraph team. When filing the bug, set the verbosity to 10 (on Linux, `export AUTOGRAPH_VERBOSITY=10`) and attach the full output. Cause: converting <function wrap_vectorize.<locals>.<lambda> at 0x13362dea0>: AttributeError: module 'gast' has no attribute 'Str'
2022-08-08 13:46:33,942 Entity <function wrap_vectorize.<locals>.<lambda> at 0x1336db9d8> could not be transformed and will be executed as-is. Please report this to the AutgoGraph team. When filing the bug, set the verbosity to 10 (on Linux, `export AUTOGRAPH_VERBOSITY=10`) and attach the full output. Cause: converting <function wrap_vectorize.<locals>.<lambda> at 0x1336db9d8>: AttributeError: module 'gast' has no attribute 'Str'
2022-08-08 13:46:34,006 Entity <function wrap_vectorize.<locals>.<lambda> at 0x1336db2f0> could not be transformed and will be executed as-is. Please report this to the AutgoGraph team. When filing the bug, set the verbosity to 10 (on Linux, `export AUTOGRAPH_VERBOSITY=10`) and attach the full output. Cause: converting <function wrap_vectorize.<locals>.<lambda> at 0x1336db2f0>: AttributeError: module 'gast' has no attribute 'Str'
2022-08-08 13:46:34,041 Entity <function wrap_vectorize.<locals>.<lambda> at 0x1336db730> could not be transformed and will be executed as-is. Please report this to the AutgoGraph team. When filing the bug, set the verbosity to 10 (on Linux, `export AUTOGRAPH_VERBOSITY=10`) and attach the full output. Cause: converting <function wrap_vectorize.<locals>.<lambda> at 0x1336db730>: AttributeError: module 'gast' has no attribute 'Str'
2022-08-08 13:46:34,085 Entity <function wrap_vectorize.<locals>.<lambda> at 0x133769488> could not be transformed and will be executed as-is. Please report this to the AutgoGraph team. When filing the bug, set the verbosity to 10 (on Linux, `export AUTOGRAPH_VERBOSITY=10`) and attach the full output. Cause: converting <function wrap_vectorize.<locals>.<lambda> at 0x133769488>: AttributeError: module 'gast' has no attribute 'Str'
2022-08-08 13:46:34,135 Entity <function wrap_vectorize.<locals>.<lambda> at 0x133956510> could not be transformed and will be executed as-is. Please report this to the AutgoGraph team. When filing the bug, set the verbosity to 10 (on Linux, `export AUTOGRAPH_VERBOSITY=10`) and attach the full output. Cause: converting <function wrap_vectorize.<locals>.<lambda> at 0x133956510>: AttributeError: module 'gast' has no attribute 'Str'
2022-08-08 13:46:34,182 Entity <function wrap_vectorize.<locals>.<lambda> at 0x133a37620> could not be transformed and will be executed as-is. Please report this to the AutgoGraph team. When filing the bug, set the verbosity to 10 (on Linux, `export AUTOGRAPH_VERBOSITY=10`) and attach the full output. Cause: converting <function wrap_vectorize.<locals>.<lambda> at 0x133a37620>: AttributeError: module 'gast' has no attribute 'Str'
2022-08-08 13:46:34,378 Entity <function wrap_vectorize.<locals>.<lambda> at 0x133a37d90> could not be transformed and will be executed as-is. Please report this to the AutgoGraph team. When filing the bug, set the verbosity to 10 (on Linux, `export AUTOGRAPH_VERBOSITY=10`) and attach the full output. Cause: converting <function wrap_vectorize.<locals>.<lambda> at 0x133a37d90>: AttributeError: module 'gast' has no attribute 'Str'
2022-08-08 13:46:34,575 Entity <function wrap_vectorize.<locals>.<lambda> at 0x133a8a840> could not be transformed and will be executed as-is. Please report this to the AutgoGraph team. When filing the bug, set the verbosity to 10 (on Linux, `export AUTOGRAPH_VERBOSITY=10`) and attach the full output. Cause: converting <function wrap_vectorize.<locals>.<lambda> at 0x133a8a840>: AttributeError: module 'gast' has no attribute 'Str'
2022-08-08 13:46:34,619 Entity <function wrap_vectorize.<locals>.<lambda> at 0x133a8a048> could not be transformed and will be executed as-is. Please report this to the AutgoGraph team. When filing the bug, set the verbosity to 10 (on Linux, `export AUTOGRAPH_VERBOSITY=10`) and attach the full output. Cause: converting <function wrap_vectorize.<locals>.<lambda> at 0x133a8a048>: AttributeError: module 'gast' has no attribute 'Str'
2022-08-08 13:46:34,665 Entity <function wrap_vectorize.<locals>.<lambda> at 0x133a8aa60> could not be transformed and will be executed as-is. Please report this to the AutgoGraph team. When filing the bug, set the verbosity to 10 (on Linux, `export AUTOGRAPH_VERBOSITY=10`) and attach the full output. Cause: converting <function wrap_vectorize.<locals>.<lambda> at 0x133a8aa60>: AttributeError: module 'gast' has no attribute 'Str'
2022-08-08 13:46:34,708 Entity <function wrap_vectorize.<locals>.<lambda> at 0x133c84c80> could not be transformed and will be executed as-is. Please report this to the AutgoGraph team. When filing the bug, set the verbosity to 10 (on Linux, `export AUTOGRAPH_VERBOSITY=10`) and attach the full output. Cause: converting <function wrap_vectorize.<locals>.<lambda> at 0x133c84c80>: AttributeError: module 'gast' has no attribute 'Str'
2022-08-08 13:46:34,748 Entity <function wrap_vectorize.<locals>.<lambda> at 0x133d9e840> could not be transformed and will be executed as-is. Please report this to the AutgoGraph team. When filing the bug, set the verbosity to 10 (on Linux, `export AUTOGRAPH_VERBOSITY=10`) and attach the full output. Cause: converting <function wrap_vectorize.<locals>.<lambda> at 0x133d9e840>: AttributeError: module 'gast' has no attribute 'Str'
2022-08-08 13:46:34,940 Entity <function wrap_vectorize.<locals>.<lambda> at 0x133d9e510> could not be transformed and will be executed as-is. Please report this to the AutgoGraph team. When filing the bug, set the verbosity to 10 (on Linux, `export AUTOGRAPH_VERBOSITY=10`) and attach the full output. Cause: converting <function wrap_vectorize.<locals>.<lambda> at 0x133d9e510>: AttributeError: module 'gast' has no attribute 'Str'
2022-08-08 13:46:35,001 Entity <function wrap_vectorize.<locals>.<lambda> at 0x133dfd1e0> could not be transformed and will be executed as-is. Please report this to the AutgoGraph team. When filing the bug, set the verbosity to 10 (on Linux, `export AUTOGRAPH_VERBOSITY=10`) and attach the full output. Cause: converting <function wrap_vectorize.<locals>.<lambda> at 0x133dfd1e0>: AttributeError: module 'gast' has no attribute 'Str'
2022-08-08 13:46:35,031 Entity <function wrap_vectorize.<locals>.<lambda> at 0x133dfd400> could not be transformed and will be executed as-is. Please report this to the AutgoGraph team. When filing the bug, set the verbosity to 10 (on Linux, `export AUTOGRAPH_VERBOSITY=10`) and attach the full output. Cause: converting <function wrap_vectorize.<locals>.<lambda> at 0x133dfd400>: AttributeError: module 'gast' has no attribute 'Str'
2022-08-08 13:46:35,070 Entity <function wrap_vectorize.<locals>.<lambda> at 0x133dfdc80> could not be transformed and will be executed as-is. Please report this to the AutgoGraph team. When filing the bug, set the verbosity to 10 (on Linux, `export AUTOGRAPH_VERBOSITY=10`) and attach the full output. Cause: converting <function wrap_vectorize.<locals>.<lambda> at 0x133dfdc80>: AttributeError: module 'gast' has no attribute 'Str'
2022-08-08 13:46:35,110 Entity <function wrap_vectorize.<locals>.<lambda> at 0x1340b6268> could not be transformed and will be executed as-is. Please report this to the AutgoGraph team. When filing the bug, set the verbosity to 10 (on Linux, `export AUTOGRAPH_VERBOSITY=10`) and attach the full output. Cause: converting <function wrap_vectorize.<locals>.<lambda> at 0x1340b6268>: AttributeError: module 'gast' has no attribute 'Str'
2022-08-08 13:46:35,143 Entity <function wrap_vectorize.<locals>.<lambda> at 0x1340b6f28> could not be transformed and will be executed as-is. Please report this to the AutgoGraph team. When filing the bug, set the verbosity to 10 (on Linux, `export AUTOGRAPH_VERBOSITY=10`) and attach the full output. Cause: converting <function wrap_vectorize.<locals>.<lambda> at 0x1340b6f28>: AttributeError: module 'gast' has no attribute 'Str'
2022-08-08 13:46:35,330 Entity <function wrap_vectorize.<locals>.<lambda> at 0x13411a730> could not be transformed and will be executed as-is. Please report this to the AutgoGraph team. When filing the bug, set the verbosity to 10 (on Linux, `export AUTOGRAPH_VERBOSITY=10`) and attach the full output. Cause: converting <function wrap_vectorize.<locals>.<lambda> at 0x13411a730>: AttributeError: module 'gast' has no attribute 'Str'
2022-08-08 13:46:35,393 Entity <function wrap_vectorize.<locals>.<lambda> at 0x13411a7b8> could not be transformed and will be executed as-is. Please report this to the AutgoGraph team. When filing the bug, set the verbosity to 10 (on Linux, `export AUTOGRAPH_VERBOSITY=10`) and attach the full output. Cause: converting <function wrap_vectorize.<locals>.<lambda> at 0x13411a7b8>: AttributeError: module 'gast' has no attribute 'Str'
2022-08-08 13:46:35,432 Entity <function wrap_vectorize.<locals>.<lambda> at 0x13411a2f0> could not be transformed and will be executed as-is. Please report this to the AutgoGraph team. When filing the bug, set the verbosity to 10 (on Linux, `export AUTOGRAPH_VERBOSITY=10`) and attach the full output. Cause: converting <function wrap_vectorize.<locals>.<lambda> at 0x13411a2f0>: AttributeError: module 'gast' has no attribute 'Str'
2022-08-08 13:46:35,479 Entity <function wrap_vectorize.<locals>.<lambda> at 0x13411ac80> could not be transformed and will be executed as-is. Please report this to the AutgoGraph team. When filing the bug, set the verbosity to 10 (on Linux, `export AUTOGRAPH_VERBOSITY=10`) and attach the full output. Cause: converting <function wrap_vectorize.<locals>.<lambda> at 0x13411ac80>: AttributeError: module 'gast' has no attribute 'Str'
2022-08-08 13:46:35,527 Entity <function wrap_vectorize.<locals>.<lambda> at 0x1343d0510> could not be transformed and will be executed as-is. Please report this to the AutgoGraph team. When filing the bug, set the verbosity to 10 (on Linux, `export AUTOGRAPH_VERBOSITY=10`) and attach the full output. Cause: converting <function wrap_vectorize.<locals>.<lambda> at 0x1343d0510>: AttributeError: module 'gast' has no attribute 'Str'
2022-08-08 13:46:35,561 Entity <function wrap_vectorize.<locals>.<lambda> at 0x1343d0e18> could not be transformed and will be executed as-is. Please report this to the AutgoGraph team. When filing the bug, set the verbosity to 10 (on Linux, `export AUTOGRAPH_VERBOSITY=10`) and attach the full output. Cause: converting <function wrap_vectorize.<locals>.<lambda> at 0x1343d0e18>: AttributeError: module 'gast' has no attribute 'Str'
2022-08-08 13:46:35,736 Entity <function wrap_vectorize.<locals>.<lambda> at 0x13446c950> could not be transformed and will be executed as-is. Please report this to the AutgoGraph team. When filing the bug, set the verbosity to 10 (on Linux, `export AUTOGRAPH_VERBOSITY=10`) and attach the full output. Cause: converting <function wrap_vectorize.<locals>.<lambda> at 0x13446c950>: AttributeError: module 'gast' has no attribute 'Str'
2022-08-08 13:46:35,800 Entity <function wrap_vectorize.<locals>.<lambda> at 0x13446c268> could not be transformed and will be executed as-is. Please report this to the AutgoGraph team. When filing the bug, set the verbosity to 10 (on Linux, `export AUTOGRAPH_VERBOSITY=10`) and attach the full output. Cause: converting <function wrap_vectorize.<locals>.<lambda> at 0x13446c268>: AttributeError: module 'gast' has no attribute 'Str'
2022-08-08 13:46:35,830 Entity <function wrap_vectorize.<locals>.<lambda> at 0x13446c6a8> could not be transformed and will be executed as-is. Please report this to the AutgoGraph team. When filing the bug, set the verbosity to 10 (on Linux, `export AUTOGRAPH_VERBOSITY=10`) and attach the full output. Cause: converting <function wrap_vectorize.<locals>.<lambda> at 0x13446c6a8>: AttributeError: module 'gast' has no attribute 'Str'
2022-08-08 13:46:35,870 Entity <function wrap_vectorize.<locals>.<lambda> at 0x13463b400> could not be transformed and will be executed as-is. Please report this to the AutgoGraph team. When filing the bug, set the verbosity to 10 (on Linux, `export AUTOGRAPH_VERBOSITY=10`) and attach the full output. Cause: converting <function wrap_vectorize.<locals>.<lambda> at 0x13463b400>: AttributeError: module 'gast' has no attribute 'Str'
2022-08-08 13:46:35,912 Entity <function wrap_vectorize.<locals>.<lambda> at 0x1346e8488> could not be transformed and will be executed as-is. Please report this to the AutgoGraph team. When filing the bug, set the verbosity to 10 (on Linux, `export AUTOGRAPH_VERBOSITY=10`) and attach the full output. Cause: converting <function wrap_vectorize.<locals>.<lambda> at 0x1346e8488>: AttributeError: module 'gast' has no attribute 'Str'
2022-08-08 13:46:35,948 Entity <function wrap_vectorize.<locals>.<lambda> at 0x1347c8598> could not be transformed and will be executed as-is. Please report this to the AutgoGraph team. When filing the bug, set the verbosity to 10 (on Linux, `export AUTOGRAPH_VERBOSITY=10`) and attach the full output. Cause: converting <function wrap_vectorize.<locals>.<lambda> at 0x1347c8598>: AttributeError: module 'gast' has no attribute 'Str'
2022-08-08 13:46:36,157 Entity <function wrap_vectorize.<locals>.<lambda> at 0x1347c8d08> could not be transformed and will be executed as-is. Please report this to the AutgoGraph team. When filing the bug, set the verbosity to 10 (on Linux, `export AUTOGRAPH_VERBOSITY=10`) and attach the full output. Cause: converting <function wrap_vectorize.<locals>.<lambda> at 0x1347c8d08>: AttributeError: module 'gast' has no attribute 'Str'
2022-08-08 13:46:36,226 Entity <function wrap_vectorize.<locals>.<lambda> at 0x13481d7b8> could not be transformed and will be executed as-is. Please report this to the AutgoGraph team. When filing the bug, set the verbosity to 10 (on Linux, `export AUTOGRAPH_VERBOSITY=10`) and attach the full output. Cause: converting <function wrap_vectorize.<locals>.<lambda> at 0x13481d7b8>: AttributeError: module 'gast' has no attribute 'Str'
2022-08-08 13:46:36,257 Entity <function wrap_vectorize.<locals>.<lambda> at 0x13481d840> could not be transformed and will be executed as-is. Please report this to the AutgoGraph team. When filing the bug, set the verbosity to 10 (on Linux, `export AUTOGRAPH_VERBOSITY=10`) and attach the full output. Cause: converting <function wrap_vectorize.<locals>.<lambda> at 0x13481d840>: AttributeError: module 'gast' has no attribute 'Str'
2022-08-08 13:46:36,300 Entity <function wrap_vectorize.<locals>.<lambda> at 0x13481d9d8> could not be transformed and will be executed as-is. Please report this to the AutgoGraph team. When filing the bug, set the verbosity to 10 (on Linux, `export AUTOGRAPH_VERBOSITY=10`) and attach the full output. Cause: converting <function wrap_vectorize.<locals>.<lambda> at 0x13481d9d8>: AttributeError: module 'gast' has no attribute 'Str'
2022-08-08 13:46:36,343 Entity <function wrap_vectorize.<locals>.<lambda> at 0x134a27bf8> could not be transformed and will be executed as-is. Please report this to the AutgoGraph team. When filing the bug, set the verbosity to 10 (on Linux, `export AUTOGRAPH_VERBOSITY=10`) and attach the full output. Cause: converting <function wrap_vectorize.<locals>.<lambda> at 0x134a27bf8>: AttributeError: module 'gast' has no attribute 'Str'
2022-08-08 13:46:36,377 Entity <function wrap_vectorize.<locals>.<lambda> at 0x134b0f7b8> could not be transformed and will be executed as-is. Please report this to the AutgoGraph team. When filing the bug, set the verbosity to 10 (on Linux, `export AUTOGRAPH_VERBOSITY=10`) and attach the full output. Cause: converting <function wrap_vectorize.<locals>.<lambda> at 0x134b0f7b8>: AttributeError: module 'gast' has no attribute 'Str'
2022-08-08 13:46:36,593 Entity <function wrap_vectorize.<locals>.<lambda> at 0x134b0f488> could not be transformed and will be executed as-is. Please report this to the AutgoGraph team. When filing the bug, set the verbosity to 10 (on Linux, `export AUTOGRAPH_VERBOSITY=10`) and attach the full output. Cause: converting <function wrap_vectorize.<locals>.<lambda> at 0x134b0f488>: AttributeError: module 'gast' has no attribute 'Str'
2022-08-08 13:46:36,682 Entity <function wrap_vectorize.<locals>.<lambda> at 0x134b732f0> could not be transformed and will be executed as-is. Please report this to the AutgoGraph team. When filing the bug, set the verbosity to 10 (on Linux, `export AUTOGRAPH_VERBOSITY=10`) and attach the full output. Cause: converting <function wrap_vectorize.<locals>.<lambda> at 0x134b732f0>: AttributeError: module 'gast' has no attribute 'Str'
2022-08-08 13:46:36,731 Entity <function wrap_vectorize.<locals>.<lambda> at 0x134b73510> could not be transformed and will be executed as-is. Please report this to the AutgoGraph team. When filing the bug, set the verbosity to 10 (on Linux, `export AUTOGRAPH_VERBOSITY=10`) and attach the full output. Cause: converting <function wrap_vectorize.<locals>.<lambda> at 0x134b73510>: AttributeError: module 'gast' has no attribute 'Str'
2022-08-08 13:46:36,794 Entity <function wrap_vectorize.<locals>.<lambda> at 0x134b73bf8> could not be transformed and will be executed as-is. Please report this to the AutgoGraph team. When filing the bug, set the verbosity to 10 (on Linux, `export AUTOGRAPH_VERBOSITY=10`) and attach the full output. Cause: converting <function wrap_vectorize.<locals>.<lambda> at 0x134b73bf8>: AttributeError: module 'gast' has no attribute 'Str'
2022-08-08 13:46:36,860 Entity <function wrap_vectorize.<locals>.<lambda> at 0x134e2f378> could not be transformed and will be executed as-is. Please report this to the AutgoGraph team. When filing the bug, set the verbosity to 10 (on Linux, `export AUTOGRAPH_VERBOSITY=10`) and attach the full output. Cause: converting <function wrap_vectorize.<locals>.<lambda> at 0x134e2f378>: AttributeError: module 'gast' has no attribute 'Str'
2022-08-08 13:46:36,911 Entity <function wrap_vectorize.<locals>.<lambda> at 0x134e2fb70> could not be transformed and will be executed as-is. Please report this to the AutgoGraph team. When filing the bug, set the verbosity to 10 (on Linux, `export AUTOGRAPH_VERBOSITY=10`) and attach the full output. Cause: converting <function wrap_vectorize.<locals>.<lambda> at 0x134e2fb70>: AttributeError: module 'gast' has no attribute 'Str'
2022-08-08 13:46:37,242 Entity <function wrap_vectorize.<locals>.<lambda> at 0x134ea26a8> could not be transformed and will be executed as-is. Please report this to the AutgoGraph team. When filing the bug, set the verbosity to 10 (on Linux, `export AUTOGRAPH_VERBOSITY=10`) and attach the full output. Cause: converting <function wrap_vectorize.<locals>.<lambda> at 0x134ea26a8>: AttributeError: module 'gast' has no attribute 'Str'
2022-08-08 13:46:37,320 Entity <function wrap_vectorize.<locals>.<lambda> at 0x134ea2840> could not be transformed and will be executed as-is. Please report this to the AutgoGraph team. When filing the bug, set the verbosity to 10 (on Linux, `export AUTOGRAPH_VERBOSITY=10`) and attach the full output. Cause: converting <function wrap_vectorize.<locals>.<lambda> at 0x134ea2840>: AttributeError: module 'gast' has no attribute 'Str'
2022-08-08 13:46:37,354 Entity <function wrap_vectorize.<locals>.<lambda> at 0x134ea22f0> could not be transformed and will be executed as-is. Please report this to the AutgoGraph team. When filing the bug, set the verbosity to 10 (on Linux, `export AUTOGRAPH_VERBOSITY=10`) and attach the full output. Cause: converting <function wrap_vectorize.<locals>.<lambda> at 0x134ea22f0>: AttributeError: module 'gast' has no attribute 'Str'
2022-08-08 13:46:37,396 Entity <function wrap_vectorize.<locals>.<lambda> at 0x134ea2b70> could not be transformed and will be executed as-is. Please report this to the AutgoGraph team. When filing the bug, set the verbosity to 10 (on Linux, `export AUTOGRAPH_VERBOSITY=10`) and attach the full output. Cause: converting <function wrap_vectorize.<locals>.<lambda> at 0x134ea2b70>: AttributeError: module 'gast' has no attribute 'Str'
2022-08-08 13:46:37,436 Entity <function wrap_vectorize.<locals>.<lambda> at 0x135145400> could not be transformed and will be executed as-is. Please report this to the AutgoGraph team. When filing the bug, set the verbosity to 10 (on Linux, `export AUTOGRAPH_VERBOSITY=10`) and attach the full output. Cause: converting <function wrap_vectorize.<locals>.<lambda> at 0x135145400>: AttributeError: module 'gast' has no attribute 'Str'
2022-08-08 13:46:37,472 Entity <function wrap_vectorize.<locals>.<lambda> at 0x135145a60> could not be transformed and will be executed as-is. Please report this to the AutgoGraph team. When filing the bug, set the verbosity to 10 (on Linux, `export AUTOGRAPH_VERBOSITY=10`) and attach the full output. Cause: converting <function wrap_vectorize.<locals>.<lambda> at 0x135145a60>: AttributeError: module 'gast' has no attribute 'Str'
2022-08-08 13:46:37,708 Entity <function wrap_vectorize.<locals>.<lambda> at 0x1351e1730> could not be transformed and will be executed as-is. Please report this to the AutgoGraph team. When filing the bug, set the verbosity to 10 (on Linux, `export AUTOGRAPH_VERBOSITY=10`) and attach the full output. Cause: converting <function wrap_vectorize.<locals>.<lambda> at 0x1351e1730>: AttributeError: module 'gast' has no attribute 'Str'
2022-08-08 13:46:37,758 Entity <function wrap_vectorize.<locals>.<lambda> at 0x1351e1d08> could not be transformed and will be executed as-is. Please report this to the AutgoGraph team. When filing the bug, set the verbosity to 10 (on Linux, `export AUTOGRAPH_VERBOSITY=10`) and attach the full output. Cause: converting <function wrap_vectorize.<locals>.<lambda> at 0x1351e1d08>: AttributeError: module 'gast' has no attribute 'Str'
2022-08-08 13:46:37,890 Entity <function wrap_vectorize.<locals>.<lambda> at 0x1354c1510> could not be transformed and will be executed as-is. Please report this to the AutgoGraph team. When filing the bug, set the verbosity to 10 (on Linux, `export AUTOGRAPH_VERBOSITY=10`) and attach the full output. Cause: converting <function wrap_vectorize.<locals>.<lambda> at 0x1354c1510>: AttributeError: module 'gast' has no attribute 'Str'
2022-08-08 13:46:37,962 Entity <function wrap_vectorize.<locals>.<lambda> at 0x1354ea378> could not be transformed and will be executed as-is. Please report this to the AutgoGraph team. When filing the bug, set the verbosity to 10 (on Linux, `export AUTOGRAPH_VERBOSITY=10`) and attach the full output. Cause: converting <function wrap_vectorize.<locals>.<lambda> at 0x1354ea378>: AttributeError: module 'gast' has no attribute 'Str'
2022-08-08 13:46:37,998 Entity <function wrap_vectorize.<locals>.<lambda> at 0x1354ea8c8> could not be transformed and will be executed as-is. Please report this to the AutgoGraph team. When filing the bug, set the verbosity to 10 (on Linux, `export AUTOGRAPH_VERBOSITY=10`) and attach the full output. Cause: converting <function wrap_vectorize.<locals>.<lambda> at 0x1354ea8c8>: AttributeError: module 'gast' has no attribute 'Str'
2022-08-08 13:46:38,038 Entity <function wrap_vectorize.<locals>.<lambda> at 0x1354ea7b8> could not be transformed and will be executed as-is. Please report this to the AutgoGraph team. When filing the bug, set the verbosity to 10 (on Linux, `export AUTOGRAPH_VERBOSITY=10`) and attach the full output. Cause: converting <function wrap_vectorize.<locals>.<lambda> at 0x1354ea7b8>: AttributeError: module 'gast' has no attribute 'Str'
2022-08-08 13:46:39,425 
 Running MD Simulation for 100 steps
2022-08-08 13:46:53,291 Number of density samples used:9
