2022-08-07 21:22:19,276 Number of positive ions:121.0
2022-08-07 21:22:19,276 Number of negative ions:121
2022-08-07 21:22:19,304 From /Library/Python/3.7/site-packages/tensorflow/python/ops/array_ops.py:1354: add_dispatch_support.<locals>.wrapper (from tensorflow.python.ops.array_ops) is deprecated and will be removed in a future version.
Instructions for updating:
Use tf.where in 2.0, which has the same broadcast rule as np.where
2022-08-07 21:22:19,448 Entity <function wrap_vectorize.<locals>.<lambda> at 0x132f6c9d8> could not be transformed and will be executed as-is. Please report this to the AutgoGraph team. When filing the bug, set the verbosity to 10 (on Linux, `export AUTOGRAPH_VERBOSITY=10`) and attach the full output. Cause: converting <function wrap_vectorize.<locals>.<lambda> at 0x132f6c9d8>: AttributeError: module 'gast' has no attribute 'Str'
2022-08-07 21:22:19,542 Entity <function wrap_vectorize.<locals>.<lambda> at 0x132f6ca60> could not be transformed and will be executed as-is. Please report this to the AutgoGraph team. When filing the bug, set the verbosity to 10 (on Linux, `export AUTOGRAPH_VERBOSITY=10`) and attach the full output. Cause: converting <function wrap_vectorize.<locals>.<lambda> at 0x132f6ca60>: AttributeError: module 'gast' has no attribute 'Str'
2022-08-07 21:22:19,578 Entity <function wrap_vectorize.<locals>.<lambda> at 0x132f6cd08> could not be transformed and will be executed as-is. Please report this to the AutgoGraph team. When filing the bug, set the verbosity to 10 (on Linux, `export AUTOGRAPH_VERBOSITY=10`) and attach the full output. Cause: converting <function wrap_vectorize.<locals>.<lambda> at 0x132f6cd08>: AttributeError: module 'gast' has no attribute 'Str'
2022-08-07 21:22:19,620 Entity <function wrap_vectorize.<locals>.<lambda> at 0x132f6cbf8> could not be transformed and will be executed as-is. Please report this to the AutgoGraph team. When filing the bug, set the verbosity to 10 (on Linux, `export AUTOGRAPH_VERBOSITY=10`) and attach the full output. Cause: converting <function wrap_vectorize.<locals>.<lambda> at 0x132f6cbf8>: AttributeError: module 'gast' has no attribute 'Str'
2022-08-07 21:22:19,662 Entity <function wrap_vectorize.<locals>.<lambda> at 0x133184ae8> could not be transformed and will be executed as-is. Please report this to the AutgoGraph team. When filing the bug, set the verbosity to 10 (on Linux, `export AUTOGRAPH_VERBOSITY=10`) and attach the full output. Cause: converting <function wrap_vectorize.<locals>.<lambda> at 0x133184ae8>: AttributeError: module 'gast' has no attribute 'Str'
2022-08-07 21:22:19,712 Entity <function wrap_vectorize.<locals>.<lambda> at 0x133184d08> could not be transformed and will be executed as-is. Please report this to the AutgoGraph team. When filing the bug, set the verbosity to 10 (on Linux, `export AUTOGRAPH_VERBOSITY=10`) and attach the full output. Cause: converting <function wrap_vectorize.<locals>.<lambda> at 0x133184d08>: AttributeError: module 'gast' has no attribute 'Str'
2022-08-07 21:22:19,809 Total_surface_charge:-0.0
charge_meshpoint:-0.0
2022-08-07 21:22:19,809 Charge density:-0.0
2022-08-07 21:22:19,809 Dielectric constant of water 80
2022-08-07 21:22:19,809 Unit length 0.55
2022-08-07 21:22:19,809 Unit of mass 3.8409999999999993e-23
2022-08-07 21:22:19,809 Unit of energy 4.114486e-14
2022-08-07 21:22:19,809 Unit time 5.314067280204312e-09
2022-08-07 21:22:19,809 Simulation box dimensions (in reduced units) x | y | z 27.27272727272727|27.27272727272727|5.454545454545454
2022-08-07 21:22:19,809 Box dimensions (in nanometers) x | y | z 15.0|15.0|3.0
2022-08-07 21:22:19,809 Permittivity inside and outside the confinement (channel) 80,80
2022-08-07 21:22:19,809 Dielectric contrast across interfaces 0.0
2022-08-07 21:22:19,809 Positive (+) ion valency 1.0
2022-08-07 21:22:19,809 Negative (-) ion valency -1.0
2022-08-07 21:22:19,810 Valency of counter ions is 1
2022-08-07 21:22:19,810 positive ion diameter (red. units) 1.0
2022-08-07 21:22:19,810 negative ion diameter (red. units) 1.0
2022-08-07 21:22:19,810 counter ion diameter (red units) 1.0
2022-08-07 21:22:19,810 In MD, charge density -0.0
2022-08-07 21:22:19,810 Ion (salt) concentration (c) inside 0.3 M
2022-08-07 21:22:19,810 Debye length 1.0096264057751894
2022-08-07 21:22:19,810 Mean separation between ions 2.555856561520452
2022-08-07 21:22:19,810 Temperature (in Kelvin) 298
2022-08-07 21:22:19,810 Binning width (uniform) 0.0500417014178482
2022-08-07 21:22:19,810 Number of bins111
2022-08-07 21:22:19,810 Number of points discretizing the left and right planar walls/interfaces/surfaces 1764 1764
2022-08-07 21:22:19,810 Number of ions 242.0
2022-08-07 21:22:19,810 Number of counter ions 0.0
2022-08-07 21:22:19,810 Time step in the simulation0.001
2022-08-07 21:22:19,819 Entity <function wrap_vectorize.<locals>.<lambda> at 0x133184ae8> could not be transformed and will be executed as-is. Please report this to the AutgoGraph team. When filing the bug, set the verbosity to 10 (on Linux, `export AUTOGRAPH_VERBOSITY=10`) and attach the full output. Cause: converting <function wrap_vectorize.<locals>.<lambda> at 0x133184ae8>: AttributeError: module 'gast' has no attribute 'Str'
2022-08-07 21:22:19,880 Entity <function wrap_vectorize.<locals>.<lambda> at 0x133232048> could not be transformed and will be executed as-is. Please report this to the AutgoGraph team. When filing the bug, set the verbosity to 10 (on Linux, `export AUTOGRAPH_VERBOSITY=10`) and attach the full output. Cause: converting <function wrap_vectorize.<locals>.<lambda> at 0x133232048>: AttributeError: module 'gast' has no attribute 'Str'
2022-08-07 21:22:19,927 Entity <function wrap_vectorize.<locals>.<lambda> at 0x1332326a8> could not be transformed and will be executed as-is. Please report this to the AutgoGraph team. When filing the bug, set the verbosity to 10 (on Linux, `export AUTOGRAPH_VERBOSITY=10`) and attach the full output. Cause: converting <function wrap_vectorize.<locals>.<lambda> at 0x1332326a8>: AttributeError: module 'gast' has no attribute 'Str'
2022-08-07 21:22:19,976 Entity <function wrap_vectorize.<locals>.<lambda> at 0x133232d08> could not be transformed and will be executed as-is. Please report this to the AutgoGraph team. When filing the bug, set the verbosity to 10 (on Linux, `export AUTOGRAPH_VERBOSITY=10`) and attach the full output. Cause: converting <function wrap_vectorize.<locals>.<lambda> at 0x133232d08>: AttributeError: module 'gast' has no attribute 'Str'
2022-08-07 21:22:20,028 Entity <function wrap_vectorize.<locals>.<lambda> at 0x1333296a8> could not be transformed and will be executed as-is. Please report this to the AutgoGraph team. When filing the bug, set the verbosity to 10 (on Linux, `export AUTOGRAPH_VERBOSITY=10`) and attach the full output. Cause: converting <function wrap_vectorize.<locals>.<lambda> at 0x1333296a8>: AttributeError: module 'gast' has no attribute 'Str'
2022-08-07 21:22:20,065 Entity <function wrap_vectorize.<locals>.<lambda> at 0x1333292f0> could not be transformed and will be executed as-is. Please report this to the AutgoGraph team. When filing the bug, set the verbosity to 10 (on Linux, `export AUTOGRAPH_VERBOSITY=10`) and attach the full output. Cause: converting <function wrap_vectorize.<locals>.<lambda> at 0x1333292f0>: AttributeError: module 'gast' has no attribute 'Str'
2022-08-07 21:22:20,386 initial KE:0.0
2022-08-07 21:22:20,439 Entity <function wrap_vectorize.<locals>.<lambda> at 0x1334e21e0> could not be transformed and will be executed as-is. Please report this to the AutgoGraph team. When filing the bug, set the verbosity to 10 (on Linux, `export AUTOGRAPH_VERBOSITY=10`) and attach the full output. Cause: converting <function wrap_vectorize.<locals>.<lambda> at 0x1334e21e0>: AttributeError: module 'gast' has no attribute 'Str'
2022-08-07 21:22:20,499 Entity <function wrap_vectorize.<locals>.<lambda> at 0x1334e2b70> could not be transformed and will be executed as-is. Please report this to the AutgoGraph team. When filing the bug, set the verbosity to 10 (on Linux, `export AUTOGRAPH_VERBOSITY=10`) and attach the full output. Cause: converting <function wrap_vectorize.<locals>.<lambda> at 0x1334e2b70>: AttributeError: module 'gast' has no attribute 'Str'
2022-08-07 21:22:20,531 Entity <function wrap_vectorize.<locals>.<lambda> at 0x1334e2bf8> could not be transformed and will be executed as-is. Please report this to the AutgoGraph team. When filing the bug, set the verbosity to 10 (on Linux, `export AUTOGRAPH_VERBOSITY=10`) and attach the full output. Cause: converting <function wrap_vectorize.<locals>.<lambda> at 0x1334e2bf8>: AttributeError: module 'gast' has no attribute 'Str'
2022-08-07 21:22:20,572 Entity <function wrap_vectorize.<locals>.<lambda> at 0x1335da378> could not be transformed and will be executed as-is. Please report this to the AutgoGraph team. When filing the bug, set the verbosity to 10 (on Linux, `export AUTOGRAPH_VERBOSITY=10`) and attach the full output. Cause: converting <function wrap_vectorize.<locals>.<lambda> at 0x1335da378>: AttributeError: module 'gast' has no attribute 'Str'
2022-08-07 21:22:20,613 Entity <function wrap_vectorize.<locals>.<lambda> at 0x1337a2400> could not be transformed and will be executed as-is. Please report this to the AutgoGraph team. When filing the bug, set the verbosity to 10 (on Linux, `export AUTOGRAPH_VERBOSITY=10`) and attach the full output. Cause: converting <function wrap_vectorize.<locals>.<lambda> at 0x1337a2400>: AttributeError: module 'gast' has no attribute 'Str'
2022-08-07 21:22:20,647 Entity <function wrap_vectorize.<locals>.<lambda> at 0x1337a2378> could not be transformed and will be executed as-is. Please report this to the AutgoGraph team. When filing the bug, set the verbosity to 10 (on Linux, `export AUTOGRAPH_VERBOSITY=10`) and attach the full output. Cause: converting <function wrap_vectorize.<locals>.<lambda> at 0x1337a2378>: AttributeError: module 'gast' has no attribute 'Str'
2022-08-07 21:22:20,851 Entity <function wrap_vectorize.<locals>.<lambda> at 0x133891f28> could not be transformed and will be executed as-is. Please report this to the AutgoGraph team. When filing the bug, set the verbosity to 10 (on Linux, `export AUTOGRAPH_VERBOSITY=10`) and attach the full output. Cause: converting <function wrap_vectorize.<locals>.<lambda> at 0x133891f28>: AttributeError: module 'gast' has no attribute 'Str'
2022-08-07 21:22:20,910 Entity <function wrap_vectorize.<locals>.<lambda> at 0x133891b70> could not be transformed and will be executed as-is. Please report this to the AutgoGraph team. When filing the bug, set the verbosity to 10 (on Linux, `export AUTOGRAPH_VERBOSITY=10`) and attach the full output. Cause: converting <function wrap_vectorize.<locals>.<lambda> at 0x133891b70>: AttributeError: module 'gast' has no attribute 'Str'
2022-08-07 21:22:20,941 Entity <function wrap_vectorize.<locals>.<lambda> at 0x133891378> could not be transformed and will be executed as-is. Please report this to the AutgoGraph team. When filing the bug, set the verbosity to 10 (on Linux, `export AUTOGRAPH_VERBOSITY=10`) and attach the full output. Cause: converting <function wrap_vectorize.<locals>.<lambda> at 0x133891378>: AttributeError: module 'gast' has no attribute 'Str'
2022-08-07 21:22:20,982 Entity <function wrap_vectorize.<locals>.<lambda> at 0x133891378> could not be transformed and will be executed as-is. Please report this to the AutgoGraph team. When filing the bug, set the verbosity to 10 (on Linux, `export AUTOGRAPH_VERBOSITY=10`) and attach the full output. Cause: converting <function wrap_vectorize.<locals>.<lambda> at 0x133891378>: AttributeError: module 'gast' has no attribute 'Str'
2022-08-07 21:22:21,023 Entity <function wrap_vectorize.<locals>.<lambda> at 0x133b3a620> could not be transformed and will be executed as-is. Please report this to the AutgoGraph team. When filing the bug, set the verbosity to 10 (on Linux, `export AUTOGRAPH_VERBOSITY=10`) and attach the full output. Cause: converting <function wrap_vectorize.<locals>.<lambda> at 0x133b3a620>: AttributeError: module 'gast' has no attribute 'Str'
2022-08-07 21:22:21,057 Entity <function wrap_vectorize.<locals>.<lambda> at 0x133b3a620> could not be transformed and will be executed as-is. Please report this to the AutgoGraph team. When filing the bug, set the verbosity to 10 (on Linux, `export AUTOGRAPH_VERBOSITY=10`) and attach the full output. Cause: converting <function wrap_vectorize.<locals>.<lambda> at 0x133b3a620>: AttributeError: module 'gast' has no attribute 'Str'
2022-08-07 21:22:21,300 Entity <function wrap_vectorize.<locals>.<lambda> at 0x133bf19d8> could not be transformed and will be executed as-is. Please report this to the AutgoGraph team. When filing the bug, set the verbosity to 10 (on Linux, `export AUTOGRAPH_VERBOSITY=10`) and attach the full output. Cause: converting <function wrap_vectorize.<locals>.<lambda> at 0x133bf19d8>: AttributeError: module 'gast' has no attribute 'Str'
2022-08-07 21:22:21,362 Entity <function wrap_vectorize.<locals>.<lambda> at 0x133bf1620> could not be transformed and will be executed as-is. Please report this to the AutgoGraph team. When filing the bug, set the verbosity to 10 (on Linux, `export AUTOGRAPH_VERBOSITY=10`) and attach the full output. Cause: converting <function wrap_vectorize.<locals>.<lambda> at 0x133bf1620>: AttributeError: module 'gast' has no attribute 'Str'
2022-08-07 21:22:21,395 Entity <function wrap_vectorize.<locals>.<lambda> at 0x133bf10d0> could not be transformed and will be executed as-is. Please report this to the AutgoGraph team. When filing the bug, set the verbosity to 10 (on Linux, `export AUTOGRAPH_VERBOSITY=10`) and attach the full output. Cause: converting <function wrap_vectorize.<locals>.<lambda> at 0x133bf10d0>: AttributeError: module 'gast' has no attribute 'Str'
2022-08-07 21:22:21,440 Entity <function wrap_vectorize.<locals>.<lambda> at 0x133bf10d0> could not be transformed and will be executed as-is. Please report this to the AutgoGraph team. When filing the bug, set the verbosity to 10 (on Linux, `export AUTOGRAPH_VERBOSITY=10`) and attach the full output. Cause: converting <function wrap_vectorize.<locals>.<lambda> at 0x133bf10d0>: AttributeError: module 'gast' has no attribute 'Str'
2022-08-07 21:22:21,484 Entity <function wrap_vectorize.<locals>.<lambda> at 0x133e91510> could not be transformed and will be executed as-is. Please report this to the AutgoGraph team. When filing the bug, set the verbosity to 10 (on Linux, `export AUTOGRAPH_VERBOSITY=10`) and attach the full output. Cause: converting <function wrap_vectorize.<locals>.<lambda> at 0x133e91510>: AttributeError: module 'gast' has no attribute 'Str'
2022-08-07 21:22:21,520 Entity <function wrap_vectorize.<locals>.<lambda> at 0x133e91510> could not be transformed and will be executed as-is. Please report this to the AutgoGraph team. When filing the bug, set the verbosity to 10 (on Linux, `export AUTOGRAPH_VERBOSITY=10`) and attach the full output. Cause: converting <function wrap_vectorize.<locals>.<lambda> at 0x133e91510>: AttributeError: module 'gast' has no attribute 'Str'
2022-08-07 21:22:21,725 Entity <function wrap_vectorize.<locals>.<lambda> at 0x133f40d90> could not be transformed and will be executed as-is. Please report this to the AutgoGraph team. When filing the bug, set the verbosity to 10 (on Linux, `export AUTOGRAPH_VERBOSITY=10`) and attach the full output. Cause: converting <function wrap_vectorize.<locals>.<lambda> at 0x133f40d90>: AttributeError: module 'gast' has no attribute 'Str'
2022-08-07 21:22:21,793 Entity <function wrap_vectorize.<locals>.<lambda> at 0x133f40950> could not be transformed and will be executed as-is. Please report this to the AutgoGraph team. When filing the bug, set the verbosity to 10 (on Linux, `export AUTOGRAPH_VERBOSITY=10`) and attach the full output. Cause: converting <function wrap_vectorize.<locals>.<lambda> at 0x133f40950>: AttributeError: module 'gast' has no attribute 'Str'
2022-08-07 21:22:21,825 Entity <function wrap_vectorize.<locals>.<lambda> at 0x133f40400> could not be transformed and will be executed as-is. Please report this to the AutgoGraph team. When filing the bug, set the verbosity to 10 (on Linux, `export AUTOGRAPH_VERBOSITY=10`) and attach the full output. Cause: converting <function wrap_vectorize.<locals>.<lambda> at 0x133f40400>: AttributeError: module 'gast' has no attribute 'Str'
2022-08-07 21:22:21,869 Entity <function wrap_vectorize.<locals>.<lambda> at 0x133f40400> could not be transformed and will be executed as-is. Please report this to the AutgoGraph team. When filing the bug, set the verbosity to 10 (on Linux, `export AUTOGRAPH_VERBOSITY=10`) and attach the full output. Cause: converting <function wrap_vectorize.<locals>.<lambda> at 0x133f40400>: AttributeError: module 'gast' has no attribute 'Str'
2022-08-07 21:22:21,915 Entity <function wrap_vectorize.<locals>.<lambda> at 0x134200400> could not be transformed and will be executed as-is. Please report this to the AutgoGraph team. When filing the bug, set the verbosity to 10 (on Linux, `export AUTOGRAPH_VERBOSITY=10`) and attach the full output. Cause: converting <function wrap_vectorize.<locals>.<lambda> at 0x134200400>: AttributeError: module 'gast' has no attribute 'Str'
2022-08-07 21:22:21,957 Entity <function wrap_vectorize.<locals>.<lambda> at 0x134200400> could not be transformed and will be executed as-is. Please report this to the AutgoGraph team. When filing the bug, set the verbosity to 10 (on Linux, `export AUTOGRAPH_VERBOSITY=10`) and attach the full output. Cause: converting <function wrap_vectorize.<locals>.<lambda> at 0x134200400>: AttributeError: module 'gast' has no attribute 'Str'
2022-08-07 21:22:22,152 Entity <function wrap_vectorize.<locals>.<lambda> at 0x13429ec80> could not be transformed and will be executed as-is. Please report this to the AutgoGraph team. When filing the bug, set the verbosity to 10 (on Linux, `export AUTOGRAPH_VERBOSITY=10`) and attach the full output. Cause: converting <function wrap_vectorize.<locals>.<lambda> at 0x13429ec80>: AttributeError: module 'gast' has no attribute 'Str'
2022-08-07 21:22:22,225 Entity <function wrap_vectorize.<locals>.<lambda> at 0x13429ef28> could not be transformed and will be executed as-is. Please report this to the AutgoGraph team. When filing the bug, set the verbosity to 10 (on Linux, `export AUTOGRAPH_VERBOSITY=10`) and attach the full output. Cause: converting <function wrap_vectorize.<locals>.<lambda> at 0x13429ef28>: AttributeError: module 'gast' has no attribute 'Str'
2022-08-07 21:22:22,261 Entity <function wrap_vectorize.<locals>.<lambda> at 0x13429e400> could not be transformed and will be executed as-is. Please report this to the AutgoGraph team. When filing the bug, set the verbosity to 10 (on Linux, `export AUTOGRAPH_VERBOSITY=10`) and attach the full output. Cause: converting <function wrap_vectorize.<locals>.<lambda> at 0x13429e400>: AttributeError: module 'gast' has no attribute 'Str'
2022-08-07 21:22:22,309 Entity <function wrap_vectorize.<locals>.<lambda> at 0x13429e400> could not be transformed and will be executed as-is. Please report this to the AutgoGraph team. When filing the bug, set the verbosity to 10 (on Linux, `export AUTOGRAPH_VERBOSITY=10`) and attach the full output. Cause: converting <function wrap_vectorize.<locals>.<lambda> at 0x13429e400>: AttributeError: module 'gast' has no attribute 'Str'
2022-08-07 21:22:22,354 Entity <function wrap_vectorize.<locals>.<lambda> at 0x13457c488> could not be transformed and will be executed as-is. Please report this to the AutgoGraph team. When filing the bug, set the verbosity to 10 (on Linux, `export AUTOGRAPH_VERBOSITY=10`) and attach the full output. Cause: converting <function wrap_vectorize.<locals>.<lambda> at 0x13457c488>: AttributeError: module 'gast' has no attribute 'Str'
2022-08-07 21:22:22,387 Entity <function wrap_vectorize.<locals>.<lambda> at 0x13457c488> could not be transformed and will be executed as-is. Please report this to the AutgoGraph team. When filing the bug, set the verbosity to 10 (on Linux, `export AUTOGRAPH_VERBOSITY=10`) and attach the full output. Cause: converting <function wrap_vectorize.<locals>.<lambda> at 0x13457c488>: AttributeError: module 'gast' has no attribute 'Str'
2022-08-07 21:22:22,649 Entity <function wrap_vectorize.<locals>.<lambda> at 0x1345fe840> could not be transformed and will be executed as-is. Please report this to the AutgoGraph team. When filing the bug, set the verbosity to 10 (on Linux, `export AUTOGRAPH_VERBOSITY=10`) and attach the full output. Cause: converting <function wrap_vectorize.<locals>.<lambda> at 0x1345fe840>: AttributeError: module 'gast' has no attribute 'Str'
2022-08-07 21:22:22,721 Entity <function wrap_vectorize.<locals>.<lambda> at 0x1345fef28> could not be transformed and will be executed as-is. Please report this to the AutgoGraph team. When filing the bug, set the verbosity to 10 (on Linux, `export AUTOGRAPH_VERBOSITY=10`) and attach the full output. Cause: converting <function wrap_vectorize.<locals>.<lambda> at 0x1345fef28>: AttributeError: module 'gast' has no attribute 'Str'
2022-08-07 21:22:22,757 Entity <function wrap_vectorize.<locals>.<lambda> at 0x1345fee18> could not be transformed and will be executed as-is. Please report this to the AutgoGraph team. When filing the bug, set the verbosity to 10 (on Linux, `export AUTOGRAPH_VERBOSITY=10`) and attach the full output. Cause: converting <function wrap_vectorize.<locals>.<lambda> at 0x1345fee18>: AttributeError: module 'gast' has no attribute 'Str'
2022-08-07 21:22:22,804 Entity <function wrap_vectorize.<locals>.<lambda> at 0x1345fee18> could not be transformed and will be executed as-is. Please report this to the AutgoGraph team. When filing the bug, set the verbosity to 10 (on Linux, `export AUTOGRAPH_VERBOSITY=10`) and attach the full output. Cause: converting <function wrap_vectorize.<locals>.<lambda> at 0x1345fee18>: AttributeError: module 'gast' has no attribute 'Str'
2022-08-07 21:22:22,852 Entity <function wrap_vectorize.<locals>.<lambda> at 0x1348e4378> could not be transformed and will be executed as-is. Please report this to the AutgoGraph team. When filing the bug, set the verbosity to 10 (on Linux, `export AUTOGRAPH_VERBOSITY=10`) and attach the full output. Cause: converting <function wrap_vectorize.<locals>.<lambda> at 0x1348e4378>: AttributeError: module 'gast' has no attribute 'Str'
2022-08-07 21:22:22,908 Entity <function wrap_vectorize.<locals>.<lambda> at 0x1348e4378> could not be transformed and will be executed as-is. Please report this to the AutgoGraph team. When filing the bug, set the verbosity to 10 (on Linux, `export AUTOGRAPH_VERBOSITY=10`) and attach the full output. Cause: converting <function wrap_vectorize.<locals>.<lambda> at 0x1348e4378>: AttributeError: module 'gast' has no attribute 'Str'
2022-08-07 21:22:23,102 Entity <function wrap_vectorize.<locals>.<lambda> at 0x134957730> could not be transformed and will be executed as-is. Please report this to the AutgoGraph team. When filing the bug, set the verbosity to 10 (on Linux, `export AUTOGRAPH_VERBOSITY=10`) and attach the full output. Cause: converting <function wrap_vectorize.<locals>.<lambda> at 0x134957730>: AttributeError: module 'gast' has no attribute 'Str'
2022-08-07 21:22:23,176 Entity <function wrap_vectorize.<locals>.<lambda> at 0x134957ea0> could not be transformed and will be executed as-is. Please report this to the AutgoGraph team. When filing the bug, set the verbosity to 10 (on Linux, `export AUTOGRAPH_VERBOSITY=10`) and attach the full output. Cause: converting <function wrap_vectorize.<locals>.<lambda> at 0x134957ea0>: AttributeError: module 'gast' has no attribute 'Str'
2022-08-07 21:22:23,211 Entity <function wrap_vectorize.<locals>.<lambda> at 0x1349577b8> could not be transformed and will be executed as-is. Please report this to the AutgoGraph team. When filing the bug, set the verbosity to 10 (on Linux, `export AUTOGRAPH_VERBOSITY=10`) and attach the full output. Cause: converting <function wrap_vectorize.<locals>.<lambda> at 0x1349577b8>: AttributeError: module 'gast' has no attribute 'Str'
2022-08-07 21:22:23,266 Entity <function wrap_vectorize.<locals>.<lambda> at 0x1349577b8> could not be transformed and will be executed as-is. Please report this to the AutgoGraph team. When filing the bug, set the verbosity to 10 (on Linux, `export AUTOGRAPH_VERBOSITY=10`) and attach the full output. Cause: converting <function wrap_vectorize.<locals>.<lambda> at 0x1349577b8>: AttributeError: module 'gast' has no attribute 'Str'
2022-08-07 21:22:23,311 Entity <function wrap_vectorize.<locals>.<lambda> at 0x134c58268> could not be transformed and will be executed as-is. Please report this to the AutgoGraph team. When filing the bug, set the verbosity to 10 (on Linux, `export AUTOGRAPH_VERBOSITY=10`) and attach the full output. Cause: converting <function wrap_vectorize.<locals>.<lambda> at 0x134c58268>: AttributeError: module 'gast' has no attribute 'Str'
2022-08-07 21:22:23,345 Entity <function wrap_vectorize.<locals>.<lambda> at 0x134c58268> could not be transformed and will be executed as-is. Please report this to the AutgoGraph team. When filing the bug, set the verbosity to 10 (on Linux, `export AUTOGRAPH_VERBOSITY=10`) and attach the full output. Cause: converting <function wrap_vectorize.<locals>.<lambda> at 0x134c58268>: AttributeError: module 'gast' has no attribute 'Str'
2022-08-07 21:22:23,538 Entity <function wrap_vectorize.<locals>.<lambda> at 0x134c58a60> could not be transformed and will be executed as-is. Please report this to the AutgoGraph team. When filing the bug, set the verbosity to 10 (on Linux, `export AUTOGRAPH_VERBOSITY=10`) and attach the full output. Cause: converting <function wrap_vectorize.<locals>.<lambda> at 0x134c58a60>: AttributeError: module 'gast' has no attribute 'Str'
2022-08-07 21:22:23,599 Entity <function wrap_vectorize.<locals>.<lambda> at 0x134cb7d90> could not be transformed and will be executed as-is. Please report this to the AutgoGraph team. When filing the bug, set the verbosity to 10 (on Linux, `export AUTOGRAPH_VERBOSITY=10`) and attach the full output. Cause: converting <function wrap_vectorize.<locals>.<lambda> at 0x134cb7d90>: AttributeError: module 'gast' has no attribute 'Str'
2022-08-07 21:22:23,629 Entity <function wrap_vectorize.<locals>.<lambda> at 0x134cb76a8> could not be transformed and will be executed as-is. Please report this to the AutgoGraph team. When filing the bug, set the verbosity to 10 (on Linux, `export AUTOGRAPH_VERBOSITY=10`) and attach the full output. Cause: converting <function wrap_vectorize.<locals>.<lambda> at 0x134cb76a8>: AttributeError: module 'gast' has no attribute 'Str'
2022-08-07 21:22:23,669 Entity <function wrap_vectorize.<locals>.<lambda> at 0x134cb76a8> could not be transformed and will be executed as-is. Please report this to the AutgoGraph team. When filing the bug, set the verbosity to 10 (on Linux, `export AUTOGRAPH_VERBOSITY=10`) and attach the full output. Cause: converting <function wrap_vectorize.<locals>.<lambda> at 0x134cb76a8>: AttributeError: module 'gast' has no attribute 'Str'
2022-08-07 21:22:23,711 Entity <function wrap_vectorize.<locals>.<lambda> at 0x134fb7158> could not be transformed and will be executed as-is. Please report this to the AutgoGraph team. When filing the bug, set the verbosity to 10 (on Linux, `export AUTOGRAPH_VERBOSITY=10`) and attach the full output. Cause: converting <function wrap_vectorize.<locals>.<lambda> at 0x134fb7158>: AttributeError: module 'gast' has no attribute 'Str'
2022-08-07 21:22:23,744 Entity <function wrap_vectorize.<locals>.<lambda> at 0x134fb7158> could not be transformed and will be executed as-is. Please report this to the AutgoGraph team. When filing the bug, set the verbosity to 10 (on Linux, `export AUTOGRAPH_VERBOSITY=10`) and attach the full output. Cause: converting <function wrap_vectorize.<locals>.<lambda> at 0x134fb7158>: AttributeError: module 'gast' has no attribute 'Str'
2022-08-07 21:22:23,954 Entity <function wrap_vectorize.<locals>.<lambda> at 0x134fb79d8> could not be transformed and will be executed as-is. Please report this to the AutgoGraph team. When filing the bug, set the verbosity to 10 (on Linux, `export AUTOGRAPH_VERBOSITY=10`) and attach the full output. Cause: converting <function wrap_vectorize.<locals>.<lambda> at 0x134fb79d8>: AttributeError: module 'gast' has no attribute 'Str'
2022-08-07 21:22:24,012 Entity <function wrap_vectorize.<locals>.<lambda> at 0x135021c80> could not be transformed and will be executed as-is. Please report this to the AutgoGraph team. When filing the bug, set the verbosity to 10 (on Linux, `export AUTOGRAPH_VERBOSITY=10`) and attach the full output. Cause: converting <function wrap_vectorize.<locals>.<lambda> at 0x135021c80>: AttributeError: module 'gast' has no attribute 'Str'
2022-08-07 21:22:24,046 Entity <function wrap_vectorize.<locals>.<lambda> at 0x135021ea0> could not be transformed and will be executed as-is. Please report this to the AutgoGraph team. When filing the bug, set the verbosity to 10 (on Linux, `export AUTOGRAPH_VERBOSITY=10`) and attach the full output. Cause: converting <function wrap_vectorize.<locals>.<lambda> at 0x135021ea0>: AttributeError: module 'gast' has no attribute 'Str'
2022-08-07 21:22:24,152 Entity <function wrap_vectorize.<locals>.<lambda> at 0x135021ea0> could not be transformed and will be executed as-is. Please report this to the AutgoGraph team. When filing the bug, set the verbosity to 10 (on Linux, `export AUTOGRAPH_VERBOSITY=10`) and attach the full output. Cause: converting <function wrap_vectorize.<locals>.<lambda> at 0x135021ea0>: AttributeError: module 'gast' has no attribute 'Str'
2022-08-07 21:22:24,214 Entity <function wrap_vectorize.<locals>.<lambda> at 0x13531a158> could not be transformed and will be executed as-is. Please report this to the AutgoGraph team. When filing the bug, set the verbosity to 10 (on Linux, `export AUTOGRAPH_VERBOSITY=10`) and attach the full output. Cause: converting <function wrap_vectorize.<locals>.<lambda> at 0x13531a158>: AttributeError: module 'gast' has no attribute 'Str'
2022-08-07 21:22:24,260 Entity <function wrap_vectorize.<locals>.<lambda> at 0x13531a158> could not be transformed and will be executed as-is. Please report this to the AutgoGraph team. When filing the bug, set the verbosity to 10 (on Linux, `export AUTOGRAPH_VERBOSITY=10`) and attach the full output. Cause: converting <function wrap_vectorize.<locals>.<lambda> at 0x13531a158>: AttributeError: module 'gast' has no attribute 'Str'
2022-08-07 21:22:24,427 Entity <function wrap_vectorize.<locals>.<lambda> at 0x13531a840> could not be transformed and will be executed as-is. Please report this to the AutgoGraph team. When filing the bug, set the verbosity to 10 (on Linux, `export AUTOGRAPH_VERBOSITY=10`) and attach the full output. Cause: converting <function wrap_vectorize.<locals>.<lambda> at 0x13531a840>: AttributeError: module 'gast' has no attribute 'Str'
2022-08-07 21:22:24,498 Entity <function wrap_vectorize.<locals>.<lambda> at 0x13538cb70> could not be transformed and will be executed as-is. Please report this to the AutgoGraph team. When filing the bug, set the verbosity to 10 (on Linux, `export AUTOGRAPH_VERBOSITY=10`) and attach the full output. Cause: converting <function wrap_vectorize.<locals>.<lambda> at 0x13538cb70>: AttributeError: module 'gast' has no attribute 'Str'
2022-08-07 21:22:24,531 Entity <function wrap_vectorize.<locals>.<lambda> at 0x13538cd90> could not be transformed and will be executed as-is. Please report this to the AutgoGraph team. When filing the bug, set the verbosity to 10 (on Linux, `export AUTOGRAPH_VERBOSITY=10`) and attach the full output. Cause: converting <function wrap_vectorize.<locals>.<lambda> at 0x13538cd90>: AttributeError: module 'gast' has no attribute 'Str'
2022-08-07 21:22:24,575 Entity <function wrap_vectorize.<locals>.<lambda> at 0x13538cd90> could not be transformed and will be executed as-is. Please report this to the AutgoGraph team. When filing the bug, set the verbosity to 10 (on Linux, `export AUTOGRAPH_VERBOSITY=10`) and attach the full output. Cause: converting <function wrap_vectorize.<locals>.<lambda> at 0x13538cd90>: AttributeError: module 'gast' has no attribute 'Str'
2022-08-07 21:22:24,619 Entity <function wrap_vectorize.<locals>.<lambda> at 0x135689048> could not be transformed and will be executed as-is. Please report this to the AutgoGraph team. When filing the bug, set the verbosity to 10 (on Linux, `export AUTOGRAPH_VERBOSITY=10`) and attach the full output. Cause: converting <function wrap_vectorize.<locals>.<lambda> at 0x135689048>: AttributeError: module 'gast' has no attribute 'Str'
2022-08-07 21:22:24,662 Entity <function wrap_vectorize.<locals>.<lambda> at 0x135689378> could not be transformed and will be executed as-is. Please report this to the AutgoGraph team. When filing the bug, set the verbosity to 10 (on Linux, `export AUTOGRAPH_VERBOSITY=10`) and attach the full output. Cause: converting <function wrap_vectorize.<locals>.<lambda> at 0x135689378>: AttributeError: module 'gast' has no attribute 'Str'
2022-08-07 21:22:24,892 Entity <function wrap_vectorize.<locals>.<lambda> at 0x13570c488> could not be transformed and will be executed as-is. Please report this to the AutgoGraph team. When filing the bug, set the verbosity to 10 (on Linux, `export AUTOGRAPH_VERBOSITY=10`) and attach the full output. Cause: converting <function wrap_vectorize.<locals>.<lambda> at 0x13570c488>: AttributeError: module 'gast' has no attribute 'Str'
2022-08-07 21:22:24,929 Entity <function wrap_vectorize.<locals>.<lambda> at 0x13570c598> could not be transformed and will be executed as-is. Please report this to the AutgoGraph team. When filing the bug, set the verbosity to 10 (on Linux, `export AUTOGRAPH_VERBOSITY=10`) and attach the full output. Cause: converting <function wrap_vectorize.<locals>.<lambda> at 0x13570c598>: AttributeError: module 'gast' has no attribute 'Str'
2022-08-07 21:22:25,019 Entity <function wrap_vectorize.<locals>.<lambda> at 0x1359c52f0> could not be transformed and will be executed as-is. Please report this to the AutgoGraph team. When filing the bug, set the verbosity to 10 (on Linux, `export AUTOGRAPH_VERBOSITY=10`) and attach the full output. Cause: converting <function wrap_vectorize.<locals>.<lambda> at 0x1359c52f0>: AttributeError: module 'gast' has no attribute 'Str'
2022-08-07 21:22:25,070 Entity <function wrap_vectorize.<locals>.<lambda> at 0x1359c5268> could not be transformed and will be executed as-is. Please report this to the AutgoGraph team. When filing the bug, set the verbosity to 10 (on Linux, `export AUTOGRAPH_VERBOSITY=10`) and attach the full output. Cause: converting <function wrap_vectorize.<locals>.<lambda> at 0x1359c5268>: AttributeError: module 'gast' has no attribute 'Str'
2022-08-07 21:22:25,103 Entity <function wrap_vectorize.<locals>.<lambda> at 0x1359c5598> could not be transformed and will be executed as-is. Please report this to the AutgoGraph team. When filing the bug, set the verbosity to 10 (on Linux, `export AUTOGRAPH_VERBOSITY=10`) and attach the full output. Cause: converting <function wrap_vectorize.<locals>.<lambda> at 0x1359c5598>: AttributeError: module 'gast' has no attribute 'Str'
2022-08-07 21:22:25,165 Entity <function wrap_vectorize.<locals>.<lambda> at 0x1359c5c80> could not be transformed and will be executed as-is. Please report this to the AutgoGraph team. When filing the bug, set the verbosity to 10 (on Linux, `export AUTOGRAPH_VERBOSITY=10`) and attach the full output. Cause: converting <function wrap_vectorize.<locals>.<lambda> at 0x1359c5c80>: AttributeError: module 'gast' has no attribute 'Str'
2022-08-07 21:22:25,999 
 Running MD Simulation for 100 steps
2022-08-07 21:22:33,303 Number of density samples used:9
2022-08-07 21:22:33,386 Number of positive ions:216.0
2022-08-07 21:22:33,386 Number of negative ions:216
2022-08-07 21:22:33,490 Entity <function wrap_vectorize.<locals>.<lambda> at 0x132f6c8c8> could not be transformed and will be executed as-is. Please report this to the AutgoGraph team. When filing the bug, set the verbosity to 10 (on Linux, `export AUTOGRAPH_VERBOSITY=10`) and attach the full output. Cause: converting <function wrap_vectorize.<locals>.<lambda> at 0x132f6c8c8>: AttributeError: module 'gast' has no attribute 'Str'
2022-08-07 21:22:33,569 Entity <function wrap_vectorize.<locals>.<lambda> at 0x135ee3e18> could not be transformed and will be executed as-is. Please report this to the AutgoGraph team. When filing the bug, set the verbosity to 10 (on Linux, `export AUTOGRAPH_VERBOSITY=10`) and attach the full output. Cause: converting <function wrap_vectorize.<locals>.<lambda> at 0x135ee3e18>: AttributeError: module 'gast' has no attribute 'Str'
2022-08-07 21:22:33,605 Entity <function wrap_vectorize.<locals>.<lambda> at 0x135ee3ea0> could not be transformed and will be executed as-is. Please report this to the AutgoGraph team. When filing the bug, set the verbosity to 10 (on Linux, `export AUTOGRAPH_VERBOSITY=10`) and attach the full output. Cause: converting <function wrap_vectorize.<locals>.<lambda> at 0x135ee3ea0>: AttributeError: module 'gast' has no attribute 'Str'
2022-08-07 21:22:33,652 Entity <function wrap_vectorize.<locals>.<lambda> at 0x135ee38c8> could not be transformed and will be executed as-is. Please report this to the AutgoGraph team. When filing the bug, set the verbosity to 10 (on Linux, `export AUTOGRAPH_VERBOSITY=10`) and attach the full output. Cause: converting <function wrap_vectorize.<locals>.<lambda> at 0x135ee38c8>: AttributeError: module 'gast' has no attribute 'Str'
2022-08-07 21:22:33,699 Entity <function wrap_vectorize.<locals>.<lambda> at 0x135f266a8> could not be transformed and will be executed as-is. Please report this to the AutgoGraph team. When filing the bug, set the verbosity to 10 (on Linux, `export AUTOGRAPH_VERBOSITY=10`) and attach the full output. Cause: converting <function wrap_vectorize.<locals>.<lambda> at 0x135f266a8>: AttributeError: module 'gast' has no attribute 'Str'
2022-08-07 21:22:33,736 Entity <function wrap_vectorize.<locals>.<lambda> at 0x135f26c80> could not be transformed and will be executed as-is. Please report this to the AutgoGraph team. When filing the bug, set the verbosity to 10 (on Linux, `export AUTOGRAPH_VERBOSITY=10`) and attach the full output. Cause: converting <function wrap_vectorize.<locals>.<lambda> at 0x135f26c80>: AttributeError: module 'gast' has no attribute 'Str'
2022-08-07 21:22:33,826 Total_surface_charge:-0.0
charge_meshpoint:-0.0
2022-08-07 21:22:33,826 Charge density:-0.0
2022-08-07 21:22:33,826 Dielectric constant of water 80
2022-08-07 21:22:33,826 Unit length 0.55
2022-08-07 21:22:33,826 Unit of mass 3.8409999999999993e-23
2022-08-07 21:22:33,826 Unit of energy 4.114486e-14
2022-08-07 21:22:33,826 Unit time 5.314067280204312e-09
2022-08-07 21:22:33,826 Simulation box dimensions (in reduced units) x | y | z 27.27272727272727|27.27272727272727|7.2727272727272725
2022-08-07 21:22:33,826 Box dimensions (in nanometers) x | y | z 15.0|15.0|4.0
2022-08-07 21:22:33,826 Permittivity inside and outside the confinement (channel) 80,80
2022-08-07 21:22:33,826 Dielectric contrast across interfaces 0.0
2022-08-07 21:22:33,826 Positive (+) ion valency 1.0
2022-08-07 21:22:33,827 Negative (-) ion valency -1.0
2022-08-07 21:22:33,827 Valency of counter ions is 1
2022-08-07 21:22:33,827 positive ion diameter (red. units) 1.0
2022-08-07 21:22:33,827 negative ion diameter (red. units) 1.0
2022-08-07 21:22:33,827 counter ion diameter (red units) 1.0
2022-08-07 21:22:33,827 In MD, charge density -0.0
2022-08-07 21:22:33,827 Ion (salt) concentration (c) inside 0.4 M
2022-08-07 21:22:33,827 Debye length 0.8743621157328897
2022-08-07 21:22:33,827 Mean separation between ions 2.322149795131979
2022-08-07 21:22:33,827 Temperature (in Kelvin) 298
2022-08-07 21:22:33,827 Binning width (uniform) 0.050156739811912224
2022-08-07 21:22:33,827 Number of bins147
2022-08-07 21:22:33,827 Number of points discretizing the left and right planar walls/interfaces/surfaces 1764 1764
2022-08-07 21:22:33,827 Number of ions 432.0
2022-08-07 21:22:33,827 Number of counter ions 0.0
2022-08-07 21:22:33,827 Time step in the simulation0.001
2022-08-07 21:22:33,837 Entity <function wrap_vectorize.<locals>.<lambda> at 0x135f26c80> could not be transformed and will be executed as-is. Please report this to the AutgoGraph team. When filing the bug, set the verbosity to 10 (on Linux, `export AUTOGRAPH_VERBOSITY=10`) and attach the full output. Cause: converting <function wrap_vectorize.<locals>.<lambda> at 0x135f26c80>: AttributeError: module 'gast' has no attribute 'Str'
2022-08-07 21:22:33,920 Entity <function wrap_vectorize.<locals>.<lambda> at 0x135f26c80> could not be transformed and will be executed as-is. Please report this to the AutgoGraph team. When filing the bug, set the verbosity to 10 (on Linux, `export AUTOGRAPH_VERBOSITY=10`) and attach the full output. Cause: converting <function wrap_vectorize.<locals>.<lambda> at 0x135f26c80>: AttributeError: module 'gast' has no attribute 'Str'
2022-08-07 21:22:33,956 Entity <function wrap_vectorize.<locals>.<lambda> at 0x135f268c8> could not be transformed and will be executed as-is. Please report this to the AutgoGraph team. When filing the bug, set the verbosity to 10 (on Linux, `export AUTOGRAPH_VERBOSITY=10`) and attach the full output. Cause: converting <function wrap_vectorize.<locals>.<lambda> at 0x135f268c8>: AttributeError: module 'gast' has no attribute 'Str'
2022-08-07 21:22:33,997 Entity <function wrap_vectorize.<locals>.<lambda> at 0x13638dd08> could not be transformed and will be executed as-is. Please report this to the AutgoGraph team. When filing the bug, set the verbosity to 10 (on Linux, `export AUTOGRAPH_VERBOSITY=10`) and attach the full output. Cause: converting <function wrap_vectorize.<locals>.<lambda> at 0x13638dd08>: AttributeError: module 'gast' has no attribute 'Str'
2022-08-07 21:22:34,039 Entity <function wrap_vectorize.<locals>.<lambda> at 0x13638dbf8> could not be transformed and will be executed as-is. Please report this to the AutgoGraph team. When filing the bug, set the verbosity to 10 (on Linux, `export AUTOGRAPH_VERBOSITY=10`) and attach the full output. Cause: converting <function wrap_vectorize.<locals>.<lambda> at 0x13638dbf8>: AttributeError: module 'gast' has no attribute 'Str'
2022-08-07 21:22:34,086 Entity <function wrap_vectorize.<locals>.<lambda> at 0x1363ce730> could not be transformed and will be executed as-is. Please report this to the AutgoGraph team. When filing the bug, set the verbosity to 10 (on Linux, `export AUTOGRAPH_VERBOSITY=10`) and attach the full output. Cause: converting <function wrap_vectorize.<locals>.<lambda> at 0x1363ce730>: AttributeError: module 'gast' has no attribute 'Str'
2022-08-07 21:22:35,161 initial KE:0.0
2022-08-07 21:22:35,217 Entity <function wrap_vectorize.<locals>.<lambda> at 0x1363cebf8> could not be transformed and will be executed as-is. Please report this to the AutgoGraph team. When filing the bug, set the verbosity to 10 (on Linux, `export AUTOGRAPH_VERBOSITY=10`) and attach the full output. Cause: converting <function wrap_vectorize.<locals>.<lambda> at 0x1363cebf8>: AttributeError: module 'gast' has no attribute 'Str'
2022-08-07 21:22:35,277 Entity <function wrap_vectorize.<locals>.<lambda> at 0x13611b8c8> could not be transformed and will be executed as-is. Please report this to the AutgoGraph team. When filing the bug, set the verbosity to 10 (on Linux, `export AUTOGRAPH_VERBOSITY=10`) and attach the full output. Cause: converting <function wrap_vectorize.<locals>.<lambda> at 0x13611b8c8>: AttributeError: module 'gast' has no attribute 'Str'
2022-08-07 21:22:35,307 Entity <function wrap_vectorize.<locals>.<lambda> at 0x13611b840> could not be transformed and will be executed as-is. Please report this to the AutgoGraph team. When filing the bug, set the verbosity to 10 (on Linux, `export AUTOGRAPH_VERBOSITY=10`) and attach the full output. Cause: converting <function wrap_vectorize.<locals>.<lambda> at 0x13611b840>: AttributeError: module 'gast' has no attribute 'Str'
2022-08-07 21:22:35,351 Entity <function wrap_vectorize.<locals>.<lambda> at 0x13611b840> could not be transformed and will be executed as-is. Please report this to the AutgoGraph team. When filing the bug, set the verbosity to 10 (on Linux, `export AUTOGRAPH_VERBOSITY=10`) and attach the full output. Cause: converting <function wrap_vectorize.<locals>.<lambda> at 0x13611b840>: AttributeError: module 'gast' has no attribute 'Str'
2022-08-07 21:22:35,403 Entity <function wrap_vectorize.<locals>.<lambda> at 0x13663e400> could not be transformed and will be executed as-is. Please report this to the AutgoGraph team. When filing the bug, set the verbosity to 10 (on Linux, `export AUTOGRAPH_VERBOSITY=10`) and attach the full output. Cause: converting <function wrap_vectorize.<locals>.<lambda> at 0x13663e400>: AttributeError: module 'gast' has no attribute 'Str'
2022-08-07 21:22:35,452 Entity <function wrap_vectorize.<locals>.<lambda> at 0x13663e400> could not be transformed and will be executed as-is. Please report this to the AutgoGraph team. When filing the bug, set the verbosity to 10 (on Linux, `export AUTOGRAPH_VERBOSITY=10`) and attach the full output. Cause: converting <function wrap_vectorize.<locals>.<lambda> at 0x13663e400>: AttributeError: module 'gast' has no attribute 'Str'
2022-08-07 21:22:35,640 Entity <function wrap_vectorize.<locals>.<lambda> at 0x1366bf620> could not be transformed and will be executed as-is. Please report this to the AutgoGraph team. When filing the bug, set the verbosity to 10 (on Linux, `export AUTOGRAPH_VERBOSITY=10`) and attach the full output. Cause: converting <function wrap_vectorize.<locals>.<lambda> at 0x1366bf620>: AttributeError: module 'gast' has no attribute 'Str'
2022-08-07 21:22:35,709 Entity <function wrap_vectorize.<locals>.<lambda> at 0x1366bf9d8> could not be transformed and will be executed as-is. Please report this to the AutgoGraph team. When filing the bug, set the verbosity to 10 (on Linux, `export AUTOGRAPH_VERBOSITY=10`) and attach the full output. Cause: converting <function wrap_vectorize.<locals>.<lambda> at 0x1366bf9d8>: AttributeError: module 'gast' has no attribute 'Str'
2022-08-07 21:22:35,746 Entity <function wrap_vectorize.<locals>.<lambda> at 0x1366bfc80> could not be transformed and will be executed as-is. Please report this to the AutgoGraph team. When filing the bug, set the verbosity to 10 (on Linux, `export AUTOGRAPH_VERBOSITY=10`) and attach the full output. Cause: converting <function wrap_vectorize.<locals>.<lambda> at 0x1366bfc80>: AttributeError: module 'gast' has no attribute 'Str'
2022-08-07 21:22:35,787 Entity <function wrap_vectorize.<locals>.<lambda> at 0x1366bf268> could not be transformed and will be executed as-is. Please report this to the AutgoGraph team. When filing the bug, set the verbosity to 10 (on Linux, `export AUTOGRAPH_VERBOSITY=10`) and attach the full output. Cause: converting <function wrap_vectorize.<locals>.<lambda> at 0x1366bf268>: AttributeError: module 'gast' has no attribute 'Str'
2022-08-07 21:22:35,833 Entity <function wrap_vectorize.<locals>.<lambda> at 0x13696b158> could not be transformed and will be executed as-is. Please report this to the AutgoGraph team. When filing the bug, set the verbosity to 10 (on Linux, `export AUTOGRAPH_VERBOSITY=10`) and attach the full output. Cause: converting <function wrap_vectorize.<locals>.<lambda> at 0x13696b158>: AttributeError: module 'gast' has no attribute 'Str'
2022-08-07 21:22:35,871 Entity <function wrap_vectorize.<locals>.<lambda> at 0x13696bea0> could not be transformed and will be executed as-is. Please report this to the AutgoGraph team. When filing the bug, set the verbosity to 10 (on Linux, `export AUTOGRAPH_VERBOSITY=10`) and attach the full output. Cause: converting <function wrap_vectorize.<locals>.<lambda> at 0x13696bea0>: AttributeError: module 'gast' has no attribute 'Str'
2022-08-07 21:22:36,066 Entity <function wrap_vectorize.<locals>.<lambda> at 0x136a199d8> could not be transformed and will be executed as-is. Please report this to the AutgoGraph team. When filing the bug, set the verbosity to 10 (on Linux, `export AUTOGRAPH_VERBOSITY=10`) and attach the full output. Cause: converting <function wrap_vectorize.<locals>.<lambda> at 0x136a199d8>: AttributeError: module 'gast' has no attribute 'Str'
2022-08-07 21:22:36,129 Entity <function wrap_vectorize.<locals>.<lambda> at 0x136a192f0> could not be transformed and will be executed as-is. Please report this to the AutgoGraph team. When filing the bug, set the verbosity to 10 (on Linux, `export AUTOGRAPH_VERBOSITY=10`) and attach the full output. Cause: converting <function wrap_vectorize.<locals>.<lambda> at 0x136a192f0>: AttributeError: module 'gast' has no attribute 'Str'
2022-08-07 21:22:36,159 Entity <function wrap_vectorize.<locals>.<lambda> at 0x136a19730> could not be transformed and will be executed as-is. Please report this to the AutgoGraph team. When filing the bug, set the verbosity to 10 (on Linux, `export AUTOGRAPH_VERBOSITY=10`) and attach the full output. Cause: converting <function wrap_vectorize.<locals>.<lambda> at 0x136a19730>: AttributeError: module 'gast' has no attribute 'Str'
2022-08-07 21:22:36,198 Entity <function wrap_vectorize.<locals>.<lambda> at 0x136aa6488> could not be transformed and will be executed as-is. Please report this to the AutgoGraph team. When filing the bug, set the verbosity to 10 (on Linux, `export AUTOGRAPH_VERBOSITY=10`) and attach the full output. Cause: converting <function wrap_vectorize.<locals>.<lambda> at 0x136aa6488>: AttributeError: module 'gast' has no attribute 'Str'
2022-08-07 21:22:36,239 Entity <function wrap_vectorize.<locals>.<lambda> at 0x136c94510> could not be transformed and will be executed as-is. Please report this to the AutgoGraph team. When filing the bug, set the verbosity to 10 (on Linux, `export AUTOGRAPH_VERBOSITY=10`) and attach the full output. Cause: converting <function wrap_vectorize.<locals>.<lambda> at 0x136c94510>: AttributeError: module 'gast' has no attribute 'Str'
2022-08-07 21:22:36,272 Entity <function wrap_vectorize.<locals>.<lambda> at 0x136d75620> could not be transformed and will be executed as-is. Please report this to the AutgoGraph team. When filing the bug, set the verbosity to 10 (on Linux, `export AUTOGRAPH_VERBOSITY=10`) and attach the full output. Cause: converting <function wrap_vectorize.<locals>.<lambda> at 0x136d75620>: AttributeError: module 'gast' has no attribute 'Str'
2022-08-07 21:22:36,463 Entity <function wrap_vectorize.<locals>.<lambda> at 0x136d75d90> could not be transformed and will be executed as-is. Please report this to the AutgoGraph team. When filing the bug, set the verbosity to 10 (on Linux, `export AUTOGRAPH_VERBOSITY=10`) and attach the full output. Cause: converting <function wrap_vectorize.<locals>.<lambda> at 0x136d75d90>: AttributeError: module 'gast' has no attribute 'Str'
2022-08-07 21:22:36,619 Entity <function wrap_vectorize.<locals>.<lambda> at 0x136dc8840> could not be transformed and will be executed as-is. Please report this to the AutgoGraph team. When filing the bug, set the verbosity to 10 (on Linux, `export AUTOGRAPH_VERBOSITY=10`) and attach the full output. Cause: converting <function wrap_vectorize.<locals>.<lambda> at 0x136dc8840>: AttributeError: module 'gast' has no attribute 'Str'
2022-08-07 21:22:36,654 Entity <function wrap_vectorize.<locals>.<lambda> at 0x136dc8048> could not be transformed and will be executed as-is. Please report this to the AutgoGraph team. When filing the bug, set the verbosity to 10 (on Linux, `export AUTOGRAPH_VERBOSITY=10`) and attach the full output. Cause: converting <function wrap_vectorize.<locals>.<lambda> at 0x136dc8048>: AttributeError: module 'gast' has no attribute 'Str'
2022-08-07 21:22:36,696 Entity <function wrap_vectorize.<locals>.<lambda> at 0x136dc8a60> could not be transformed and will be executed as-is. Please report this to the AutgoGraph team. When filing the bug, set the verbosity to 10 (on Linux, `export AUTOGRAPH_VERBOSITY=10`) and attach the full output. Cause: converting <function wrap_vectorize.<locals>.<lambda> at 0x136dc8a60>: AttributeError: module 'gast' has no attribute 'Str'
2022-08-07 21:22:36,738 Entity <function wrap_vectorize.<locals>.<lambda> at 0x136fc2c80> could not be transformed and will be executed as-is. Please report this to the AutgoGraph team. When filing the bug, set the verbosity to 10 (on Linux, `export AUTOGRAPH_VERBOSITY=10`) and attach the full output. Cause: converting <function wrap_vectorize.<locals>.<lambda> at 0x136fc2c80>: AttributeError: module 'gast' has no attribute 'Str'
2022-08-07 21:22:36,772 Entity <function wrap_vectorize.<locals>.<lambda> at 0x13709c840> could not be transformed and will be executed as-is. Please report this to the AutgoGraph team. When filing the bug, set the verbosity to 10 (on Linux, `export AUTOGRAPH_VERBOSITY=10`) and attach the full output. Cause: converting <function wrap_vectorize.<locals>.<lambda> at 0x13709c840>: AttributeError: module 'gast' has no attribute 'Str'
2022-08-07 21:22:36,953 Entity <function wrap_vectorize.<locals>.<lambda> at 0x13709c510> could not be transformed and will be executed as-is. Please report this to the AutgoGraph team. When filing the bug, set the verbosity to 10 (on Linux, `export AUTOGRAPH_VERBOSITY=10`) and attach the full output. Cause: converting <function wrap_vectorize.<locals>.<lambda> at 0x13709c510>: AttributeError: module 'gast' has no attribute 'Str'
2022-08-07 21:22:37,018 Entity <function wrap_vectorize.<locals>.<lambda> at 0x1370fb1e0> could not be transformed and will be executed as-is. Please report this to the AutgoGraph team. When filing the bug, set the verbosity to 10 (on Linux, `export AUTOGRAPH_VERBOSITY=10`) and attach the full output. Cause: converting <function wrap_vectorize.<locals>.<lambda> at 0x1370fb1e0>: AttributeError: module 'gast' has no attribute 'Str'
2022-08-07 21:22:37,049 Entity <function wrap_vectorize.<locals>.<lambda> at 0x1370fb400> could not be transformed and will be executed as-is. Please report this to the AutgoGraph team. When filing the bug, set the verbosity to 10 (on Linux, `export AUTOGRAPH_VERBOSITY=10`) and attach the full output. Cause: converting <function wrap_vectorize.<locals>.<lambda> at 0x1370fb400>: AttributeError: module 'gast' has no attribute 'Str'
2022-08-07 21:22:37,089 Entity <function wrap_vectorize.<locals>.<lambda> at 0x1370fbc80> could not be transformed and will be executed as-is. Please report this to the AutgoGraph team. When filing the bug, set the verbosity to 10 (on Linux, `export AUTOGRAPH_VERBOSITY=10`) and attach the full output. Cause: converting <function wrap_vectorize.<locals>.<lambda> at 0x1370fbc80>: AttributeError: module 'gast' has no attribute 'Str'
2022-08-07 21:22:37,130 Entity <function wrap_vectorize.<locals>.<lambda> at 0x1373b3268> could not be transformed and will be executed as-is. Please report this to the AutgoGraph team. When filing the bug, set the verbosity to 10 (on Linux, `export AUTOGRAPH_VERBOSITY=10`) and attach the full output. Cause: converting <function wrap_vectorize.<locals>.<lambda> at 0x1373b3268>: AttributeError: module 'gast' has no attribute 'Str'
2022-08-07 21:22:37,164 Entity <function wrap_vectorize.<locals>.<lambda> at 0x1373b3f28> could not be transformed and will be executed as-is. Please report this to the AutgoGraph team. When filing the bug, set the verbosity to 10 (on Linux, `export AUTOGRAPH_VERBOSITY=10`) and attach the full output. Cause: converting <function wrap_vectorize.<locals>.<lambda> at 0x1373b3f28>: AttributeError: module 'gast' has no attribute 'Str'
2022-08-07 21:22:37,363 Entity <function wrap_vectorize.<locals>.<lambda> at 0x137418730> could not be transformed and will be executed as-is. Please report this to the AutgoGraph team. When filing the bug, set the verbosity to 10 (on Linux, `export AUTOGRAPH_VERBOSITY=10`) and attach the full output. Cause: converting <function wrap_vectorize.<locals>.<lambda> at 0x137418730>: AttributeError: module 'gast' has no attribute 'Str'
2022-08-07 21:22:37,431 Entity <function wrap_vectorize.<locals>.<lambda> at 0x1374187b8> could not be transformed and will be executed as-is. Please report this to the AutgoGraph team. When filing the bug, set the verbosity to 10 (on Linux, `export AUTOGRAPH_VERBOSITY=10`) and attach the full output. Cause: converting <function wrap_vectorize.<locals>.<lambda> at 0x1374187b8>: AttributeError: module 'gast' has no attribute 'Str'
2022-08-07 21:22:37,466 Entity <function wrap_vectorize.<locals>.<lambda> at 0x1374182f0> could not be transformed and will be executed as-is. Please report this to the AutgoGraph team. When filing the bug, set the verbosity to 10 (on Linux, `export AUTOGRAPH_VERBOSITY=10`) and attach the full output. Cause: converting <function wrap_vectorize.<locals>.<lambda> at 0x1374182f0>: AttributeError: module 'gast' has no attribute 'Str'
2022-08-07 21:22:37,509 Entity <function wrap_vectorize.<locals>.<lambda> at 0x137418c80> could not be transformed and will be executed as-is. Please report this to the AutgoGraph team. When filing the bug, set the verbosity to 10 (on Linux, `export AUTOGRAPH_VERBOSITY=10`) and attach the full output. Cause: converting <function wrap_vectorize.<locals>.<lambda> at 0x137418c80>: AttributeError: module 'gast' has no attribute 'Str'
2022-08-07 21:22:37,555 Entity <function wrap_vectorize.<locals>.<lambda> at 0x1376cd510> could not be transformed and will be executed as-is. Please report this to the AutgoGraph team. When filing the bug, set the verbosity to 10 (on Linux, `export AUTOGRAPH_VERBOSITY=10`) and attach the full output. Cause: converting <function wrap_vectorize.<locals>.<lambda> at 0x1376cd510>: AttributeError: module 'gast' has no attribute 'Str'
2022-08-07 21:22:37,589 Entity <function wrap_vectorize.<locals>.<lambda> at 0x1376cde18> could not be transformed and will be executed as-is. Please report this to the AutgoGraph team. When filing the bug, set the verbosity to 10 (on Linux, `export AUTOGRAPH_VERBOSITY=10`) and attach the full output. Cause: converting <function wrap_vectorize.<locals>.<lambda> at 0x1376cde18>: AttributeError: module 'gast' has no attribute 'Str'
2022-08-07 21:22:37,773 Entity <function wrap_vectorize.<locals>.<lambda> at 0x13776a950> could not be transformed and will be executed as-is. Please report this to the AutgoGraph team. When filing the bug, set the verbosity to 10 (on Linux, `export AUTOGRAPH_VERBOSITY=10`) and attach the full output. Cause: converting <function wrap_vectorize.<locals>.<lambda> at 0x13776a950>: AttributeError: module 'gast' has no attribute 'Str'
2022-08-07 21:22:37,837 Entity <function wrap_vectorize.<locals>.<lambda> at 0x13776a268> could not be transformed and will be executed as-is. Please report this to the AutgoGraph team. When filing the bug, set the verbosity to 10 (on Linux, `export AUTOGRAPH_VERBOSITY=10`) and attach the full output. Cause: converting <function wrap_vectorize.<locals>.<lambda> at 0x13776a268>: AttributeError: module 'gast' has no attribute 'Str'
2022-08-07 21:22:37,867 Entity <function wrap_vectorize.<locals>.<lambda> at 0x13776a6a8> could not be transformed and will be executed as-is. Please report this to the AutgoGraph team. When filing the bug, set the verbosity to 10 (on Linux, `export AUTOGRAPH_VERBOSITY=10`) and attach the full output. Cause: converting <function wrap_vectorize.<locals>.<lambda> at 0x13776a6a8>: AttributeError: module 'gast' has no attribute 'Str'
2022-08-07 21:22:37,907 Entity <function wrap_vectorize.<locals>.<lambda> at 0x137939400> could not be transformed and will be executed as-is. Please report this to the AutgoGraph team. When filing the bug, set the verbosity to 10 (on Linux, `export AUTOGRAPH_VERBOSITY=10`) and attach the full output. Cause: converting <function wrap_vectorize.<locals>.<lambda> at 0x137939400>: AttributeError: module 'gast' has no attribute 'Str'
2022-08-07 21:22:37,948 Entity <function wrap_vectorize.<locals>.<lambda> at 0x1379e6488> could not be transformed and will be executed as-is. Please report this to the AutgoGraph team. When filing the bug, set the verbosity to 10 (on Linux, `export AUTOGRAPH_VERBOSITY=10`) and attach the full output. Cause: converting <function wrap_vectorize.<locals>.<lambda> at 0x1379e6488>: AttributeError: module 'gast' has no attribute 'Str'
2022-08-07 21:22:37,981 Entity <function wrap_vectorize.<locals>.<lambda> at 0x137ac6598> could not be transformed and will be executed as-is. Please report this to the AutgoGraph team. When filing the bug, set the verbosity to 10 (on Linux, `export AUTOGRAPH_VERBOSITY=10`) and attach the full output. Cause: converting <function wrap_vectorize.<locals>.<lambda> at 0x137ac6598>: AttributeError: module 'gast' has no attribute 'Str'
2022-08-07 21:22:38,180 Entity <function wrap_vectorize.<locals>.<lambda> at 0x137ac6d08> could not be transformed and will be executed as-is. Please report this to the AutgoGraph team. When filing the bug, set the verbosity to 10 (on Linux, `export AUTOGRAPH_VERBOSITY=10`) and attach the full output. Cause: converting <function wrap_vectorize.<locals>.<lambda> at 0x137ac6d08>: AttributeError: module 'gast' has no attribute 'Str'
2022-08-07 21:22:38,250 Entity <function wrap_vectorize.<locals>.<lambda> at 0x137b1b7b8> could not be transformed and will be executed as-is. Please report this to the AutgoGraph team. When filing the bug, set the verbosity to 10 (on Linux, `export AUTOGRAPH_VERBOSITY=10`) and attach the full output. Cause: converting <function wrap_vectorize.<locals>.<lambda> at 0x137b1b7b8>: AttributeError: module 'gast' has no attribute 'Str'
2022-08-07 21:22:38,284 Entity <function wrap_vectorize.<locals>.<lambda> at 0x137b1b840> could not be transformed and will be executed as-is. Please report this to the AutgoGraph team. When filing the bug, set the verbosity to 10 (on Linux, `export AUTOGRAPH_VERBOSITY=10`) and attach the full output. Cause: converting <function wrap_vectorize.<locals>.<lambda> at 0x137b1b840>: AttributeError: module 'gast' has no attribute 'Str'
2022-08-07 21:22:38,328 Entity <function wrap_vectorize.<locals>.<lambda> at 0x137b1b9d8> could not be transformed and will be executed as-is. Please report this to the AutgoGraph team. When filing the bug, set the verbosity to 10 (on Linux, `export AUTOGRAPH_VERBOSITY=10`) and attach the full output. Cause: converting <function wrap_vectorize.<locals>.<lambda> at 0x137b1b9d8>: AttributeError: module 'gast' has no attribute 'Str'
2022-08-07 21:22:38,371 Entity <function wrap_vectorize.<locals>.<lambda> at 0x137d22bf8> could not be transformed and will be executed as-is. Please report this to the AutgoGraph team. When filing the bug, set the verbosity to 10 (on Linux, `export AUTOGRAPH_VERBOSITY=10`) and attach the full output. Cause: converting <function wrap_vectorize.<locals>.<lambda> at 0x137d22bf8>: AttributeError: module 'gast' has no attribute 'Str'
2022-08-07 21:22:38,404 Entity <function wrap_vectorize.<locals>.<lambda> at 0x137e0d7b8> could not be transformed and will be executed as-is. Please report this to the AutgoGraph team. When filing the bug, set the verbosity to 10 (on Linux, `export AUTOGRAPH_VERBOSITY=10`) and attach the full output. Cause: converting <function wrap_vectorize.<locals>.<lambda> at 0x137e0d7b8>: AttributeError: module 'gast' has no attribute 'Str'
2022-08-07 21:22:38,589 Entity <function wrap_vectorize.<locals>.<lambda> at 0x137e0d488> could not be transformed and will be executed as-is. Please report this to the AutgoGraph team. When filing the bug, set the verbosity to 10 (on Linux, `export AUTOGRAPH_VERBOSITY=10`) and attach the full output. Cause: converting <function wrap_vectorize.<locals>.<lambda> at 0x137e0d488>: AttributeError: module 'gast' has no attribute 'Str'
2022-08-07 21:22:38,652 Entity <function wrap_vectorize.<locals>.<lambda> at 0x137e712f0> could not be transformed and will be executed as-is. Please report this to the AutgoGraph team. When filing the bug, set the verbosity to 10 (on Linux, `export AUTOGRAPH_VERBOSITY=10`) and attach the full output. Cause: converting <function wrap_vectorize.<locals>.<lambda> at 0x137e712f0>: AttributeError: module 'gast' has no attribute 'Str'
2022-08-07 21:22:38,682 Entity <function wrap_vectorize.<locals>.<lambda> at 0x137e71510> could not be transformed and will be executed as-is. Please report this to the AutgoGraph team. When filing the bug, set the verbosity to 10 (on Linux, `export AUTOGRAPH_VERBOSITY=10`) and attach the full output. Cause: converting <function wrap_vectorize.<locals>.<lambda> at 0x137e71510>: AttributeError: module 'gast' has no attribute 'Str'
2022-08-07 21:22:38,721 Entity <function wrap_vectorize.<locals>.<lambda> at 0x137e71bf8> could not be transformed and will be executed as-is. Please report this to the AutgoGraph team. When filing the bug, set the verbosity to 10 (on Linux, `export AUTOGRAPH_VERBOSITY=10`) and attach the full output. Cause: converting <function wrap_vectorize.<locals>.<lambda> at 0x137e71bf8>: AttributeError: module 'gast' has no attribute 'Str'
2022-08-07 21:22:38,763 Entity <function wrap_vectorize.<locals>.<lambda> at 0x13812c378> could not be transformed and will be executed as-is. Please report this to the AutgoGraph team. When filing the bug, set the verbosity to 10 (on Linux, `export AUTOGRAPH_VERBOSITY=10`) and attach the full output. Cause: converting <function wrap_vectorize.<locals>.<lambda> at 0x13812c378>: AttributeError: module 'gast' has no attribute 'Str'
2022-08-07 21:22:38,797 Entity <function wrap_vectorize.<locals>.<lambda> at 0x13812cb70> could not be transformed and will be executed as-is. Please report this to the AutgoGraph team. When filing the bug, set the verbosity to 10 (on Linux, `export AUTOGRAPH_VERBOSITY=10`) and attach the full output. Cause: converting <function wrap_vectorize.<locals>.<lambda> at 0x13812cb70>: AttributeError: module 'gast' has no attribute 'Str'
2022-08-07 21:22:39,108 Entity <function wrap_vectorize.<locals>.<lambda> at 0x1381a06a8> could not be transformed and will be executed as-is. Please report this to the AutgoGraph team. When filing the bug, set the verbosity to 10 (on Linux, `export AUTOGRAPH_VERBOSITY=10`) and attach the full output. Cause: converting <function wrap_vectorize.<locals>.<lambda> at 0x1381a06a8>: AttributeError: module 'gast' has no attribute 'Str'
2022-08-07 21:22:39,168 Entity <function wrap_vectorize.<locals>.<lambda> at 0x1381a0840> could not be transformed and will be executed as-is. Please report this to the AutgoGraph team. When filing the bug, set the verbosity to 10 (on Linux, `export AUTOGRAPH_VERBOSITY=10`) and attach the full output. Cause: converting <function wrap_vectorize.<locals>.<lambda> at 0x1381a0840>: AttributeError: module 'gast' has no attribute 'Str'
2022-08-07 21:22:39,198 Entity <function wrap_vectorize.<locals>.<lambda> at 0x1381a02f0> could not be transformed and will be executed as-is. Please report this to the AutgoGraph team. When filing the bug, set the verbosity to 10 (on Linux, `export AUTOGRAPH_VERBOSITY=10`) and attach the full output. Cause: converting <function wrap_vectorize.<locals>.<lambda> at 0x1381a02f0>: AttributeError: module 'gast' has no attribute 'Str'
2022-08-07 21:22:39,238 Entity <function wrap_vectorize.<locals>.<lambda> at 0x1381a0b70> could not be transformed and will be executed as-is. Please report this to the AutgoGraph team. When filing the bug, set the verbosity to 10 (on Linux, `export AUTOGRAPH_VERBOSITY=10`) and attach the full output. Cause: converting <function wrap_vectorize.<locals>.<lambda> at 0x1381a0b70>: AttributeError: module 'gast' has no attribute 'Str'
2022-08-07 21:22:39,281 Entity <function wrap_vectorize.<locals>.<lambda> at 0x138442400> could not be transformed and will be executed as-is. Please report this to the AutgoGraph team. When filing the bug, set the verbosity to 10 (on Linux, `export AUTOGRAPH_VERBOSITY=10`) and attach the full output. Cause: converting <function wrap_vectorize.<locals>.<lambda> at 0x138442400>: AttributeError: module 'gast' has no attribute 'Str'
2022-08-07 21:22:39,317 Entity <function wrap_vectorize.<locals>.<lambda> at 0x138442a60> could not be transformed and will be executed as-is. Please report this to the AutgoGraph team. When filing the bug, set the verbosity to 10 (on Linux, `export AUTOGRAPH_VERBOSITY=10`) and attach the full output. Cause: converting <function wrap_vectorize.<locals>.<lambda> at 0x138442a60>: AttributeError: module 'gast' has no attribute 'Str'
2022-08-07 21:22:39,532 Entity <function wrap_vectorize.<locals>.<lambda> at 0x1384df730> could not be transformed and will be executed as-is. Please report this to the AutgoGraph team. When filing the bug, set the verbosity to 10 (on Linux, `export AUTOGRAPH_VERBOSITY=10`) and attach the full output. Cause: converting <function wrap_vectorize.<locals>.<lambda> at 0x1384df730>: AttributeError: module 'gast' has no attribute 'Str'
2022-08-07 21:22:39,567 Entity <function wrap_vectorize.<locals>.<lambda> at 0x1384dfd08> could not be transformed and will be executed as-is. Please report this to the AutgoGraph team. When filing the bug, set the verbosity to 10 (on Linux, `export AUTOGRAPH_VERBOSITY=10`) and attach the full output. Cause: converting <function wrap_vectorize.<locals>.<lambda> at 0x1384dfd08>: AttributeError: module 'gast' has no attribute 'Str'
2022-08-07 21:22:39,661 Entity <function wrap_vectorize.<locals>.<lambda> at 0x1387bf510> could not be transformed and will be executed as-is. Please report this to the AutgoGraph team. When filing the bug, set the verbosity to 10 (on Linux, `export AUTOGRAPH_VERBOSITY=10`) and attach the full output. Cause: converting <function wrap_vectorize.<locals>.<lambda> at 0x1387bf510>: AttributeError: module 'gast' has no attribute 'Str'
2022-08-07 21:22:39,711 Entity <function wrap_vectorize.<locals>.<lambda> at 0x1387e7378> could not be transformed and will be executed as-is. Please report this to the AutgoGraph team. When filing the bug, set the verbosity to 10 (on Linux, `export AUTOGRAPH_VERBOSITY=10`) and attach the full output. Cause: converting <function wrap_vectorize.<locals>.<lambda> at 0x1387e7378>: AttributeError: module 'gast' has no attribute 'Str'
2022-08-07 21:22:39,742 Entity <function wrap_vectorize.<locals>.<lambda> at 0x1387e78c8> could not be transformed and will be executed as-is. Please report this to the AutgoGraph team. When filing the bug, set the verbosity to 10 (on Linux, `export AUTOGRAPH_VERBOSITY=10`) and attach the full output. Cause: converting <function wrap_vectorize.<locals>.<lambda> at 0x1387e78c8>: AttributeError: module 'gast' has no attribute 'Str'
2022-08-07 21:22:39,799 Entity <function wrap_vectorize.<locals>.<lambda> at 0x1387e77b8> could not be transformed and will be executed as-is. Please report this to the AutgoGraph team. When filing the bug, set the verbosity to 10 (on Linux, `export AUTOGRAPH_VERBOSITY=10`) and attach the full output. Cause: converting <function wrap_vectorize.<locals>.<lambda> at 0x1387e77b8>: AttributeError: module 'gast' has no attribute 'Str'
2022-08-07 21:22:41,166 
 Running MD Simulation for 100 steps
2022-08-07 21:22:55,559 Number of density samples used:9
