2022-08-08 14:26:06,258 Number of positive ions:121.0
2022-08-08 14:26:06,258 Number of negative ions:121
2022-08-08 14:26:06,295 From /Library/Python/3.7/site-packages/tensorflow/python/ops/array_ops.py:1354: add_dispatch_support.<locals>.wrapper (from tensorflow.python.ops.array_ops) is deprecated and will be removed in a future version.
Instructions for updating:
Use tf.where in 2.0, which has the same broadcast rule as np.where
2022-08-08 14:26:06,410 Entity <function wrap_vectorize.<locals>.<lambda> at 0x1311509d8> could not be transformed and will be executed as-is. Please report this to the AutgoGraph team. When filing the bug, set the verbosity to 10 (on Linux, `export AUTOGRAPH_VERBOSITY=10`) and attach the full output. Cause: converting <function wrap_vectorize.<locals>.<lambda> at 0x1311509d8>: AttributeError: module 'gast' has no attribute 'Str'
2022-08-08 14:26:06,480 Entity <function wrap_vectorize.<locals>.<lambda> at 0x131150a60> could not be transformed and will be executed as-is. Please report this to the AutgoGraph team. When filing the bug, set the verbosity to 10 (on Linux, `export AUTOGRAPH_VERBOSITY=10`) and attach the full output. Cause: converting <function wrap_vectorize.<locals>.<lambda> at 0x131150a60>: AttributeError: module 'gast' has no attribute 'Str'
2022-08-08 14:26:06,514 Entity <function wrap_vectorize.<locals>.<lambda> at 0x131150d08> could not be transformed and will be executed as-is. Please report this to the AutgoGraph team. When filing the bug, set the verbosity to 10 (on Linux, `export AUTOGRAPH_VERBOSITY=10`) and attach the full output. Cause: converting <function wrap_vectorize.<locals>.<lambda> at 0x131150d08>: AttributeError: module 'gast' has no attribute 'Str'
2022-08-08 14:26:06,554 Entity <function wrap_vectorize.<locals>.<lambda> at 0x131150bf8> could not be transformed and will be executed as-is. Please report this to the AutgoGraph team. When filing the bug, set the verbosity to 10 (on Linux, `export AUTOGRAPH_VERBOSITY=10`) and attach the full output. Cause: converting <function wrap_vectorize.<locals>.<lambda> at 0x131150bf8>: AttributeError: module 'gast' has no attribute 'Str'
2022-08-08 14:26:06,594 Entity <function wrap_vectorize.<locals>.<lambda> at 0x131368ae8> could not be transformed and will be executed as-is. Please report this to the AutgoGraph team. When filing the bug, set the verbosity to 10 (on Linux, `export AUTOGRAPH_VERBOSITY=10`) and attach the full output. Cause: converting <function wrap_vectorize.<locals>.<lambda> at 0x131368ae8>: AttributeError: module 'gast' has no attribute 'Str'
2022-08-08 14:26:06,629 Entity <function wrap_vectorize.<locals>.<lambda> at 0x131368d08> could not be transformed and will be executed as-is. Please report this to the AutgoGraph team. When filing the bug, set the verbosity to 10 (on Linux, `export AUTOGRAPH_VERBOSITY=10`) and attach the full output. Cause: converting <function wrap_vectorize.<locals>.<lambda> at 0x131368d08>: AttributeError: module 'gast' has no attribute 'Str'
2022-08-08 14:26:06,710 Total_surface_charge:-0.0
charge_meshpoint:-0.0
2022-08-08 14:26:06,710 Charge density:-0.0
2022-08-08 14:26:06,710 Dielectric constant of water 80
2022-08-08 14:26:06,710 Unit length 0.55
2022-08-08 14:26:06,710 Unit of mass 3.8409999999999993e-23
2022-08-08 14:26:06,710 Unit of energy 4.114486e-14
2022-08-08 14:26:06,710 Unit time 5.314067280204312e-09
2022-08-08 14:26:06,710 Simulation box dimensions (in reduced units) x | y | z 27.27272727272727|27.27272727272727|5.454545454545454
2022-08-08 14:26:06,710 Box dimensions (in nanometers) x | y | z 15.0|15.0|3.0
2022-08-08 14:26:06,710 Permittivity inside and outside the confinement (channel) 80,80
2022-08-08 14:26:06,710 Dielectric contrast across interfaces 0.0
2022-08-08 14:26:06,710 Positive (+) ion valency 1.0
2022-08-08 14:26:06,710 Negative (-) ion valency -1.0
2022-08-08 14:26:06,710 Valency of counter ions is 1
2022-08-08 14:26:06,710 positive ion diameter (red. units) 1.0
2022-08-08 14:26:06,710 negative ion diameter (red. units) 1.0
2022-08-08 14:26:06,710 counter ion diameter (red units) 1.0
2022-08-08 14:26:06,711 In MD, charge density -0.0
2022-08-08 14:26:06,711 Ion (salt) concentration (c) inside 0.3 M
2022-08-08 14:26:06,711 Debye length 1.0096264057751894
2022-08-08 14:26:06,711 Mean separation between ions 2.555856561520452
2022-08-08 14:26:06,711 Temperature (in Kelvin) 298
2022-08-08 14:26:06,711 Binning width (uniform) 0.0500417014178482
2022-08-08 14:26:06,711 Number of bins111
2022-08-08 14:26:06,711 Number of points discretizing the left and right planar walls/interfaces/surfaces 1764 1764
2022-08-08 14:26:06,711 Number of ions 242.0
2022-08-08 14:26:06,711 Number of counter ions 0.0
2022-08-08 14:26:06,711 Time step in the simulation0.001
2022-08-08 14:26:06,718 Entity <function wrap_vectorize.<locals>.<lambda> at 0x131368ae8> could not be transformed and will be executed as-is. Please report this to the AutgoGraph team. When filing the bug, set the verbosity to 10 (on Linux, `export AUTOGRAPH_VERBOSITY=10`) and attach the full output. Cause: converting <function wrap_vectorize.<locals>.<lambda> at 0x131368ae8>: AttributeError: module 'gast' has no attribute 'Str'
2022-08-08 14:26:06,775 Entity <function wrap_vectorize.<locals>.<lambda> at 0x131416048> could not be transformed and will be executed as-is. Please report this to the AutgoGraph team. When filing the bug, set the verbosity to 10 (on Linux, `export AUTOGRAPH_VERBOSITY=10`) and attach the full output. Cause: converting <function wrap_vectorize.<locals>.<lambda> at 0x131416048>: AttributeError: module 'gast' has no attribute 'Str'
2022-08-08 14:26:06,807 Entity <function wrap_vectorize.<locals>.<lambda> at 0x1314166a8> could not be transformed and will be executed as-is. Please report this to the AutgoGraph team. When filing the bug, set the verbosity to 10 (on Linux, `export AUTOGRAPH_VERBOSITY=10`) and attach the full output. Cause: converting <function wrap_vectorize.<locals>.<lambda> at 0x1314166a8>: AttributeError: module 'gast' has no attribute 'Str'
2022-08-08 14:26:06,852 Entity <function wrap_vectorize.<locals>.<lambda> at 0x131416d08> could not be transformed and will be executed as-is. Please report this to the AutgoGraph team. When filing the bug, set the verbosity to 10 (on Linux, `export AUTOGRAPH_VERBOSITY=10`) and attach the full output. Cause: converting <function wrap_vectorize.<locals>.<lambda> at 0x131416d08>: AttributeError: module 'gast' has no attribute 'Str'
2022-08-08 14:26:06,909 Entity <function wrap_vectorize.<locals>.<lambda> at 0x13150c6a8> could not be transformed and will be executed as-is. Please report this to the AutgoGraph team. When filing the bug, set the verbosity to 10 (on Linux, `export AUTOGRAPH_VERBOSITY=10`) and attach the full output. Cause: converting <function wrap_vectorize.<locals>.<lambda> at 0x13150c6a8>: AttributeError: module 'gast' has no attribute 'Str'
2022-08-08 14:26:06,946 Entity <function wrap_vectorize.<locals>.<lambda> at 0x13150c2f0> could not be transformed and will be executed as-is. Please report this to the AutgoGraph team. When filing the bug, set the verbosity to 10 (on Linux, `export AUTOGRAPH_VERBOSITY=10`) and attach the full output. Cause: converting <function wrap_vectorize.<locals>.<lambda> at 0x13150c2f0>: AttributeError: module 'gast' has no attribute 'Str'
2022-08-08 14:26:07,210 initial KE:0.0
2022-08-08 14:26:07,258 Entity <function wrap_vectorize.<locals>.<lambda> at 0x1316c61e0> could not be transformed and will be executed as-is. Please report this to the AutgoGraph team. When filing the bug, set the verbosity to 10 (on Linux, `export AUTOGRAPH_VERBOSITY=10`) and attach the full output. Cause: converting <function wrap_vectorize.<locals>.<lambda> at 0x1316c61e0>: AttributeError: module 'gast' has no attribute 'Str'
2022-08-08 14:26:07,315 Entity <function wrap_vectorize.<locals>.<lambda> at 0x1316c6b70> could not be transformed and will be executed as-is. Please report this to the AutgoGraph team. When filing the bug, set the verbosity to 10 (on Linux, `export AUTOGRAPH_VERBOSITY=10`) and attach the full output. Cause: converting <function wrap_vectorize.<locals>.<lambda> at 0x1316c6b70>: AttributeError: module 'gast' has no attribute 'Str'
2022-08-08 14:26:07,344 Entity <function wrap_vectorize.<locals>.<lambda> at 0x1316c6bf8> could not be transformed and will be executed as-is. Please report this to the AutgoGraph team. When filing the bug, set the verbosity to 10 (on Linux, `export AUTOGRAPH_VERBOSITY=10`) and attach the full output. Cause: converting <function wrap_vectorize.<locals>.<lambda> at 0x1316c6bf8>: AttributeError: module 'gast' has no attribute 'Str'
2022-08-08 14:26:07,382 Entity <function wrap_vectorize.<locals>.<lambda> at 0x1317be378> could not be transformed and will be executed as-is. Please report this to the AutgoGraph team. When filing the bug, set the verbosity to 10 (on Linux, `export AUTOGRAPH_VERBOSITY=10`) and attach the full output. Cause: converting <function wrap_vectorize.<locals>.<lambda> at 0x1317be378>: AttributeError: module 'gast' has no attribute 'Str'
2022-08-08 14:26:07,423 Entity <function wrap_vectorize.<locals>.<lambda> at 0x131987400> could not be transformed and will be executed as-is. Please report this to the AutgoGraph team. When filing the bug, set the verbosity to 10 (on Linux, `export AUTOGRAPH_VERBOSITY=10`) and attach the full output. Cause: converting <function wrap_vectorize.<locals>.<lambda> at 0x131987400>: AttributeError: module 'gast' has no attribute 'Str'
2022-08-08 14:26:07,459 Entity <function wrap_vectorize.<locals>.<lambda> at 0x131987378> could not be transformed and will be executed as-is. Please report this to the AutgoGraph team. When filing the bug, set the verbosity to 10 (on Linux, `export AUTOGRAPH_VERBOSITY=10`) and attach the full output. Cause: converting <function wrap_vectorize.<locals>.<lambda> at 0x131987378>: AttributeError: module 'gast' has no attribute 'Str'
2022-08-08 14:26:07,623 Entity <function wrap_vectorize.<locals>.<lambda> at 0x131a74f28> could not be transformed and will be executed as-is. Please report this to the AutgoGraph team. When filing the bug, set the verbosity to 10 (on Linux, `export AUTOGRAPH_VERBOSITY=10`) and attach the full output. Cause: converting <function wrap_vectorize.<locals>.<lambda> at 0x131a74f28>: AttributeError: module 'gast' has no attribute 'Str'
2022-08-08 14:26:07,696 Entity <function wrap_vectorize.<locals>.<lambda> at 0x131a74b70> could not be transformed and will be executed as-is. Please report this to the AutgoGraph team. When filing the bug, set the verbosity to 10 (on Linux, `export AUTOGRAPH_VERBOSITY=10`) and attach the full output. Cause: converting <function wrap_vectorize.<locals>.<lambda> at 0x131a74b70>: AttributeError: module 'gast' has no attribute 'Str'
2022-08-08 14:26:07,735 Entity <function wrap_vectorize.<locals>.<lambda> at 0x131a74378> could not be transformed and will be executed as-is. Please report this to the AutgoGraph team. When filing the bug, set the verbosity to 10 (on Linux, `export AUTOGRAPH_VERBOSITY=10`) and attach the full output. Cause: converting <function wrap_vectorize.<locals>.<lambda> at 0x131a74378>: AttributeError: module 'gast' has no attribute 'Str'
2022-08-08 14:26:07,776 Entity <function wrap_vectorize.<locals>.<lambda> at 0x131a74378> could not be transformed and will be executed as-is. Please report this to the AutgoGraph team. When filing the bug, set the verbosity to 10 (on Linux, `export AUTOGRAPH_VERBOSITY=10`) and attach the full output. Cause: converting <function wrap_vectorize.<locals>.<lambda> at 0x131a74378>: AttributeError: module 'gast' has no attribute 'Str'
2022-08-08 14:26:07,817 Entity <function wrap_vectorize.<locals>.<lambda> at 0x131d1e620> could not be transformed and will be executed as-is. Please report this to the AutgoGraph team. When filing the bug, set the verbosity to 10 (on Linux, `export AUTOGRAPH_VERBOSITY=10`) and attach the full output. Cause: converting <function wrap_vectorize.<locals>.<lambda> at 0x131d1e620>: AttributeError: module 'gast' has no attribute 'Str'
2022-08-08 14:26:07,855 Entity <function wrap_vectorize.<locals>.<lambda> at 0x131d1e620> could not be transformed and will be executed as-is. Please report this to the AutgoGraph team. When filing the bug, set the verbosity to 10 (on Linux, `export AUTOGRAPH_VERBOSITY=10`) and attach the full output. Cause: converting <function wrap_vectorize.<locals>.<lambda> at 0x131d1e620>: AttributeError: module 'gast' has no attribute 'Str'
2022-08-08 14:26:08,050 Entity <function wrap_vectorize.<locals>.<lambda> at 0x131dd49d8> could not be transformed and will be executed as-is. Please report this to the AutgoGraph team. When filing the bug, set the verbosity to 10 (on Linux, `export AUTOGRAPH_VERBOSITY=10`) and attach the full output. Cause: converting <function wrap_vectorize.<locals>.<lambda> at 0x131dd49d8>: AttributeError: module 'gast' has no attribute 'Str'
2022-08-08 14:26:08,111 Entity <function wrap_vectorize.<locals>.<lambda> at 0x131dd4620> could not be transformed and will be executed as-is. Please report this to the AutgoGraph team. When filing the bug, set the verbosity to 10 (on Linux, `export AUTOGRAPH_VERBOSITY=10`) and attach the full output. Cause: converting <function wrap_vectorize.<locals>.<lambda> at 0x131dd4620>: AttributeError: module 'gast' has no attribute 'Str'
2022-08-08 14:26:08,141 Entity <function wrap_vectorize.<locals>.<lambda> at 0x131dd40d0> could not be transformed and will be executed as-is. Please report this to the AutgoGraph team. When filing the bug, set the verbosity to 10 (on Linux, `export AUTOGRAPH_VERBOSITY=10`) and attach the full output. Cause: converting <function wrap_vectorize.<locals>.<lambda> at 0x131dd40d0>: AttributeError: module 'gast' has no attribute 'Str'
2022-08-08 14:26:08,180 Entity <function wrap_vectorize.<locals>.<lambda> at 0x131dd40d0> could not be transformed and will be executed as-is. Please report this to the AutgoGraph team. When filing the bug, set the verbosity to 10 (on Linux, `export AUTOGRAPH_VERBOSITY=10`) and attach the full output. Cause: converting <function wrap_vectorize.<locals>.<lambda> at 0x131dd40d0>: AttributeError: module 'gast' has no attribute 'Str'
2022-08-08 14:26:08,220 Entity <function wrap_vectorize.<locals>.<lambda> at 0x132076510> could not be transformed and will be executed as-is. Please report this to the AutgoGraph team. When filing the bug, set the verbosity to 10 (on Linux, `export AUTOGRAPH_VERBOSITY=10`) and attach the full output. Cause: converting <function wrap_vectorize.<locals>.<lambda> at 0x132076510>: AttributeError: module 'gast' has no attribute 'Str'
2022-08-08 14:26:08,253 Entity <function wrap_vectorize.<locals>.<lambda> at 0x132076510> could not be transformed and will be executed as-is. Please report this to the AutgoGraph team. When filing the bug, set the verbosity to 10 (on Linux, `export AUTOGRAPH_VERBOSITY=10`) and attach the full output. Cause: converting <function wrap_vectorize.<locals>.<lambda> at 0x132076510>: AttributeError: module 'gast' has no attribute 'Str'
2022-08-08 14:26:08,413 Entity <function wrap_vectorize.<locals>.<lambda> at 0x132124d90> could not be transformed and will be executed as-is. Please report this to the AutgoGraph team. When filing the bug, set the verbosity to 10 (on Linux, `export AUTOGRAPH_VERBOSITY=10`) and attach the full output. Cause: converting <function wrap_vectorize.<locals>.<lambda> at 0x132124d90>: AttributeError: module 'gast' has no attribute 'Str'
2022-08-08 14:26:08,473 Entity <function wrap_vectorize.<locals>.<lambda> at 0x132124950> could not be transformed and will be executed as-is. Please report this to the AutgoGraph team. When filing the bug, set the verbosity to 10 (on Linux, `export AUTOGRAPH_VERBOSITY=10`) and attach the full output. Cause: converting <function wrap_vectorize.<locals>.<lambda> at 0x132124950>: AttributeError: module 'gast' has no attribute 'Str'
2022-08-08 14:26:08,503 Entity <function wrap_vectorize.<locals>.<lambda> at 0x132124400> could not be transformed and will be executed as-is. Please report this to the AutgoGraph team. When filing the bug, set the verbosity to 10 (on Linux, `export AUTOGRAPH_VERBOSITY=10`) and attach the full output. Cause: converting <function wrap_vectorize.<locals>.<lambda> at 0x132124400>: AttributeError: module 'gast' has no attribute 'Str'
2022-08-08 14:26:08,542 Entity <function wrap_vectorize.<locals>.<lambda> at 0x132124400> could not be transformed and will be executed as-is. Please report this to the AutgoGraph team. When filing the bug, set the verbosity to 10 (on Linux, `export AUTOGRAPH_VERBOSITY=10`) and attach the full output. Cause: converting <function wrap_vectorize.<locals>.<lambda> at 0x132124400>: AttributeError: module 'gast' has no attribute 'Str'
2022-08-08 14:26:08,583 Entity <function wrap_vectorize.<locals>.<lambda> at 0x1323e4400> could not be transformed and will be executed as-is. Please report this to the AutgoGraph team. When filing the bug, set the verbosity to 10 (on Linux, `export AUTOGRAPH_VERBOSITY=10`) and attach the full output. Cause: converting <function wrap_vectorize.<locals>.<lambda> at 0x1323e4400>: AttributeError: module 'gast' has no attribute 'Str'
2022-08-08 14:26:08,615 Entity <function wrap_vectorize.<locals>.<lambda> at 0x1323e4400> could not be transformed and will be executed as-is. Please report this to the AutgoGraph team. When filing the bug, set the verbosity to 10 (on Linux, `export AUTOGRAPH_VERBOSITY=10`) and attach the full output. Cause: converting <function wrap_vectorize.<locals>.<lambda> at 0x1323e4400>: AttributeError: module 'gast' has no attribute 'Str'
2022-08-08 14:26:08,780 Entity <function wrap_vectorize.<locals>.<lambda> at 0x132483c80> could not be transformed and will be executed as-is. Please report this to the AutgoGraph team. When filing the bug, set the verbosity to 10 (on Linux, `export AUTOGRAPH_VERBOSITY=10`) and attach the full output. Cause: converting <function wrap_vectorize.<locals>.<lambda> at 0x132483c80>: AttributeError: module 'gast' has no attribute 'Str'
2022-08-08 14:26:08,839 Entity <function wrap_vectorize.<locals>.<lambda> at 0x132483f28> could not be transformed and will be executed as-is. Please report this to the AutgoGraph team. When filing the bug, set the verbosity to 10 (on Linux, `export AUTOGRAPH_VERBOSITY=10`) and attach the full output. Cause: converting <function wrap_vectorize.<locals>.<lambda> at 0x132483f28>: AttributeError: module 'gast' has no attribute 'Str'
2022-08-08 14:26:08,871 Entity <function wrap_vectorize.<locals>.<lambda> at 0x132483400> could not be transformed and will be executed as-is. Please report this to the AutgoGraph team. When filing the bug, set the verbosity to 10 (on Linux, `export AUTOGRAPH_VERBOSITY=10`) and attach the full output. Cause: converting <function wrap_vectorize.<locals>.<lambda> at 0x132483400>: AttributeError: module 'gast' has no attribute 'Str'
2022-08-08 14:26:08,911 Entity <function wrap_vectorize.<locals>.<lambda> at 0x132483400> could not be transformed and will be executed as-is. Please report this to the AutgoGraph team. When filing the bug, set the verbosity to 10 (on Linux, `export AUTOGRAPH_VERBOSITY=10`) and attach the full output. Cause: converting <function wrap_vectorize.<locals>.<lambda> at 0x132483400>: AttributeError: module 'gast' has no attribute 'Str'
2022-08-08 14:26:08,951 Entity <function wrap_vectorize.<locals>.<lambda> at 0x132760488> could not be transformed and will be executed as-is. Please report this to the AutgoGraph team. When filing the bug, set the verbosity to 10 (on Linux, `export AUTOGRAPH_VERBOSITY=10`) and attach the full output. Cause: converting <function wrap_vectorize.<locals>.<lambda> at 0x132760488>: AttributeError: module 'gast' has no attribute 'Str'
2022-08-08 14:26:08,984 Entity <function wrap_vectorize.<locals>.<lambda> at 0x132760488> could not be transformed and will be executed as-is. Please report this to the AutgoGraph team. When filing the bug, set the verbosity to 10 (on Linux, `export AUTOGRAPH_VERBOSITY=10`) and attach the full output. Cause: converting <function wrap_vectorize.<locals>.<lambda> at 0x132760488>: AttributeError: module 'gast' has no attribute 'Str'
2022-08-08 14:26:09,189 Entity <function wrap_vectorize.<locals>.<lambda> at 0x1327e2840> could not be transformed and will be executed as-is. Please report this to the AutgoGraph team. When filing the bug, set the verbosity to 10 (on Linux, `export AUTOGRAPH_VERBOSITY=10`) and attach the full output. Cause: converting <function wrap_vectorize.<locals>.<lambda> at 0x1327e2840>: AttributeError: module 'gast' has no attribute 'Str'
2022-08-08 14:26:09,246 Entity <function wrap_vectorize.<locals>.<lambda> at 0x1327e2f28> could not be transformed and will be executed as-is. Please report this to the AutgoGraph team. When filing the bug, set the verbosity to 10 (on Linux, `export AUTOGRAPH_VERBOSITY=10`) and attach the full output. Cause: converting <function wrap_vectorize.<locals>.<lambda> at 0x1327e2f28>: AttributeError: module 'gast' has no attribute 'Str'
2022-08-08 14:26:09,275 Entity <function wrap_vectorize.<locals>.<lambda> at 0x1327e2e18> could not be transformed and will be executed as-is. Please report this to the AutgoGraph team. When filing the bug, set the verbosity to 10 (on Linux, `export AUTOGRAPH_VERBOSITY=10`) and attach the full output. Cause: converting <function wrap_vectorize.<locals>.<lambda> at 0x1327e2e18>: AttributeError: module 'gast' has no attribute 'Str'
2022-08-08 14:26:09,314 Entity <function wrap_vectorize.<locals>.<lambda> at 0x1327e2e18> could not be transformed and will be executed as-is. Please report this to the AutgoGraph team. When filing the bug, set the verbosity to 10 (on Linux, `export AUTOGRAPH_VERBOSITY=10`) and attach the full output. Cause: converting <function wrap_vectorize.<locals>.<lambda> at 0x1327e2e18>: AttributeError: module 'gast' has no attribute 'Str'
2022-08-08 14:26:09,354 Entity <function wrap_vectorize.<locals>.<lambda> at 0x132ac8378> could not be transformed and will be executed as-is. Please report this to the AutgoGraph team. When filing the bug, set the verbosity to 10 (on Linux, `export AUTOGRAPH_VERBOSITY=10`) and attach the full output. Cause: converting <function wrap_vectorize.<locals>.<lambda> at 0x132ac8378>: AttributeError: module 'gast' has no attribute 'Str'
2022-08-08 14:26:09,388 Entity <function wrap_vectorize.<locals>.<lambda> at 0x132ac8378> could not be transformed and will be executed as-is. Please report this to the AutgoGraph team. When filing the bug, set the verbosity to 10 (on Linux, `export AUTOGRAPH_VERBOSITY=10`) and attach the full output. Cause: converting <function wrap_vectorize.<locals>.<lambda> at 0x132ac8378>: AttributeError: module 'gast' has no attribute 'Str'
2022-08-08 14:26:09,556 Entity <function wrap_vectorize.<locals>.<lambda> at 0x132b39730> could not be transformed and will be executed as-is. Please report this to the AutgoGraph team. When filing the bug, set the verbosity to 10 (on Linux, `export AUTOGRAPH_VERBOSITY=10`) and attach the full output. Cause: converting <function wrap_vectorize.<locals>.<lambda> at 0x132b39730>: AttributeError: module 'gast' has no attribute 'Str'
2022-08-08 14:26:09,613 Entity <function wrap_vectorize.<locals>.<lambda> at 0x132b39ea0> could not be transformed and will be executed as-is. Please report this to the AutgoGraph team. When filing the bug, set the verbosity to 10 (on Linux, `export AUTOGRAPH_VERBOSITY=10`) and attach the full output. Cause: converting <function wrap_vectorize.<locals>.<lambda> at 0x132b39ea0>: AttributeError: module 'gast' has no attribute 'Str'
2022-08-08 14:26:09,643 Entity <function wrap_vectorize.<locals>.<lambda> at 0x132b397b8> could not be transformed and will be executed as-is. Please report this to the AutgoGraph team. When filing the bug, set the verbosity to 10 (on Linux, `export AUTOGRAPH_VERBOSITY=10`) and attach the full output. Cause: converting <function wrap_vectorize.<locals>.<lambda> at 0x132b397b8>: AttributeError: module 'gast' has no attribute 'Str'
2022-08-08 14:26:09,681 Entity <function wrap_vectorize.<locals>.<lambda> at 0x132b397b8> could not be transformed and will be executed as-is. Please report this to the AutgoGraph team. When filing the bug, set the verbosity to 10 (on Linux, `export AUTOGRAPH_VERBOSITY=10`) and attach the full output. Cause: converting <function wrap_vectorize.<locals>.<lambda> at 0x132b397b8>: AttributeError: module 'gast' has no attribute 'Str'
2022-08-08 14:26:09,721 Entity <function wrap_vectorize.<locals>.<lambda> at 0x132e3c268> could not be transformed and will be executed as-is. Please report this to the AutgoGraph team. When filing the bug, set the verbosity to 10 (on Linux, `export AUTOGRAPH_VERBOSITY=10`) and attach the full output. Cause: converting <function wrap_vectorize.<locals>.<lambda> at 0x132e3c268>: AttributeError: module 'gast' has no attribute 'Str'
2022-08-08 14:26:09,754 Entity <function wrap_vectorize.<locals>.<lambda> at 0x132e3c268> could not be transformed and will be executed as-is. Please report this to the AutgoGraph team. When filing the bug, set the verbosity to 10 (on Linux, `export AUTOGRAPH_VERBOSITY=10`) and attach the full output. Cause: converting <function wrap_vectorize.<locals>.<lambda> at 0x132e3c268>: AttributeError: module 'gast' has no attribute 'Str'
2022-08-08 14:26:09,918 Entity <function wrap_vectorize.<locals>.<lambda> at 0x132e3ca60> could not be transformed and will be executed as-is. Please report this to the AutgoGraph team. When filing the bug, set the verbosity to 10 (on Linux, `export AUTOGRAPH_VERBOSITY=10`) and attach the full output. Cause: converting <function wrap_vectorize.<locals>.<lambda> at 0x132e3ca60>: AttributeError: module 'gast' has no attribute 'Str'
2022-08-08 14:26:09,975 Entity <function wrap_vectorize.<locals>.<lambda> at 0x132e9bd90> could not be transformed and will be executed as-is. Please report this to the AutgoGraph team. When filing the bug, set the verbosity to 10 (on Linux, `export AUTOGRAPH_VERBOSITY=10`) and attach the full output. Cause: converting <function wrap_vectorize.<locals>.<lambda> at 0x132e9bd90>: AttributeError: module 'gast' has no attribute 'Str'
2022-08-08 14:26:10,005 Entity <function wrap_vectorize.<locals>.<lambda> at 0x132e9b6a8> could not be transformed and will be executed as-is. Please report this to the AutgoGraph team. When filing the bug, set the verbosity to 10 (on Linux, `export AUTOGRAPH_VERBOSITY=10`) and attach the full output. Cause: converting <function wrap_vectorize.<locals>.<lambda> at 0x132e9b6a8>: AttributeError: module 'gast' has no attribute 'Str'
2022-08-08 14:26:10,044 Entity <function wrap_vectorize.<locals>.<lambda> at 0x132e9b6a8> could not be transformed and will be executed as-is. Please report this to the AutgoGraph team. When filing the bug, set the verbosity to 10 (on Linux, `export AUTOGRAPH_VERBOSITY=10`) and attach the full output. Cause: converting <function wrap_vectorize.<locals>.<lambda> at 0x132e9b6a8>: AttributeError: module 'gast' has no attribute 'Str'
2022-08-08 14:26:10,084 Entity <function wrap_vectorize.<locals>.<lambda> at 0x13319b158> could not be transformed and will be executed as-is. Please report this to the AutgoGraph team. When filing the bug, set the verbosity to 10 (on Linux, `export AUTOGRAPH_VERBOSITY=10`) and attach the full output. Cause: converting <function wrap_vectorize.<locals>.<lambda> at 0x13319b158>: AttributeError: module 'gast' has no attribute 'Str'
2022-08-08 14:26:10,116 Entity <function wrap_vectorize.<locals>.<lambda> at 0x13319b158> could not be transformed and will be executed as-is. Please report this to the AutgoGraph team. When filing the bug, set the verbosity to 10 (on Linux, `export AUTOGRAPH_VERBOSITY=10`) and attach the full output. Cause: converting <function wrap_vectorize.<locals>.<lambda> at 0x13319b158>: AttributeError: module 'gast' has no attribute 'Str'
2022-08-08 14:26:10,281 Entity <function wrap_vectorize.<locals>.<lambda> at 0x13319b9d8> could not be transformed and will be executed as-is. Please report this to the AutgoGraph team. When filing the bug, set the verbosity to 10 (on Linux, `export AUTOGRAPH_VERBOSITY=10`) and attach the full output. Cause: converting <function wrap_vectorize.<locals>.<lambda> at 0x13319b9d8>: AttributeError: module 'gast' has no attribute 'Str'
2022-08-08 14:26:10,338 Entity <function wrap_vectorize.<locals>.<lambda> at 0x133205c80> could not be transformed and will be executed as-is. Please report this to the AutgoGraph team. When filing the bug, set the verbosity to 10 (on Linux, `export AUTOGRAPH_VERBOSITY=10`) and attach the full output. Cause: converting <function wrap_vectorize.<locals>.<lambda> at 0x133205c80>: AttributeError: module 'gast' has no attribute 'Str'
2022-08-08 14:26:10,367 Entity <function wrap_vectorize.<locals>.<lambda> at 0x133205ea0> could not be transformed and will be executed as-is. Please report this to the AutgoGraph team. When filing the bug, set the verbosity to 10 (on Linux, `export AUTOGRAPH_VERBOSITY=10`) and attach the full output. Cause: converting <function wrap_vectorize.<locals>.<lambda> at 0x133205ea0>: AttributeError: module 'gast' has no attribute 'Str'
2022-08-08 14:26:10,452 Entity <function wrap_vectorize.<locals>.<lambda> at 0x133205ea0> could not be transformed and will be executed as-is. Please report this to the AutgoGraph team. When filing the bug, set the verbosity to 10 (on Linux, `export AUTOGRAPH_VERBOSITY=10`) and attach the full output. Cause: converting <function wrap_vectorize.<locals>.<lambda> at 0x133205ea0>: AttributeError: module 'gast' has no attribute 'Str'
2022-08-08 14:26:10,493 Entity <function wrap_vectorize.<locals>.<lambda> at 0x1334fe158> could not be transformed and will be executed as-is. Please report this to the AutgoGraph team. When filing the bug, set the verbosity to 10 (on Linux, `export AUTOGRAPH_VERBOSITY=10`) and attach the full output. Cause: converting <function wrap_vectorize.<locals>.<lambda> at 0x1334fe158>: AttributeError: module 'gast' has no attribute 'Str'
2022-08-08 14:26:10,532 Entity <function wrap_vectorize.<locals>.<lambda> at 0x1334fe158> could not be transformed and will be executed as-is. Please report this to the AutgoGraph team. When filing the bug, set the verbosity to 10 (on Linux, `export AUTOGRAPH_VERBOSITY=10`) and attach the full output. Cause: converting <function wrap_vectorize.<locals>.<lambda> at 0x1334fe158>: AttributeError: module 'gast' has no attribute 'Str'
2022-08-08 14:26:10,689 Entity <function wrap_vectorize.<locals>.<lambda> at 0x1334fe840> could not be transformed and will be executed as-is. Please report this to the AutgoGraph team. When filing the bug, set the verbosity to 10 (on Linux, `export AUTOGRAPH_VERBOSITY=10`) and attach the full output. Cause: converting <function wrap_vectorize.<locals>.<lambda> at 0x1334fe840>: AttributeError: module 'gast' has no attribute 'Str'
2022-08-08 14:26:10,752 Entity <function wrap_vectorize.<locals>.<lambda> at 0x133570b70> could not be transformed and will be executed as-is. Please report this to the AutgoGraph team. When filing the bug, set the verbosity to 10 (on Linux, `export AUTOGRAPH_VERBOSITY=10`) and attach the full output. Cause: converting <function wrap_vectorize.<locals>.<lambda> at 0x133570b70>: AttributeError: module 'gast' has no attribute 'Str'
2022-08-08 14:26:10,783 Entity <function wrap_vectorize.<locals>.<lambda> at 0x133570d90> could not be transformed and will be executed as-is. Please report this to the AutgoGraph team. When filing the bug, set the verbosity to 10 (on Linux, `export AUTOGRAPH_VERBOSITY=10`) and attach the full output. Cause: converting <function wrap_vectorize.<locals>.<lambda> at 0x133570d90>: AttributeError: module 'gast' has no attribute 'Str'
2022-08-08 14:26:10,821 Entity <function wrap_vectorize.<locals>.<lambda> at 0x133570d90> could not be transformed and will be executed as-is. Please report this to the AutgoGraph team. When filing the bug, set the verbosity to 10 (on Linux, `export AUTOGRAPH_VERBOSITY=10`) and attach the full output. Cause: converting <function wrap_vectorize.<locals>.<lambda> at 0x133570d90>: AttributeError: module 'gast' has no attribute 'Str'
2022-08-08 14:26:10,862 Entity <function wrap_vectorize.<locals>.<lambda> at 0x13386c048> could not be transformed and will be executed as-is. Please report this to the AutgoGraph team. When filing the bug, set the verbosity to 10 (on Linux, `export AUTOGRAPH_VERBOSITY=10`) and attach the full output. Cause: converting <function wrap_vectorize.<locals>.<lambda> at 0x13386c048>: AttributeError: module 'gast' has no attribute 'Str'
2022-08-08 14:26:10,895 Entity <function wrap_vectorize.<locals>.<lambda> at 0x13386c378> could not be transformed and will be executed as-is. Please report this to the AutgoGraph team. When filing the bug, set the verbosity to 10 (on Linux, `export AUTOGRAPH_VERBOSITY=10`) and attach the full output. Cause: converting <function wrap_vectorize.<locals>.<lambda> at 0x13386c378>: AttributeError: module 'gast' has no attribute 'Str'
2022-08-08 14:26:11,083 Entity <function wrap_vectorize.<locals>.<lambda> at 0x1338ef488> could not be transformed and will be executed as-is. Please report this to the AutgoGraph team. When filing the bug, set the verbosity to 10 (on Linux, `export AUTOGRAPH_VERBOSITY=10`) and attach the full output. Cause: converting <function wrap_vectorize.<locals>.<lambda> at 0x1338ef488>: AttributeError: module 'gast' has no attribute 'Str'
2022-08-08 14:26:11,115 Entity <function wrap_vectorize.<locals>.<lambda> at 0x1338ef598> could not be transformed and will be executed as-is. Please report this to the AutgoGraph team. When filing the bug, set the verbosity to 10 (on Linux, `export AUTOGRAPH_VERBOSITY=10`) and attach the full output. Cause: converting <function wrap_vectorize.<locals>.<lambda> at 0x1338ef598>: AttributeError: module 'gast' has no attribute 'Str'
2022-08-08 14:26:11,199 Entity <function wrap_vectorize.<locals>.<lambda> at 0x133bab2f0> could not be transformed and will be executed as-is. Please report this to the AutgoGraph team. When filing the bug, set the verbosity to 10 (on Linux, `export AUTOGRAPH_VERBOSITY=10`) and attach the full output. Cause: converting <function wrap_vectorize.<locals>.<lambda> at 0x133bab2f0>: AttributeError: module 'gast' has no attribute 'Str'
2022-08-08 14:26:11,246 Entity <function wrap_vectorize.<locals>.<lambda> at 0x133bab268> could not be transformed and will be executed as-is. Please report this to the AutgoGraph team. When filing the bug, set the verbosity to 10 (on Linux, `export AUTOGRAPH_VERBOSITY=10`) and attach the full output. Cause: converting <function wrap_vectorize.<locals>.<lambda> at 0x133bab268>: AttributeError: module 'gast' has no attribute 'Str'
2022-08-08 14:26:11,276 Entity <function wrap_vectorize.<locals>.<lambda> at 0x133bab598> could not be transformed and will be executed as-is. Please report this to the AutgoGraph team. When filing the bug, set the verbosity to 10 (on Linux, `export AUTOGRAPH_VERBOSITY=10`) and attach the full output. Cause: converting <function wrap_vectorize.<locals>.<lambda> at 0x133bab598>: AttributeError: module 'gast' has no attribute 'Str'
2022-08-08 14:26:11,319 Entity <function wrap_vectorize.<locals>.<lambda> at 0x133babc80> could not be transformed and will be executed as-is. Please report this to the AutgoGraph team. When filing the bug, set the verbosity to 10 (on Linux, `export AUTOGRAPH_VERBOSITY=10`) and attach the full output. Cause: converting <function wrap_vectorize.<locals>.<lambda> at 0x133babc80>: AttributeError: module 'gast' has no attribute 'Str'
2022-08-08 14:26:12,052 
 Running MD Simulation for 100 steps
2022-08-08 14:26:19,368 Number of density samples used:9
2022-08-08 14:26:19,443 Number of positive ions:216.0
2022-08-08 14:26:19,443 Number of negative ions:216
2022-08-08 14:26:19,542 Entity <function wrap_vectorize.<locals>.<lambda> at 0x1311508c8> could not be transformed and will be executed as-is. Please report this to the AutgoGraph team. When filing the bug, set the verbosity to 10 (on Linux, `export AUTOGRAPH_VERBOSITY=10`) and attach the full output. Cause: converting <function wrap_vectorize.<locals>.<lambda> at 0x1311508c8>: AttributeError: module 'gast' has no attribute 'Str'
2022-08-08 14:26:19,602 Entity <function wrap_vectorize.<locals>.<lambda> at 0x1340c6e18> could not be transformed and will be executed as-is. Please report this to the AutgoGraph team. When filing the bug, set the verbosity to 10 (on Linux, `export AUTOGRAPH_VERBOSITY=10`) and attach the full output. Cause: converting <function wrap_vectorize.<locals>.<lambda> at 0x1340c6e18>: AttributeError: module 'gast' has no attribute 'Str'
2022-08-08 14:26:19,640 Entity <function wrap_vectorize.<locals>.<lambda> at 0x1340c6ea0> could not be transformed and will be executed as-is. Please report this to the AutgoGraph team. When filing the bug, set the verbosity to 10 (on Linux, `export AUTOGRAPH_VERBOSITY=10`) and attach the full output. Cause: converting <function wrap_vectorize.<locals>.<lambda> at 0x1340c6ea0>: AttributeError: module 'gast' has no attribute 'Str'
2022-08-08 14:26:19,683 Entity <function wrap_vectorize.<locals>.<lambda> at 0x1340c68c8> could not be transformed and will be executed as-is. Please report this to the AutgoGraph team. When filing the bug, set the verbosity to 10 (on Linux, `export AUTOGRAPH_VERBOSITY=10`) and attach the full output. Cause: converting <function wrap_vectorize.<locals>.<lambda> at 0x1340c68c8>: AttributeError: module 'gast' has no attribute 'Str'
2022-08-08 14:26:19,723 Entity <function wrap_vectorize.<locals>.<lambda> at 0x1341ae6a8> could not be transformed and will be executed as-is. Please report this to the AutgoGraph team. When filing the bug, set the verbosity to 10 (on Linux, `export AUTOGRAPH_VERBOSITY=10`) and attach the full output. Cause: converting <function wrap_vectorize.<locals>.<lambda> at 0x1341ae6a8>: AttributeError: module 'gast' has no attribute 'Str'
2022-08-08 14:26:19,757 Entity <function wrap_vectorize.<locals>.<lambda> at 0x1341aec80> could not be transformed and will be executed as-is. Please report this to the AutgoGraph team. When filing the bug, set the verbosity to 10 (on Linux, `export AUTOGRAPH_VERBOSITY=10`) and attach the full output. Cause: converting <function wrap_vectorize.<locals>.<lambda> at 0x1341aec80>: AttributeError: module 'gast' has no attribute 'Str'
2022-08-08 14:26:19,829 Total_surface_charge:-0.0
charge_meshpoint:-0.0
2022-08-08 14:26:19,830 Charge density:-0.0
2022-08-08 14:26:19,830 Dielectric constant of water 80
2022-08-08 14:26:19,830 Unit length 0.55
2022-08-08 14:26:19,830 Unit of mass 3.8409999999999993e-23
2022-08-08 14:26:19,830 Unit of energy 4.114486e-14
2022-08-08 14:26:19,830 Unit time 5.314067280204312e-09
2022-08-08 14:26:19,830 Simulation box dimensions (in reduced units) x | y | z 27.27272727272727|27.27272727272727|7.2727272727272725
2022-08-08 14:26:19,830 Box dimensions (in nanometers) x | y | z 15.0|15.0|4.0
2022-08-08 14:26:19,830 Permittivity inside and outside the confinement (channel) 80,80
2022-08-08 14:26:19,830 Dielectric contrast across interfaces 0.0
2022-08-08 14:26:19,830 Positive (+) ion valency 1.0
2022-08-08 14:26:19,830 Negative (-) ion valency -1.0
2022-08-08 14:26:19,830 Valency of counter ions is 1
2022-08-08 14:26:19,830 positive ion diameter (red. units) 1.0
2022-08-08 14:26:19,830 negative ion diameter (red. units) 1.0
2022-08-08 14:26:19,830 counter ion diameter (red units) 1.0
2022-08-08 14:26:19,830 In MD, charge density -0.0
2022-08-08 14:26:19,830 Ion (salt) concentration (c) inside 0.4 M
2022-08-08 14:26:19,830 Debye length 0.8743621157328897
2022-08-08 14:26:19,830 Mean separation between ions 2.322149795131979
2022-08-08 14:26:19,830 Temperature (in Kelvin) 298
2022-08-08 14:26:19,830 Binning width (uniform) 0.050156739811912224
2022-08-08 14:26:19,830 Number of bins147
2022-08-08 14:26:19,830 Number of points discretizing the left and right planar walls/interfaces/surfaces 1764 1764
2022-08-08 14:26:19,830 Number of ions 432.0
2022-08-08 14:26:19,830 Number of counter ions 0.0
2022-08-08 14:26:19,831 Time step in the simulation0.001
2022-08-08 14:26:19,840 Entity <function wrap_vectorize.<locals>.<lambda> at 0x1341aec80> could not be transformed and will be executed as-is. Please report this to the AutgoGraph team. When filing the bug, set the verbosity to 10 (on Linux, `export AUTOGRAPH_VERBOSITY=10`) and attach the full output. Cause: converting <function wrap_vectorize.<locals>.<lambda> at 0x1341aec80>: AttributeError: module 'gast' has no attribute 'Str'
2022-08-08 14:26:19,912 Entity <function wrap_vectorize.<locals>.<lambda> at 0x1341aec80> could not be transformed and will be executed as-is. Please report this to the AutgoGraph team. When filing the bug, set the verbosity to 10 (on Linux, `export AUTOGRAPH_VERBOSITY=10`) and attach the full output. Cause: converting <function wrap_vectorize.<locals>.<lambda> at 0x1341aec80>: AttributeError: module 'gast' has no attribute 'Str'
2022-08-08 14:26:19,945 Entity <function wrap_vectorize.<locals>.<lambda> at 0x1341ae8c8> could not be transformed and will be executed as-is. Please report this to the AutgoGraph team. When filing the bug, set the verbosity to 10 (on Linux, `export AUTOGRAPH_VERBOSITY=10`) and attach the full output. Cause: converting <function wrap_vectorize.<locals>.<lambda> at 0x1341ae8c8>: AttributeError: module 'gast' has no attribute 'Str'
2022-08-08 14:26:19,983 Entity <function wrap_vectorize.<locals>.<lambda> at 0x13475cd08> could not be transformed and will be executed as-is. Please report this to the AutgoGraph team. When filing the bug, set the verbosity to 10 (on Linux, `export AUTOGRAPH_VERBOSITY=10`) and attach the full output. Cause: converting <function wrap_vectorize.<locals>.<lambda> at 0x13475cd08>: AttributeError: module 'gast' has no attribute 'Str'
2022-08-08 14:26:20,023 Entity <function wrap_vectorize.<locals>.<lambda> at 0x13475cbf8> could not be transformed and will be executed as-is. Please report this to the AutgoGraph team. When filing the bug, set the verbosity to 10 (on Linux, `export AUTOGRAPH_VERBOSITY=10`) and attach the full output. Cause: converting <function wrap_vectorize.<locals>.<lambda> at 0x13475cbf8>: AttributeError: module 'gast' has no attribute 'Str'
2022-08-08 14:26:20,058 Entity <function wrap_vectorize.<locals>.<lambda> at 0x1347d8730> could not be transformed and will be executed as-is. Please report this to the AutgoGraph team. When filing the bug, set the verbosity to 10 (on Linux, `export AUTOGRAPH_VERBOSITY=10`) and attach the full output. Cause: converting <function wrap_vectorize.<locals>.<lambda> at 0x1347d8730>: AttributeError: module 'gast' has no attribute 'Str'
2022-08-08 14:26:21,208 initial KE:0.0
2022-08-08 14:26:21,260 Entity <function wrap_vectorize.<locals>.<lambda> at 0x1347d8bf8> could not be transformed and will be executed as-is. Please report this to the AutgoGraph team. When filing the bug, set the verbosity to 10 (on Linux, `export AUTOGRAPH_VERBOSITY=10`) and attach the full output. Cause: converting <function wrap_vectorize.<locals>.<lambda> at 0x1347d8bf8>: AttributeError: module 'gast' has no attribute 'Str'
2022-08-08 14:26:21,320 Entity <function wrap_vectorize.<locals>.<lambda> at 0x1342bf8c8> could not be transformed and will be executed as-is. Please report this to the AutgoGraph team. When filing the bug, set the verbosity to 10 (on Linux, `export AUTOGRAPH_VERBOSITY=10`) and attach the full output. Cause: converting <function wrap_vectorize.<locals>.<lambda> at 0x1342bf8c8>: AttributeError: module 'gast' has no attribute 'Str'
2022-08-08 14:26:21,357 Entity <function wrap_vectorize.<locals>.<lambda> at 0x1342bf840> could not be transformed and will be executed as-is. Please report this to the AutgoGraph team. When filing the bug, set the verbosity to 10 (on Linux, `export AUTOGRAPH_VERBOSITY=10`) and attach the full output. Cause: converting <function wrap_vectorize.<locals>.<lambda> at 0x1342bf840>: AttributeError: module 'gast' has no attribute 'Str'
2022-08-08 14:26:21,407 Entity <function wrap_vectorize.<locals>.<lambda> at 0x1342bf840> could not be transformed and will be executed as-is. Please report this to the AutgoGraph team. When filing the bug, set the verbosity to 10 (on Linux, `export AUTOGRAPH_VERBOSITY=10`) and attach the full output. Cause: converting <function wrap_vectorize.<locals>.<lambda> at 0x1342bf840>: AttributeError: module 'gast' has no attribute 'Str'
2022-08-08 14:26:21,456 Entity <function wrap_vectorize.<locals>.<lambda> at 0x1347a2400> could not be transformed and will be executed as-is. Please report this to the AutgoGraph team. When filing the bug, set the verbosity to 10 (on Linux, `export AUTOGRAPH_VERBOSITY=10`) and attach the full output. Cause: converting <function wrap_vectorize.<locals>.<lambda> at 0x1347a2400>: AttributeError: module 'gast' has no attribute 'Str'
2022-08-08 14:26:21,500 Entity <function wrap_vectorize.<locals>.<lambda> at 0x1347a2400> could not be transformed and will be executed as-is. Please report this to the AutgoGraph team. When filing the bug, set the verbosity to 10 (on Linux, `export AUTOGRAPH_VERBOSITY=10`) and attach the full output. Cause: converting <function wrap_vectorize.<locals>.<lambda> at 0x1347a2400>: AttributeError: module 'gast' has no attribute 'Str'
2022-08-08 14:26:21,671 Entity <function wrap_vectorize.<locals>.<lambda> at 0x1348a3620> could not be transformed and will be executed as-is. Please report this to the AutgoGraph team. When filing the bug, set the verbosity to 10 (on Linux, `export AUTOGRAPH_VERBOSITY=10`) and attach the full output. Cause: converting <function wrap_vectorize.<locals>.<lambda> at 0x1348a3620>: AttributeError: module 'gast' has no attribute 'Str'
2022-08-08 14:26:21,729 Entity <function wrap_vectorize.<locals>.<lambda> at 0x1348a39d8> could not be transformed and will be executed as-is. Please report this to the AutgoGraph team. When filing the bug, set the verbosity to 10 (on Linux, `export AUTOGRAPH_VERBOSITY=10`) and attach the full output. Cause: converting <function wrap_vectorize.<locals>.<lambda> at 0x1348a39d8>: AttributeError: module 'gast' has no attribute 'Str'
2022-08-08 14:26:21,766 Entity <function wrap_vectorize.<locals>.<lambda> at 0x1348a3c80> could not be transformed and will be executed as-is. Please report this to the AutgoGraph team. When filing the bug, set the verbosity to 10 (on Linux, `export AUTOGRAPH_VERBOSITY=10`) and attach the full output. Cause: converting <function wrap_vectorize.<locals>.<lambda> at 0x1348a3c80>: AttributeError: module 'gast' has no attribute 'Str'
2022-08-08 14:26:21,807 Entity <function wrap_vectorize.<locals>.<lambda> at 0x1348a3268> could not be transformed and will be executed as-is. Please report this to the AutgoGraph team. When filing the bug, set the verbosity to 10 (on Linux, `export AUTOGRAPH_VERBOSITY=10`) and attach the full output. Cause: converting <function wrap_vectorize.<locals>.<lambda> at 0x1348a3268>: AttributeError: module 'gast' has no attribute 'Str'
2022-08-08 14:26:21,849 Entity <function wrap_vectorize.<locals>.<lambda> at 0x134b4f158> could not be transformed and will be executed as-is. Please report this to the AutgoGraph team. When filing the bug, set the verbosity to 10 (on Linux, `export AUTOGRAPH_VERBOSITY=10`) and attach the full output. Cause: converting <function wrap_vectorize.<locals>.<lambda> at 0x134b4f158>: AttributeError: module 'gast' has no attribute 'Str'
2022-08-08 14:26:21,884 Entity <function wrap_vectorize.<locals>.<lambda> at 0x134b4fea0> could not be transformed and will be executed as-is. Please report this to the AutgoGraph team. When filing the bug, set the verbosity to 10 (on Linux, `export AUTOGRAPH_VERBOSITY=10`) and attach the full output. Cause: converting <function wrap_vectorize.<locals>.<lambda> at 0x134b4fea0>: AttributeError: module 'gast' has no attribute 'Str'
2022-08-08 14:26:22,063 Entity <function wrap_vectorize.<locals>.<lambda> at 0x134bfe9d8> could not be transformed and will be executed as-is. Please report this to the AutgoGraph team. When filing the bug, set the verbosity to 10 (on Linux, `export AUTOGRAPH_VERBOSITY=10`) and attach the full output. Cause: converting <function wrap_vectorize.<locals>.<lambda> at 0x134bfe9d8>: AttributeError: module 'gast' has no attribute 'Str'
2022-08-08 14:26:22,125 Entity <function wrap_vectorize.<locals>.<lambda> at 0x134bfe2f0> could not be transformed and will be executed as-is. Please report this to the AutgoGraph team. When filing the bug, set the verbosity to 10 (on Linux, `export AUTOGRAPH_VERBOSITY=10`) and attach the full output. Cause: converting <function wrap_vectorize.<locals>.<lambda> at 0x134bfe2f0>: AttributeError: module 'gast' has no attribute 'Str'
2022-08-08 14:26:22,156 Entity <function wrap_vectorize.<locals>.<lambda> at 0x134bfe730> could not be transformed and will be executed as-is. Please report this to the AutgoGraph team. When filing the bug, set the verbosity to 10 (on Linux, `export AUTOGRAPH_VERBOSITY=10`) and attach the full output. Cause: converting <function wrap_vectorize.<locals>.<lambda> at 0x134bfe730>: AttributeError: module 'gast' has no attribute 'Str'
2022-08-08 14:26:22,195 Entity <function wrap_vectorize.<locals>.<lambda> at 0x134c8a488> could not be transformed and will be executed as-is. Please report this to the AutgoGraph team. When filing the bug, set the verbosity to 10 (on Linux, `export AUTOGRAPH_VERBOSITY=10`) and attach the full output. Cause: converting <function wrap_vectorize.<locals>.<lambda> at 0x134c8a488>: AttributeError: module 'gast' has no attribute 'Str'
2022-08-08 14:26:22,236 Entity <function wrap_vectorize.<locals>.<lambda> at 0x134e78510> could not be transformed and will be executed as-is. Please report this to the AutgoGraph team. When filing the bug, set the verbosity to 10 (on Linux, `export AUTOGRAPH_VERBOSITY=10`) and attach the full output. Cause: converting <function wrap_vectorize.<locals>.<lambda> at 0x134e78510>: AttributeError: module 'gast' has no attribute 'Str'
2022-08-08 14:26:22,270 Entity <function wrap_vectorize.<locals>.<lambda> at 0x134f59620> could not be transformed and will be executed as-is. Please report this to the AutgoGraph team. When filing the bug, set the verbosity to 10 (on Linux, `export AUTOGRAPH_VERBOSITY=10`) and attach the full output. Cause: converting <function wrap_vectorize.<locals>.<lambda> at 0x134f59620>: AttributeError: module 'gast' has no attribute 'Str'
2022-08-08 14:26:22,449 Entity <function wrap_vectorize.<locals>.<lambda> at 0x134f59d90> could not be transformed and will be executed as-is. Please report this to the AutgoGraph team. When filing the bug, set the verbosity to 10 (on Linux, `export AUTOGRAPH_VERBOSITY=10`) and attach the full output. Cause: converting <function wrap_vectorize.<locals>.<lambda> at 0x134f59d90>: AttributeError: module 'gast' has no attribute 'Str'
2022-08-08 14:26:22,616 Entity <function wrap_vectorize.<locals>.<lambda> at 0x134fac840> could not be transformed and will be executed as-is. Please report this to the AutgoGraph team. When filing the bug, set the verbosity to 10 (on Linux, `export AUTOGRAPH_VERBOSITY=10`) and attach the full output. Cause: converting <function wrap_vectorize.<locals>.<lambda> at 0x134fac840>: AttributeError: module 'gast' has no attribute 'Str'
2022-08-08 14:26:22,647 Entity <function wrap_vectorize.<locals>.<lambda> at 0x134fac048> could not be transformed and will be executed as-is. Please report this to the AutgoGraph team. When filing the bug, set the verbosity to 10 (on Linux, `export AUTOGRAPH_VERBOSITY=10`) and attach the full output. Cause: converting <function wrap_vectorize.<locals>.<lambda> at 0x134fac048>: AttributeError: module 'gast' has no attribute 'Str'
2022-08-08 14:26:22,686 Entity <function wrap_vectorize.<locals>.<lambda> at 0x134faca60> could not be transformed and will be executed as-is. Please report this to the AutgoGraph team. When filing the bug, set the verbosity to 10 (on Linux, `export AUTOGRAPH_VERBOSITY=10`) and attach the full output. Cause: converting <function wrap_vectorize.<locals>.<lambda> at 0x134faca60>: AttributeError: module 'gast' has no attribute 'Str'
2022-08-08 14:26:22,726 Entity <function wrap_vectorize.<locals>.<lambda> at 0x1351a6c80> could not be transformed and will be executed as-is. Please report this to the AutgoGraph team. When filing the bug, set the verbosity to 10 (on Linux, `export AUTOGRAPH_VERBOSITY=10`) and attach the full output. Cause: converting <function wrap_vectorize.<locals>.<lambda> at 0x1351a6c80>: AttributeError: module 'gast' has no attribute 'Str'
2022-08-08 14:26:22,759 Entity <function wrap_vectorize.<locals>.<lambda> at 0x135280840> could not be transformed and will be executed as-is. Please report this to the AutgoGraph team. When filing the bug, set the verbosity to 10 (on Linux, `export AUTOGRAPH_VERBOSITY=10`) and attach the full output. Cause: converting <function wrap_vectorize.<locals>.<lambda> at 0x135280840>: AttributeError: module 'gast' has no attribute 'Str'
2022-08-08 14:26:22,935 Entity <function wrap_vectorize.<locals>.<lambda> at 0x135280510> could not be transformed and will be executed as-is. Please report this to the AutgoGraph team. When filing the bug, set the verbosity to 10 (on Linux, `export AUTOGRAPH_VERBOSITY=10`) and attach the full output. Cause: converting <function wrap_vectorize.<locals>.<lambda> at 0x135280510>: AttributeError: module 'gast' has no attribute 'Str'
2022-08-08 14:26:22,997 Entity <function wrap_vectorize.<locals>.<lambda> at 0x1352df1e0> could not be transformed and will be executed as-is. Please report this to the AutgoGraph team. When filing the bug, set the verbosity to 10 (on Linux, `export AUTOGRAPH_VERBOSITY=10`) and attach the full output. Cause: converting <function wrap_vectorize.<locals>.<lambda> at 0x1352df1e0>: AttributeError: module 'gast' has no attribute 'Str'
2022-08-08 14:26:23,028 Entity <function wrap_vectorize.<locals>.<lambda> at 0x1352df400> could not be transformed and will be executed as-is. Please report this to the AutgoGraph team. When filing the bug, set the verbosity to 10 (on Linux, `export AUTOGRAPH_VERBOSITY=10`) and attach the full output. Cause: converting <function wrap_vectorize.<locals>.<lambda> at 0x1352df400>: AttributeError: module 'gast' has no attribute 'Str'
2022-08-08 14:26:23,067 Entity <function wrap_vectorize.<locals>.<lambda> at 0x1352dfc80> could not be transformed and will be executed as-is. Please report this to the AutgoGraph team. When filing the bug, set the verbosity to 10 (on Linux, `export AUTOGRAPH_VERBOSITY=10`) and attach the full output. Cause: converting <function wrap_vectorize.<locals>.<lambda> at 0x1352dfc80>: AttributeError: module 'gast' has no attribute 'Str'
2022-08-08 14:26:23,108 Entity <function wrap_vectorize.<locals>.<lambda> at 0x135598268> could not be transformed and will be executed as-is. Please report this to the AutgoGraph team. When filing the bug, set the verbosity to 10 (on Linux, `export AUTOGRAPH_VERBOSITY=10`) and attach the full output. Cause: converting <function wrap_vectorize.<locals>.<lambda> at 0x135598268>: AttributeError: module 'gast' has no attribute 'Str'
2022-08-08 14:26:23,142 Entity <function wrap_vectorize.<locals>.<lambda> at 0x135598f28> could not be transformed and will be executed as-is. Please report this to the AutgoGraph team. When filing the bug, set the verbosity to 10 (on Linux, `export AUTOGRAPH_VERBOSITY=10`) and attach the full output. Cause: converting <function wrap_vectorize.<locals>.<lambda> at 0x135598f28>: AttributeError: module 'gast' has no attribute 'Str'
2022-08-08 14:26:23,322 Entity <function wrap_vectorize.<locals>.<lambda> at 0x1355fd730> could not be transformed and will be executed as-is. Please report this to the AutgoGraph team. When filing the bug, set the verbosity to 10 (on Linux, `export AUTOGRAPH_VERBOSITY=10`) and attach the full output. Cause: converting <function wrap_vectorize.<locals>.<lambda> at 0x1355fd730>: AttributeError: module 'gast' has no attribute 'Str'
2022-08-08 14:26:23,383 Entity <function wrap_vectorize.<locals>.<lambda> at 0x1355fd7b8> could not be transformed and will be executed as-is. Please report this to the AutgoGraph team. When filing the bug, set the verbosity to 10 (on Linux, `export AUTOGRAPH_VERBOSITY=10`) and attach the full output. Cause: converting <function wrap_vectorize.<locals>.<lambda> at 0x1355fd7b8>: AttributeError: module 'gast' has no attribute 'Str'
2022-08-08 14:26:23,418 Entity <function wrap_vectorize.<locals>.<lambda> at 0x1355fd2f0> could not be transformed and will be executed as-is. Please report this to the AutgoGraph team. When filing the bug, set the verbosity to 10 (on Linux, `export AUTOGRAPH_VERBOSITY=10`) and attach the full output. Cause: converting <function wrap_vectorize.<locals>.<lambda> at 0x1355fd2f0>: AttributeError: module 'gast' has no attribute 'Str'
2022-08-08 14:26:23,458 Entity <function wrap_vectorize.<locals>.<lambda> at 0x1355fdc80> could not be transformed and will be executed as-is. Please report this to the AutgoGraph team. When filing the bug, set the verbosity to 10 (on Linux, `export AUTOGRAPH_VERBOSITY=10`) and attach the full output. Cause: converting <function wrap_vectorize.<locals>.<lambda> at 0x1355fdc80>: AttributeError: module 'gast' has no attribute 'Str'
2022-08-08 14:26:23,503 Entity <function wrap_vectorize.<locals>.<lambda> at 0x1358b1510> could not be transformed and will be executed as-is. Please report this to the AutgoGraph team. When filing the bug, set the verbosity to 10 (on Linux, `export AUTOGRAPH_VERBOSITY=10`) and attach the full output. Cause: converting <function wrap_vectorize.<locals>.<lambda> at 0x1358b1510>: AttributeError: module 'gast' has no attribute 'Str'
2022-08-08 14:26:23,538 Entity <function wrap_vectorize.<locals>.<lambda> at 0x1358b1e18> could not be transformed and will be executed as-is. Please report this to the AutgoGraph team. When filing the bug, set the verbosity to 10 (on Linux, `export AUTOGRAPH_VERBOSITY=10`) and attach the full output. Cause: converting <function wrap_vectorize.<locals>.<lambda> at 0x1358b1e18>: AttributeError: module 'gast' has no attribute 'Str'
2022-08-08 14:26:23,708 Entity <function wrap_vectorize.<locals>.<lambda> at 0x13594f950> could not be transformed and will be executed as-is. Please report this to the AutgoGraph team. When filing the bug, set the verbosity to 10 (on Linux, `export AUTOGRAPH_VERBOSITY=10`) and attach the full output. Cause: converting <function wrap_vectorize.<locals>.<lambda> at 0x13594f950>: AttributeError: module 'gast' has no attribute 'Str'
2022-08-08 14:26:23,769 Entity <function wrap_vectorize.<locals>.<lambda> at 0x13594f268> could not be transformed and will be executed as-is. Please report this to the AutgoGraph team. When filing the bug, set the verbosity to 10 (on Linux, `export AUTOGRAPH_VERBOSITY=10`) and attach the full output. Cause: converting <function wrap_vectorize.<locals>.<lambda> at 0x13594f268>: AttributeError: module 'gast' has no attribute 'Str'
2022-08-08 14:26:23,799 Entity <function wrap_vectorize.<locals>.<lambda> at 0x13594f6a8> could not be transformed and will be executed as-is. Please report this to the AutgoGraph team. When filing the bug, set the verbosity to 10 (on Linux, `export AUTOGRAPH_VERBOSITY=10`) and attach the full output. Cause: converting <function wrap_vectorize.<locals>.<lambda> at 0x13594f6a8>: AttributeError: module 'gast' has no attribute 'Str'
2022-08-08 14:26:23,839 Entity <function wrap_vectorize.<locals>.<lambda> at 0x135b1d400> could not be transformed and will be executed as-is. Please report this to the AutgoGraph team. When filing the bug, set the verbosity to 10 (on Linux, `export AUTOGRAPH_VERBOSITY=10`) and attach the full output. Cause: converting <function wrap_vectorize.<locals>.<lambda> at 0x135b1d400>: AttributeError: module 'gast' has no attribute 'Str'
2022-08-08 14:26:23,880 Entity <function wrap_vectorize.<locals>.<lambda> at 0x135bca488> could not be transformed and will be executed as-is. Please report this to the AutgoGraph team. When filing the bug, set the verbosity to 10 (on Linux, `export AUTOGRAPH_VERBOSITY=10`) and attach the full output. Cause: converting <function wrap_vectorize.<locals>.<lambda> at 0x135bca488>: AttributeError: module 'gast' has no attribute 'Str'
2022-08-08 14:26:23,914 Entity <function wrap_vectorize.<locals>.<lambda> at 0x135ca9598> could not be transformed and will be executed as-is. Please report this to the AutgoGraph team. When filing the bug, set the verbosity to 10 (on Linux, `export AUTOGRAPH_VERBOSITY=10`) and attach the full output. Cause: converting <function wrap_vectorize.<locals>.<lambda> at 0x135ca9598>: AttributeError: module 'gast' has no attribute 'Str'
2022-08-08 14:26:24,096 Entity <function wrap_vectorize.<locals>.<lambda> at 0x135ca9d08> could not be transformed and will be executed as-is. Please report this to the AutgoGraph team. When filing the bug, set the verbosity to 10 (on Linux, `export AUTOGRAPH_VERBOSITY=10`) and attach the full output. Cause: converting <function wrap_vectorize.<locals>.<lambda> at 0x135ca9d08>: AttributeError: module 'gast' has no attribute 'Str'
2022-08-08 14:26:24,155 Entity <function wrap_vectorize.<locals>.<lambda> at 0x135cff7b8> could not be transformed and will be executed as-is. Please report this to the AutgoGraph team. When filing the bug, set the verbosity to 10 (on Linux, `export AUTOGRAPH_VERBOSITY=10`) and attach the full output. Cause: converting <function wrap_vectorize.<locals>.<lambda> at 0x135cff7b8>: AttributeError: module 'gast' has no attribute 'Str'
2022-08-08 14:26:24,191 Entity <function wrap_vectorize.<locals>.<lambda> at 0x135cff840> could not be transformed and will be executed as-is. Please report this to the AutgoGraph team. When filing the bug, set the verbosity to 10 (on Linux, `export AUTOGRAPH_VERBOSITY=10`) and attach the full output. Cause: converting <function wrap_vectorize.<locals>.<lambda> at 0x135cff840>: AttributeError: module 'gast' has no attribute 'Str'
2022-08-08 14:26:24,233 Entity <function wrap_vectorize.<locals>.<lambda> at 0x135cff9d8> could not be transformed and will be executed as-is. Please report this to the AutgoGraph team. When filing the bug, set the verbosity to 10 (on Linux, `export AUTOGRAPH_VERBOSITY=10`) and attach the full output. Cause: converting <function wrap_vectorize.<locals>.<lambda> at 0x135cff9d8>: AttributeError: module 'gast' has no attribute 'Str'
2022-08-08 14:26:24,273 Entity <function wrap_vectorize.<locals>.<lambda> at 0x135f09bf8> could not be transformed and will be executed as-is. Please report this to the AutgoGraph team. When filing the bug, set the verbosity to 10 (on Linux, `export AUTOGRAPH_VERBOSITY=10`) and attach the full output. Cause: converting <function wrap_vectorize.<locals>.<lambda> at 0x135f09bf8>: AttributeError: module 'gast' has no attribute 'Str'
2022-08-08 14:26:24,307 Entity <function wrap_vectorize.<locals>.<lambda> at 0x135ff07b8> could not be transformed and will be executed as-is. Please report this to the AutgoGraph team. When filing the bug, set the verbosity to 10 (on Linux, `export AUTOGRAPH_VERBOSITY=10`) and attach the full output. Cause: converting <function wrap_vectorize.<locals>.<lambda> at 0x135ff07b8>: AttributeError: module 'gast' has no attribute 'Str'
2022-08-08 14:26:24,480 Entity <function wrap_vectorize.<locals>.<lambda> at 0x135ff0488> could not be transformed and will be executed as-is. Please report this to the AutgoGraph team. When filing the bug, set the verbosity to 10 (on Linux, `export AUTOGRAPH_VERBOSITY=10`) and attach the full output. Cause: converting <function wrap_vectorize.<locals>.<lambda> at 0x135ff0488>: AttributeError: module 'gast' has no attribute 'Str'
2022-08-08 14:26:24,538 Entity <function wrap_vectorize.<locals>.<lambda> at 0x1360542f0> could not be transformed and will be executed as-is. Please report this to the AutgoGraph team. When filing the bug, set the verbosity to 10 (on Linux, `export AUTOGRAPH_VERBOSITY=10`) and attach the full output. Cause: converting <function wrap_vectorize.<locals>.<lambda> at 0x1360542f0>: AttributeError: module 'gast' has no attribute 'Str'
2022-08-08 14:26:24,567 Entity <function wrap_vectorize.<locals>.<lambda> at 0x136054510> could not be transformed and will be executed as-is. Please report this to the AutgoGraph team. When filing the bug, set the verbosity to 10 (on Linux, `export AUTOGRAPH_VERBOSITY=10`) and attach the full output. Cause: converting <function wrap_vectorize.<locals>.<lambda> at 0x136054510>: AttributeError: module 'gast' has no attribute 'Str'
2022-08-08 14:26:24,605 Entity <function wrap_vectorize.<locals>.<lambda> at 0x136054bf8> could not be transformed and will be executed as-is. Please report this to the AutgoGraph team. When filing the bug, set the verbosity to 10 (on Linux, `export AUTOGRAPH_VERBOSITY=10`) and attach the full output. Cause: converting <function wrap_vectorize.<locals>.<lambda> at 0x136054bf8>: AttributeError: module 'gast' has no attribute 'Str'
2022-08-08 14:26:24,645 Entity <function wrap_vectorize.<locals>.<lambda> at 0x136310378> could not be transformed and will be executed as-is. Please report this to the AutgoGraph team. When filing the bug, set the verbosity to 10 (on Linux, `export AUTOGRAPH_VERBOSITY=10`) and attach the full output. Cause: converting <function wrap_vectorize.<locals>.<lambda> at 0x136310378>: AttributeError: module 'gast' has no attribute 'Str'
2022-08-08 14:26:24,678 Entity <function wrap_vectorize.<locals>.<lambda> at 0x136310b70> could not be transformed and will be executed as-is. Please report this to the AutgoGraph team. When filing the bug, set the verbosity to 10 (on Linux, `export AUTOGRAPH_VERBOSITY=10`) and attach the full output. Cause: converting <function wrap_vectorize.<locals>.<lambda> at 0x136310b70>: AttributeError: module 'gast' has no attribute 'Str'
2022-08-08 14:26:24,961 Entity <function wrap_vectorize.<locals>.<lambda> at 0x1363846a8> could not be transformed and will be executed as-is. Please report this to the AutgoGraph team. When filing the bug, set the verbosity to 10 (on Linux, `export AUTOGRAPH_VERBOSITY=10`) and attach the full output. Cause: converting <function wrap_vectorize.<locals>.<lambda> at 0x1363846a8>: AttributeError: module 'gast' has no attribute 'Str'
2022-08-08 14:26:25,020 Entity <function wrap_vectorize.<locals>.<lambda> at 0x136384840> could not be transformed and will be executed as-is. Please report this to the AutgoGraph team. When filing the bug, set the verbosity to 10 (on Linux, `export AUTOGRAPH_VERBOSITY=10`) and attach the full output. Cause: converting <function wrap_vectorize.<locals>.<lambda> at 0x136384840>: AttributeError: module 'gast' has no attribute 'Str'
2022-08-08 14:26:25,049 Entity <function wrap_vectorize.<locals>.<lambda> at 0x1363842f0> could not be transformed and will be executed as-is. Please report this to the AutgoGraph team. When filing the bug, set the verbosity to 10 (on Linux, `export AUTOGRAPH_VERBOSITY=10`) and attach the full output. Cause: converting <function wrap_vectorize.<locals>.<lambda> at 0x1363842f0>: AttributeError: module 'gast' has no attribute 'Str'
2022-08-08 14:26:25,088 Entity <function wrap_vectorize.<locals>.<lambda> at 0x136384b70> could not be transformed and will be executed as-is. Please report this to the AutgoGraph team. When filing the bug, set the verbosity to 10 (on Linux, `export AUTOGRAPH_VERBOSITY=10`) and attach the full output. Cause: converting <function wrap_vectorize.<locals>.<lambda> at 0x136384b70>: AttributeError: module 'gast' has no attribute 'Str'
2022-08-08 14:26:25,129 Entity <function wrap_vectorize.<locals>.<lambda> at 0x136627400> could not be transformed and will be executed as-is. Please report this to the AutgoGraph team. When filing the bug, set the verbosity to 10 (on Linux, `export AUTOGRAPH_VERBOSITY=10`) and attach the full output. Cause: converting <function wrap_vectorize.<locals>.<lambda> at 0x136627400>: AttributeError: module 'gast' has no attribute 'Str'
2022-08-08 14:26:25,162 Entity <function wrap_vectorize.<locals>.<lambda> at 0x136627a60> could not be transformed and will be executed as-is. Please report this to the AutgoGraph team. When filing the bug, set the verbosity to 10 (on Linux, `export AUTOGRAPH_VERBOSITY=10`) and attach the full output. Cause: converting <function wrap_vectorize.<locals>.<lambda> at 0x136627a60>: AttributeError: module 'gast' has no attribute 'Str'
2022-08-08 14:26:25,350 Entity <function wrap_vectorize.<locals>.<lambda> at 0x1366c4730> could not be transformed and will be executed as-is. Please report this to the AutgoGraph team. When filing the bug, set the verbosity to 10 (on Linux, `export AUTOGRAPH_VERBOSITY=10`) and attach the full output. Cause: converting <function wrap_vectorize.<locals>.<lambda> at 0x1366c4730>: AttributeError: module 'gast' has no attribute 'Str'
2022-08-08 14:26:25,379 Entity <function wrap_vectorize.<locals>.<lambda> at 0x1366c4d08> could not be transformed and will be executed as-is. Please report this to the AutgoGraph team. When filing the bug, set the verbosity to 10 (on Linux, `export AUTOGRAPH_VERBOSITY=10`) and attach the full output. Cause: converting <function wrap_vectorize.<locals>.<lambda> at 0x1366c4d08>: AttributeError: module 'gast' has no attribute 'Str'
2022-08-08 14:26:25,464 Entity <function wrap_vectorize.<locals>.<lambda> at 0x1369a3510> could not be transformed and will be executed as-is. Please report this to the AutgoGraph team. When filing the bug, set the verbosity to 10 (on Linux, `export AUTOGRAPH_VERBOSITY=10`) and attach the full output. Cause: converting <function wrap_vectorize.<locals>.<lambda> at 0x1369a3510>: AttributeError: module 'gast' has no attribute 'Str'
2022-08-08 14:26:25,511 Entity <function wrap_vectorize.<locals>.<lambda> at 0x1369cb378> could not be transformed and will be executed as-is. Please report this to the AutgoGraph team. When filing the bug, set the verbosity to 10 (on Linux, `export AUTOGRAPH_VERBOSITY=10`) and attach the full output. Cause: converting <function wrap_vectorize.<locals>.<lambda> at 0x1369cb378>: AttributeError: module 'gast' has no attribute 'Str'
2022-08-08 14:26:25,541 Entity <function wrap_vectorize.<locals>.<lambda> at 0x1369cb8c8> could not be transformed and will be executed as-is. Please report this to the AutgoGraph team. When filing the bug, set the verbosity to 10 (on Linux, `export AUTOGRAPH_VERBOSITY=10`) and attach the full output. Cause: converting <function wrap_vectorize.<locals>.<lambda> at 0x1369cb8c8>: AttributeError: module 'gast' has no attribute 'Str'
2022-08-08 14:26:25,584 Entity <function wrap_vectorize.<locals>.<lambda> at 0x1369cb7b8> could not be transformed and will be executed as-is. Please report this to the AutgoGraph team. When filing the bug, set the verbosity to 10 (on Linux, `export AUTOGRAPH_VERBOSITY=10`) and attach the full output. Cause: converting <function wrap_vectorize.<locals>.<lambda> at 0x1369cb7b8>: AttributeError: module 'gast' has no attribute 'Str'
2022-08-08 14:26:26,937 
 Running MD Simulation for 100 steps
2022-08-08 14:26:40,360 Number of density samples used:9
